  CALL    scripts/checksyscalls.sh
  CALL    scripts/atomic/check-atomics.sh
warning: generated include/linux/atomic/atomic-long.h has been modified.
warning: generated include/linux/atomic/atomic-arch-fallback.h has been modified.
  CHK     include/generated/compile.h
  CC      arch/x86/kernel/tls.o
In file included from arch/x86/kernel/tls.c:7:
In file included from ./include/linux/syscalls.h:89:
In file included from ./include/linux/tracepoint.h:22:
In file included from ./include/linux/static_call.h:135:
In file included from ./include/linux/cpu.h:17:
In file included from ./include/linux/node.h:18:
In file included from ./include/linux/device.h:30:
./include/linux/device/bus.h:190:63: warning: declaration of 'struct device_node' will not be visible outside of this function [-Wvisibility]
  190 | bus_find_device_by_of_node(struct bus_type *bus, const struct device_node *np)
      |                                                               ^
In file included from arch/x86/kernel/tls.c:7:
In file included from ./include/linux/syscalls.h:89:
In file included from ./include/linux/tracepoint.h:22:
In file included from ./include/linux/static_call.h:135:
In file included from ./include/linux/cpu.h:17:
In file included from ./include/linux/node.h:18:
In file included from ./include/linux/device.h:31:
./include/linux/device/class.h:140:64: warning: declaration of 'struct device_node' will not be visible outside of this function [-Wvisibility]
  140 | class_find_device_by_of_node(struct class *class, const struct device_node *np)
      |                                                                ^
In file included from arch/x86/kernel/tls.c:7:
In file included from ./include/linux/syscalls.h:89:
In file included from ./include/linux/tracepoint.h:22:
In file included from ./include/linux/static_call.h:135:
In file included from ./include/linux/cpu.h:17:
In file included from ./include/linux/node.h:18:
In file included from ./include/linux/device.h:32:
./include/linux/device/driver.h:185:23: warning: declaration of 'struct device_node' will not be visible outside of this function [-Wvisibility]
  185 |                               const struct device_node *np)
      |                                            ^
In file included from arch/x86/kernel/tls.c:7:
./include/linux/syscalls.h:132:49: warning: declaration of 'struct trace_event_call' will not be visible outside of this function [-Wvisibility]
  132 | static inline int is_syscall_trace_event(struct trace_event_call *tp_event)
      |                                                 ^
./include/linux/syscalls.h:328:15: warning: declaration of 'struct ipc_namespace' will not be visible outside of this function [-Wvisibility]
  328 |                      struct ipc_namespace *ns);
      |                             ^
5 warnings generated.
  CC      arch/x86/kernel/cpu/common.o
In file included from arch/x86/kernel/cpu/common.c:28:
In file included from ./arch/x86/include/asm/perf_event.h:5:
In file included from ./include/linux/static_call.h:135:
In file included from ./include/linux/cpu.h:17:
In file included from ./include/linux/node.h:18:
In file included from ./include/linux/device.h:30:
./include/linux/device/bus.h:190:63: warning: declaration of 'struct device_node' will not be visible outside of this function [-Wvisibility]
  190 | bus_find_device_by_of_node(struct bus_type *bus, const struct device_node *np)
      |                                                               ^
In file included from arch/x86/kernel/cpu/common.c:28:
In file included from ./arch/x86/include/asm/perf_event.h:5:
In file included from ./include/linux/static_call.h:135:
In file included from ./include/linux/cpu.h:17:
In file included from ./include/linux/node.h:18:
In file included from ./include/linux/device.h:31:
./include/linux/device/class.h:140:64: warning: declaration of 'struct device_node' will not be visible outside of this function [-Wvisibility]
  140 | class_find_device_by_of_node(struct class *class, const struct device_node *np)
      |                                                                ^
In file included from arch/x86/kernel/cpu/common.c:28:
In file included from ./arch/x86/include/asm/perf_event.h:5:
In file included from ./include/linux/static_call.h:135:
In file included from ./include/linux/cpu.h:17:
In file included from ./include/linux/node.h:18:
In file included from ./include/linux/device.h:32:
./include/linux/device/driver.h:185:23: warning: declaration of 'struct device_node' will not be visible outside of this function [-Wvisibility]
  185 |                               const struct device_node *np)
      |                                            ^
In file included from arch/x86/kernel/cpu/common.c:62:
In file included from ./arch/x86/include/asm/traps.h:9:
In file included from ./arch/x86/include/asm/idtentry.h:11:
In file included from ./include/linux/entry-common.h:7:
./include/linux/syscalls.h:132:49: warning: declaration of 'struct trace_event_call' will not be visible outside of this function [-Wvisibility]
  132 | static inline int is_syscall_trace_event(struct trace_event_call *tp_event)
      |                                                 ^
4 warnings generated.
  CC      arch/x86/kernel/cpu/intel.o
In file included from arch/x86/kernel/cpu/intel.c:21:
In file included from ./arch/x86/include/asm/cpu.h:5:
In file included from ./include/linux/device.h:30:
./include/linux/device/bus.h:190:63: warning: declaration of 'struct device_node' will not be visible outside of this function [-Wvisibility]
  190 | bus_find_device_by_of_node(struct bus_type *bus, const struct device_node *np)
      |                                                               ^
In file included from arch/x86/kernel/cpu/intel.c:21:
In file included from ./arch/x86/include/asm/cpu.h:5:
In file included from ./include/linux/device.h:31:
./include/linux/device/class.h:140:64: warning: declaration of 'struct device_node' will not be visible outside of this function [-Wvisibility]
  140 | class_find_device_by_of_node(struct class *class, const struct device_node *np)
      |                                                                ^
In file included from arch/x86/kernel/cpu/intel.c:21:
In file included from ./arch/x86/include/asm/cpu.h:5:
In file included from ./include/linux/device.h:32:
./include/linux/device/driver.h:185:23: warning: declaration of 'struct device_node' will not be visible outside of this function [-Wvisibility]
  185 |                               const struct device_node *np)
      |                                            ^
In file included from arch/x86/kernel/cpu/intel.c:28:
In file included from ./arch/x86/include/asm/traps.h:9:
In file included from ./arch/x86/include/asm/idtentry.h:11:
In file included from ./include/linux/entry-common.h:7:
./include/linux/syscalls.h:132:49: warning: declaration of 'struct trace_event_call' will not be visible outside of this function [-Wvisibility]
  132 | static inline int is_syscall_trace_event(struct trace_event_call *tp_event)
      |                                                 ^
arch/x86/kernel/cpu/intel.c:1087:12: warning: unused function 'splitlock_cpu_offline' [-Wunused-function]
 1087 | static int splitlock_cpu_offline(unsigned int cpu)
      |            ^~~~~~~~~~~~~~~~~~~~~
5 warnings generated.
  AR      arch/x86/kernel/cpu/built-in.a
  CC      arch/x86/kernel/doublefault_32.o
In file included from arch/x86/kernel/doublefault_32.c:11:
In file included from ./arch/x86/include/asm/traps.h:9:
In file included from ./arch/x86/include/asm/idtentry.h:11:
In file included from ./include/linux/entry-common.h:7:
In file included from ./include/linux/syscalls.h:89:
In file included from ./include/linux/tracepoint.h:22:
In file included from ./include/linux/static_call.h:135:
In file included from ./include/linux/cpu.h:17:
In file included from ./include/linux/node.h:18:
In file included from ./include/linux/device.h:30:
./include/linux/device/bus.h:190:63: warning: declaration of 'struct device_node' will not be visible outside of this function [-Wvisibility]
  190 | bus_find_device_by_of_node(struct bus_type *bus, const struct device_node *np)
      |                                                               ^
In file included from arch/x86/kernel/doublefault_32.c:11:
In file included from ./arch/x86/include/asm/traps.h:9:
In file included from ./arch/x86/include/asm/idtentry.h:11:
In file included from ./include/linux/entry-common.h:7:
In file included from ./include/linux/syscalls.h:89:
In file included from ./include/linux/tracepoint.h:22:
In file included from ./include/linux/static_call.h:135:
In file included from ./include/linux/cpu.h:17:
In file included from ./include/linux/node.h:18:
In file included from ./include/linux/device.h:31:
./include/linux/device/class.h:140:64: warning: declaration of 'struct device_node' will not be visible outside of this function [-Wvisibility]
  140 | class_find_device_by_of_node(struct class *class, const struct device_node *np)
      |                                                                ^
In file included from arch/x86/kernel/doublefault_32.c:11:
In file included from ./arch/x86/include/asm/traps.h:9:
In file included from ./arch/x86/include/asm/idtentry.h:11:
In file included from ./include/linux/entry-common.h:7:
In file included from ./include/linux/syscalls.h:89:
In file included from ./include/linux/tracepoint.h:22:
In file included from ./include/linux/static_call.h:135:
In file included from ./include/linux/cpu.h:17:
In file included from ./include/linux/node.h:18:
In file included from ./include/linux/device.h:32:
./include/linux/device/driver.h:185:23: warning: declaration of 'struct device_node' will not be visible outside of this function [-Wvisibility]
  185 |                               const struct device_node *np)
      |                                            ^
In file included from arch/x86/kernel/doublefault_32.c:11:
In file included from ./arch/x86/include/asm/traps.h:9:
In file included from ./arch/x86/include/asm/idtentry.h:11:
In file included from ./include/linux/entry-common.h:7:
./include/linux/syscalls.h:132:49: warning: declaration of 'struct trace_event_call' will not be visible outside of this function [-Wvisibility]
  132 | static inline int is_syscall_trace_event(struct trace_event_call *tp_event)
      |                                                 ^
4 warnings generated.
  AR      arch/x86/kernel/built-in.a
  CC      arch/x86/mm/fault.o
In file included from arch/x86/mm/fault.c:15:
In file included from ./include/linux/perf_event.h:24:
In file included from ./arch/x86/include/asm/perf_event.h:5:
In file included from ./include/linux/static_call.h:135:
In file included from ./include/linux/cpu.h:17:
In file included from ./include/linux/node.h:18:
In file included from ./include/linux/device.h:30:
./include/linux/device/bus.h:190:63: warning: declaration of 'struct device_node' will not be visible outside of this function [-Wvisibility]
  190 | bus_find_device_by_of_node(struct bus_type *bus, const struct device_node *np)
      |                                                               ^
In file included from arch/x86/mm/fault.c:15:
In file included from ./include/linux/perf_event.h:24:
In file included from ./arch/x86/include/asm/perf_event.h:5:
In file included from ./include/linux/static_call.h:135:
In file included from ./include/linux/cpu.h:17:
In file included from ./include/linux/node.h:18:
In file included from ./include/linux/device.h:31:
./include/linux/device/class.h:140:64: warning: declaration of 'struct device_node' will not be visible outside of this function [-Wvisibility]
  140 | class_find_device_by_of_node(struct class *class, const struct device_node *np)
      |                                                                ^
In file included from arch/x86/mm/fault.c:15:
In file included from ./include/linux/perf_event.h:24:
In file included from ./arch/x86/include/asm/perf_event.h:5:
In file included from ./include/linux/static_call.h:135:
In file included from ./include/linux/cpu.h:17:
In file included from ./include/linux/node.h:18:
In file included from ./include/linux/device.h:32:
./include/linux/device/driver.h:185:23: warning: declaration of 'struct device_node' will not be visible outside of this function [-Wvisibility]
  185 |                               const struct device_node *np)
      |                                            ^
In file included from arch/x86/mm/fault.c:15:
In file included from ./include/linux/perf_event.h:55:
./include/linux/cgroup.h:41:44: warning: declaration of 'struct cgroupstats' will not be visible outside of this function [-Wvisibility]
   41 | static inline int cgroupstats_build(struct cgroupstats *stats,
      |                                            ^
In file included from arch/x86/mm/fault.c:20:
In file included from ./include/linux/efi.h:20:
./include/linux/rtc.h:223:15: warning: declaration of 'struct nvmem_config' will not be visible outside of this function [-Wvisibility]
  223 |                                           struct nvmem_config *nvmem_config)
      |                                                  ^
In file included from arch/x86/mm/fault.c:24:
In file included from ./arch/x86/include/asm/traps.h:9:
In file included from ./arch/x86/include/asm/idtentry.h:11:
In file included from ./include/linux/entry-common.h:7:
./include/linux/syscalls.h:132:49: warning: declaration of 'struct trace_event_call' will not be visible outside of this function [-Wvisibility]
  132 | static inline int is_syscall_trace_event(struct trace_event_call *tp_event)
      |                                                 ^
6 warnings generated.
  CC      arch/x86/mm/extable.o
In file included from arch/x86/mm/extable.c:10:
In file included from ./arch/x86/include/asm/traps.h:9:
In file included from ./arch/x86/include/asm/idtentry.h:11:
In file included from ./include/linux/entry-common.h:7:
In file included from ./include/linux/syscalls.h:89:
In file included from ./include/linux/tracepoint.h:22:
In file included from ./include/linux/static_call.h:135:
In file included from ./include/linux/cpu.h:17:
In file included from ./include/linux/node.h:18:
In file included from ./include/linux/device.h:30:
./include/linux/device/bus.h:190:63: warning: declaration of 'struct device_node' will not be visible outside of this function [-Wvisibility]
  190 | bus_find_device_by_of_node(struct bus_type *bus, const struct device_node *np)
      |                                                               ^
In file included from arch/x86/mm/extable.c:10:
In file included from ./arch/x86/include/asm/traps.h:9:
In file included from ./arch/x86/include/asm/idtentry.h:11:
In file included from ./include/linux/entry-common.h:7:
In file included from ./include/linux/syscalls.h:89:
In file included from ./include/linux/tracepoint.h:22:
In file included from ./include/linux/static_call.h:135:
In file included from ./include/linux/cpu.h:17:
In file included from ./include/linux/node.h:18:
In file included from ./include/linux/device.h:31:
./include/linux/device/class.h:140:64: warning: declaration of 'struct device_node' will not be visible outside of this function [-Wvisibility]
  140 | class_find_device_by_of_node(struct class *class, const struct device_node *np)
      |                                                                ^
In file included from arch/x86/mm/extable.c:10:
In file included from ./arch/x86/include/asm/traps.h:9:
In file included from ./arch/x86/include/asm/idtentry.h:11:
In file included from ./include/linux/entry-common.h:7:
In file included from ./include/linux/syscalls.h:89:
In file included from ./include/linux/tracepoint.h:22:
In file included from ./include/linux/static_call.h:135:
In file included from ./include/linux/cpu.h:17:
In file included from ./include/linux/node.h:18:
In file included from ./include/linux/device.h:32:
./include/linux/device/driver.h:185:23: warning: declaration of 'struct device_node' will not be visible outside of this function [-Wvisibility]
  185 |                               const struct device_node *np)
      |                                            ^
In file included from arch/x86/mm/extable.c:10:
In file included from ./arch/x86/include/asm/traps.h:9:
In file included from ./arch/x86/include/asm/idtentry.h:11:
In file included from ./include/linux/entry-common.h:7:
./include/linux/syscalls.h:132:49: warning: declaration of 'struct trace_event_call' will not be visible outside of this function [-Wvisibility]
  132 | static inline int is_syscall_trace_event(struct trace_event_call *tp_event)
      |                                                 ^
4 warnings generated.
  AR      arch/x86/mm/built-in.a
  AR      arch/x86/built-in.a
  CC      kernel/entry/common.o
In file included from kernel/entry/common.c:4:
In file included from ./include/linux/entry-common.h:7:
In file included from ./include/linux/syscalls.h:89:
In file included from ./include/linux/tracepoint.h:22:
In file included from ./include/linux/static_call.h:135:
In file included from ./include/linux/cpu.h:17:
In file included from ./include/linux/node.h:18:
In file included from ./include/linux/device.h:30:
./include/linux/device/bus.h:190:63: warning: declaration of 'struct device_node' will not be visible outside of this function [-Wvisibility]
  190 | bus_find_device_by_of_node(struct bus_type *bus, const struct device_node *np)
      |                                                               ^
In file included from kernel/entry/common.c:4:
In file included from ./include/linux/entry-common.h:7:
In file included from ./include/linux/syscalls.h:89:
In file included from ./include/linux/tracepoint.h:22:
In file included from ./include/linux/static_call.h:135:
In file included from ./include/linux/cpu.h:17:
In file included from ./include/linux/node.h:18:
In file included from ./include/linux/device.h:31:
./include/linux/device/class.h:140:64: warning: declaration of 'struct device_node' will not be visible outside of this function [-Wvisibility]
  140 | class_find_device_by_of_node(struct class *class, const struct device_node *np)
      |                                                                ^
In file included from kernel/entry/common.c:4:
In file included from ./include/linux/entry-common.h:7:
In file included from ./include/linux/syscalls.h:89:
In file included from ./include/linux/tracepoint.h:22:
In file included from ./include/linux/static_call.h:135:
In file included from ./include/linux/cpu.h:17:
In file included from ./include/linux/node.h:18:
In file included from ./include/linux/device.h:32:
./include/linux/device/driver.h:185:23: warning: declaration of 'struct device_node' will not be visible outside of this function [-Wvisibility]
  185 |                               const struct device_node *np)
      |                                            ^
In file included from kernel/entry/common.c:4:
In file included from ./include/linux/entry-common.h:7:
./include/linux/syscalls.h:132:49: warning: declaration of 'struct trace_event_call' will not be visible outside of this function [-Wvisibility]
  132 | static inline int is_syscall_trace_event(struct trace_event_call *tp_event)
      |                                                 ^
In file included from kernel/entry/common.c:5:
In file included from ./include/linux/resume_user_mode.h:8:
In file included from ./include/linux/memcontrol.h:13:
./include/linux/cgroup.h:41:44: warning: declaration of 'struct cgroupstats' will not be visible outside of this function [-Wvisibility]
   41 | static inline int cgroupstats_build(struct cgroupstats *stats,
      |                                            ^
In file included from kernel/entry/common.c:9:
./include/linux/audit.h:267:41: warning: declaration of 'struct kern_ipc_perm' will not be visible outside of this function [-Wvisibility]
  267 | static inline void audit_ipc_obj(struct kern_ipc_perm *ipcp)
      |                                         ^
kernel/entry/common.c:243:3: error: call to undeclared function 'trace_sys_exit'; ISO C99 and later do not support implicit function declarations [-Wimplicit-function-declaration]
  243 |                 trace_sys_exit(regs, syscall_get_return_value(current, regs));
      |                 ^
kernel/entry/common.c:243:3: note: did you mean 'ftrace_nmi_exit'?
./include/linux/ftrace_irq.h:11:20: note: 'ftrace_nmi_exit' declared here
   11 | static inline void ftrace_nmi_exit(void)
      |                    ^
6 warnings and 1 error generated.
make[2]: *** [scripts/Makefile.build:249: kernel/entry/common.o] Error 1
make[2]: Target '__build' not remade because of errors.
make[1]: *** [scripts/Makefile.build:466: kernel/entry] Error 2
  CC      kernel/printk/printk.o
In file included from kernel/printk/printk.c:24:
In file included from ./include/linux/tty.h:10:
In file included from ./include/linux/tty_driver.h:9:
In file included from ./include/linux/cdev.h:8:
In file included from ./include/linux/device.h:30:
./include/linux/device/bus.h:190:63: warning: declaration of 'struct device_node' will not be visible outside of this function [-Wvisibility]
  190 | bus_find_device_by_of_node(struct bus_type *bus, const struct device_node *np)
      |                                                               ^
In file included from kernel/printk/printk.c:24:
In file included from ./include/linux/tty.h:10:
In file included from ./include/linux/tty_driver.h:9:
In file included from ./include/linux/cdev.h:8:
In file included from ./include/linux/device.h:31:
./include/linux/device/class.h:140:64: warning: declaration of 'struct device_node' will not be visible outside of this function [-Wvisibility]
  140 | class_find_device_by_of_node(struct class *class, const struct device_node *np)
      |                                                                ^
In file included from kernel/printk/printk.c:24:
In file included from ./include/linux/tty.h:10:
In file included from ./include/linux/tty_driver.h:9:
In file included from ./include/linux/cdev.h:8:
In file included from ./include/linux/device.h:32:
./include/linux/device/driver.h:185:23: warning: declaration of 'struct device_node' will not be visible outside of this function [-Wvisibility]
  185 |                               const struct device_node *np)
      |                                            ^
In file included from kernel/printk/printk.c:36:
./include/linux/syscalls.h:132:49: warning: declaration of 'struct trace_event_call' will not be visible outside of this function [-Wvisibility]
  132 | static inline int is_syscall_trace_event(struct trace_event_call *tp_event)
      |                                                 ^
./include/linux/syscalls.h:328:15: warning: declaration of 'struct ipc_namespace' will not be visible outside of this function [-Wvisibility]
  328 |                      struct ipc_namespace *ns);
      |                             ^
In file included from kernel/printk/printk.c:43:
./include/linux/poll.h:123:9: warning: '__MAP' macro redefined [-Wmacro-redefined]
  123 | #define __MAP(v, from, to) \
      |         ^
./include/linux/syscalls.h:118:9: note: previous definition is here
  118 | #define __MAP(n,...) __MAP##n(__VA_ARGS__)
      |         ^
6 warnings generated.
  AR      kernel/printk/built-in.a
  CC      kernel/sched/core.o
In file included from kernel/sched/core.c:41:
./include/linux/blkdev.h:281:39: warning: declaration of 'struct blk_zone' will not be visible outside of this function [-Wvisibility]
  281 | typedef int (*report_zones_cb)(struct blk_zone *zone, unsigned int idx,
      |                                       ^
In file included from kernel/sched/core.c:44:
./include/linux/delayacct.h:27:44: warning: declaration of 'struct taskstats' will not be visible outside of this function [-Wvisibility]
   27 | static inline int delayacct_add_tsk(struct taskstats *d,
      |                                            ^
In file included from kernel/sched/core.c:64:
./include/linux/syscalls.h:132:49: warning: declaration of 'struct trace_event_call' will not be visible outside of this function [-Wvisibility]
  132 | static inline int is_syscall_trace_event(struct trace_event_call *tp_event)
      |                                                 ^
In file included from kernel/sched/core.c:73:
In file included from ./arch/x86/include/asm/tlb.h:8:
In file included from ./include/asm-generic/tlb.h:15:
In file included from ./include/linux/swap.h:9:
In file included from ./include/linux/memcontrol.h:13:
./include/linux/cgroup.h:41:44: warning: declaration of 'struct cgroupstats' will not be visible outside of this function [-Wvisibility]
   41 | static inline int cgroupstats_build(struct cgroupstats *stats,
      |                                            ^
kernel/sched/core.c:1117:42: warning: variable 'flags' is uninitialized when used here [-Wuninitialized]
 1117 |         raw_spin_unlock_irqrestore(&p->pi_lock, flags);
      |                                                 ^~~~~
./include/linux/spinlock.h:222:37: note: expanded from macro 'raw_spin_unlock_irqrestore'
  222 |                 _raw_spin_unlock_irqrestore(lock, flags);       \
      |                                                   ^~~~~
./include/linux/spinlock_api_up.h:86:32: note: expanded from macro '_raw_spin_unlock_irqrestore'
   86 |                                         __UNLOCK_IRQRESTORE(lock, flags)
      |                                                                   ^~~~~
./include/linux/spinlock_api_up.h:56:26: note: expanded from macro '__UNLOCK_IRQRESTORE'
   56 |   do { local_irq_restore(flags); __UNLOCK(lock); } while (0)
      |                          ^~~~~
./include/linux/irqflags.h:97:61: note: expanded from macro 'local_irq_restore'
   97 | #define local_irq_restore(flags) do { raw_local_irq_restore(flags); } while (0)
      |                                                             ^~~~~
./include/linux/irqflags.h:74:26: note: expanded from macro 'raw_local_irq_restore'
   74 |                 arch_local_irq_restore(flags);          \
      |                                        ^~~~~
kernel/sched/core.c:1050:21: note: initialize the variable 'flags' to silence this warning
 1050 |         unsigned long flags;
      |                            ^
      |                             = 0
5 warnings generated.
  CC      kernel/sched/fair.o
In file included from kernel/sched/fair.c:54:
In file included from kernel/sched/sched.h:29:
./include/linux/cgroup.h:41:44: warning: declaration of 'struct cgroupstats' will not be visible outside of this function [-Wvisibility]
   41 | static inline int cgroupstats_build(struct cgroupstats *stats,
      |                                            ^
In file included from kernel/sched/fair.c:54:
In file included from kernel/sched/sched.h:61:
./include/linux/syscalls.h:129:49: warning: declaration of 'struct trace_event_call' will not be visible outside of this function [-Wvisibility]
  129 | static inline int is_syscall_trace_event(struct trace_event_call *tp_event)
      |                                                 ^
2 warnings generated.
  CC      kernel/sched/build_policy.o
In file included from kernel/sched/build_policy.c:28:
In file included from ./include/linux/suspend.h:5:
In file included from ./include/linux/swap.h:9:
In file included from ./include/linux/memcontrol.h:13:
./include/linux/cgroup.h:41:44: warning: declaration of 'struct cgroupstats' will not be visible outside of this function [-Wvisibility]
   41 | static inline int cgroupstats_build(struct cgroupstats *stats,
      |                                            ^
In file included from kernel/sched/build_policy.c:28:
In file included from ./include/linux/suspend.h:5:
In file included from ./include/linux/swap.h:9:
In file included from ./include/linux/memcontrol.h:22:
In file included from ./include/linux/writeback.h:13:
In file included from ./include/linux/blk_types.h:11:
In file included from ./include/linux/device.h:30:
./include/linux/device/bus.h:190:63: warning: declaration of 'struct device_node' will not be visible outside of this function [-Wvisibility]
  190 | bus_find_device_by_of_node(struct bus_type *bus, const struct device_node *np)
      |                                                               ^
In file included from kernel/sched/build_policy.c:28:
In file included from ./include/linux/suspend.h:5:
In file included from ./include/linux/swap.h:9:
In file included from ./include/linux/memcontrol.h:22:
In file included from ./include/linux/writeback.h:13:
In file included from ./include/linux/blk_types.h:11:
In file included from ./include/linux/device.h:31:
./include/linux/device/class.h:140:64: warning: declaration of 'struct device_node' will not be visible outside of this function [-Wvisibility]
  140 | class_find_device_by_of_node(struct class *class, const struct device_node *np)
      |                                                                ^
In file included from kernel/sched/build_policy.c:28:
In file included from ./include/linux/suspend.h:5:
In file included from ./include/linux/swap.h:9:
In file included from ./include/linux/memcontrol.h:22:
In file included from ./include/linux/writeback.h:13:
In file included from ./include/linux/blk_types.h:11:
In file included from ./include/linux/device.h:32:
./include/linux/device/driver.h:185:23: warning: declaration of 'struct device_node' will not be visible outside of this function [-Wvisibility]
  185 |                               const struct device_node *np)
      |                                            ^
In file included from kernel/sched/build_policy.c:29:
./include/linux/tsacct_kern.h:13:13: warning: declaration of 'struct taskstats' will not be visible outside of this function [-Wvisibility]
   13 |                                  struct taskstats *stats, struct task_struct *tsk)
      |                                         ^
./include/linux/tsacct_kern.h:16:41: warning: declaration of 'struct taskstats' will not be visible outside of this function [-Wvisibility]
   16 | static inline void xacct_add_tsk(struct taskstats *stats, struct task_struct *p)
      |                                         ^
In file included from kernel/sched/build_policy.c:34:
In file included from kernel/sched/sched.h:61:
./include/linux/syscalls.h:129:49: warning: declaration of 'struct trace_event_call' will not be visible outside of this function [-Wvisibility]
  129 | static inline int is_syscall_trace_event(struct trace_event_call *tp_event)
      |                                                 ^
7 warnings generated.
  CC      kernel/sched/build_utility.o
In file included from kernel/sched/build_utility.c:53:
In file included from kernel/sched/sched.h:29:
./include/linux/cgroup.h:41:44: warning: declaration of 'struct cgroupstats' will not be visible outside of this function [-Wvisibility]
   41 | static inline int cgroupstats_build(struct cgroupstats *stats,
      |                                            ^
In file included from kernel/sched/build_utility.c:53:
In file included from kernel/sched/sched.h:61:
./include/linux/syscalls.h:129:49: warning: declaration of 'struct trace_event_call' will not be visible outside of this function [-Wvisibility]
  129 | static inline int is_syscall_trace_event(struct trace_event_call *tp_event)
      |                                                 ^
2 warnings generated.
  AR      kernel/sched/built-in.a
  CC      kernel/time/time.o
In file included from kernel/time/time.c:33:
./include/linux/syscalls.h:129:49: warning: declaration of 'struct trace_event_call' will not be visible outside of this function [-Wvisibility]
  129 | static inline int is_syscall_trace_event(struct trace_event_call *tp_event)
      |                                                 ^
./include/linux/syscalls.h:271:21: error: use of undeclared identifier 'AT_FDCWD'
  271 |         return do_fchownat(AT_FDCWD, filename, user, group, 0);
      |                            ^
./include/linux/syscalls.h:277:21: error: use of undeclared identifier 'AT_FDCWD'
  277 |         return do_fchownat(AT_FDCWD, filename, user, group,
      |                            ^
./include/linux/syscalls.h:278:9: error: use of undeclared identifier 'AT_SYMLINK_NOFOLLOW'
  278 |                              AT_SYMLINK_NOFOLLOW);
      |                              ^
./include/linux/syscalls.h:297:28: error: incomplete definition of type 'struct task_struct'
  297 |         unsigned int old = current->personality;
      |                            ~~~~~~~^
./arch/x86/include/asm/processor.h:8:8: note: forward declaration of 'struct task_struct'
    8 | struct task_struct;
      |        ^
In file included from kernel/time/time.c:33:
./include/linux/syscalls.h:300:3: error: incomplete definition of type 'struct task_struct'
  300 |                 set_personality(personality);
      |                 ^~~~~~~~~~~~~~~~~~~~~~~~~~~~
./include/linux/personality.h:15:39: note: expanded from macro 'set_personality'
   15 | #define set_personality(pers)   (current->personality = (pers))
      |                                  ~~~~~~~^
./arch/x86/include/asm/processor.h:8:8: note: forward declaration of 'struct task_struct'
    8 | struct task_struct;
      |        ^
In file included from kernel/time/time.c:33:
./include/linux/syscalls.h:325:15: warning: declaration of 'struct ipc_namespace' will not be visible outside of this function [-Wvisibility]
  325 |                      struct ipc_namespace *ns);
      |                             ^
2 warnings and 5 errors generated.
make[2]: *** [scripts/Makefile.build:249: kernel/time/time.o] Error 1
  CC      kernel/time/timer.o
In file included from kernel/time/timer.c:27:
In file included from ./include/linux/swap.h:9:
In file included from ./include/linux/memcontrol.h:13:
./include/linux/cgroup.h:41:44: warning: declaration of 'struct cgroupstats' will not be visible outside of this function [-Wvisibility]
   41 | static inline int cgroupstats_build(struct cgroupstats *stats,
      |                                            ^
In file included from kernel/time/timer.c:27:
In file included from ./include/linux/swap.h:9:
In file included from ./include/linux/memcontrol.h:22:
In file included from ./include/linux/writeback.h:13:
In file included from ./include/linux/blk_types.h:11:
In file included from ./include/linux/device.h:30:
./include/linux/device/bus.h:190:63: warning: declaration of 'struct device_node' will not be visible outside of this function [-Wvisibility]
  190 | bus_find_device_by_of_node(struct bus_type *bus, const struct device_node *np)
      |                                                               ^
In file included from kernel/time/timer.c:27:
In file included from ./include/linux/swap.h:9:
In file included from ./include/linux/memcontrol.h:22:
In file included from ./include/linux/writeback.h:13:
In file included from ./include/linux/blk_types.h:11:
In file included from ./include/linux/device.h:31:
./include/linux/device/class.h:140:64: warning: declaration of 'struct device_node' will not be visible outside of this function [-Wvisibility]
  140 | class_find_device_by_of_node(struct class *class, const struct device_node *np)
      |                                                                ^
In file included from kernel/time/timer.c:27:
In file included from ./include/linux/swap.h:9:
In file included from ./include/linux/memcontrol.h:22:
In file included from ./include/linux/writeback.h:13:
In file included from ./include/linux/blk_types.h:11:
In file included from ./include/linux/device.h:32:
./include/linux/device/driver.h:185:23: warning: declaration of 'struct device_node' will not be visible outside of this function [-Wvisibility]
  185 |                               const struct device_node *np)
      |                                            ^
In file included from kernel/time/timer.c:35:
./include/linux/syscalls.h:129:49: warning: declaration of 'struct trace_event_call' will not be visible outside of this function [-Wvisibility]
  129 | static inline int is_syscall_trace_event(struct trace_event_call *tp_event)
      |                                                 ^
5 warnings generated.
  CC      kernel/time/hrtimer.o
In file included from kernel/time/hrtimer.c:25:
In file included from ./include/linux/cpu.h:17:
In file included from ./include/linux/node.h:18:
In file included from ./include/linux/device.h:30:
./include/linux/device/bus.h:190:63: warning: declaration of 'struct device_node' will not be visible outside of this function [-Wvisibility]
  190 | bus_find_device_by_of_node(struct bus_type *bus, const struct device_node *np)
      |                                                               ^
In file included from kernel/time/hrtimer.c:25:
In file included from ./include/linux/cpu.h:17:
In file included from ./include/linux/node.h:18:
In file included from ./include/linux/device.h:31:
./include/linux/device/class.h:140:64: warning: declaration of 'struct device_node' will not be visible outside of this function [-Wvisibility]
  140 | class_find_device_by_of_node(struct class *class, const struct device_node *np)
      |                                                                ^
In file included from kernel/time/hrtimer.c:25:
In file included from ./include/linux/cpu.h:17:
In file included from ./include/linux/node.h:18:
In file included from ./include/linux/device.h:32:
./include/linux/device/driver.h:185:23: warning: declaration of 'struct device_node' will not be visible outside of this function [-Wvisibility]
  185 |                               const struct device_node *np)
      |                                            ^
In file included from kernel/time/hrtimer.c:30:
./include/linux/syscalls.h:129:49: warning: declaration of 'struct trace_event_call' will not be visible outside of this function [-Wvisibility]
  129 | static inline int is_syscall_trace_event(struct trace_event_call *tp_event)
      |                                                 ^
./include/linux/syscalls.h:271:21: error: use of undeclared identifier 'AT_FDCWD'
  271 |         return do_fchownat(AT_FDCWD, filename, user, group, 0);
      |                            ^
./include/linux/syscalls.h:277:21: error: use of undeclared identifier 'AT_FDCWD'
  277 |         return do_fchownat(AT_FDCWD, filename, user, group,
      |                            ^
./include/linux/syscalls.h:278:9: error: use of undeclared identifier 'AT_SYMLINK_NOFOLLOW'
  278 |                              AT_SYMLINK_NOFOLLOW);
      |                              ^
./include/linux/syscalls.h:325:15: warning: declaration of 'struct ipc_namespace' will not be visible outside of this function [-Wvisibility]
  325 |                      struct ipc_namespace *ns);
      |                             ^
5 warnings and 3 errors generated.
make[2]: *** [scripts/Makefile.build:249: kernel/time/hrtimer.o] Error 1
  CC      kernel/time/posix-stubs.o
In file included from kernel/time/posix-stubs.c:13:
./include/linux/syscalls.h:129:49: warning: declaration of 'struct trace_event_call' will not be visible outside of this function [-Wvisibility]
  129 | static inline int is_syscall_trace_event(struct trace_event_call *tp_event)
      |                                                 ^
./include/linux/syscalls.h:271:21: error: use of undeclared identifier 'AT_FDCWD'
  271 |         return do_fchownat(AT_FDCWD, filename, user, group, 0);
      |                            ^
./include/linux/syscalls.h:277:21: error: use of undeclared identifier 'AT_FDCWD'
  277 |         return do_fchownat(AT_FDCWD, filename, user, group,
      |                            ^
./include/linux/syscalls.h:278:9: error: use of undeclared identifier 'AT_SYMLINK_NOFOLLOW'
  278 |                              AT_SYMLINK_NOFOLLOW);
      |                              ^
./include/linux/syscalls.h:325:15: warning: declaration of 'struct ipc_namespace' will not be visible outside of this function [-Wvisibility]
  325 |                      struct ipc_namespace *ns);
      |                             ^
2 warnings and 3 errors generated.
make[2]: *** [scripts/Makefile.build:249: kernel/time/posix-stubs.o] Error 1
make[2]: Target '__build' not remade because of errors.
make[1]: *** [scripts/Makefile.build:466: kernel/time] Error 2
  CC      kernel/fork.o
In file included from kernel/fork.c:45:
In file included from ./include/linux/mm_inline.h:7:
In file included from ./include/linux/swap.h:9:
In file included from ./include/linux/memcontrol.h:13:
./include/linux/cgroup.h:41:44: warning: declaration of 'struct cgroupstats' will not be visible outside of this function [-Wvisibility]
   41 | static inline int cgroupstats_build(struct cgroupstats *stats,
      |                                            ^
In file included from kernel/fork.c:45:
In file included from ./include/linux/mm_inline.h:7:
In file included from ./include/linux/swap.h:9:
In file included from ./include/linux/memcontrol.h:22:
In file included from ./include/linux/writeback.h:13:
In file included from ./include/linux/blk_types.h:11:
In file included from ./include/linux/device.h:30:
./include/linux/device/bus.h:190:63: warning: declaration of 'struct device_node' will not be visible outside of this function [-Wvisibility]
  190 | bus_find_device_by_of_node(struct bus_type *bus, const struct device_node *np)
      |                                                               ^
In file included from kernel/fork.c:45:
In file included from ./include/linux/mm_inline.h:7:
In file included from ./include/linux/swap.h:9:
In file included from ./include/linux/memcontrol.h:22:
In file included from ./include/linux/writeback.h:13:
In file included from ./include/linux/blk_types.h:11:
In file included from ./include/linux/device.h:31:
./include/linux/device/class.h:140:64: warning: declaration of 'struct device_node' will not be visible outside of this function [-Wvisibility]
  140 | class_find_device_by_of_node(struct class *class, const struct device_node *np)
      |                                                                ^
In file included from kernel/fork.c:45:
In file included from ./include/linux/mm_inline.h:7:
In file included from ./include/linux/swap.h:9:
In file included from ./include/linux/memcontrol.h:22:
In file included from ./include/linux/writeback.h:13:
In file included from ./include/linux/blk_types.h:11:
In file included from ./include/linux/device.h:32:
./include/linux/device/driver.h:185:23: warning: declaration of 'struct device_node' will not be visible outside of this function [-Wvisibility]
  185 |                               const struct device_node *np)
      |                                            ^
In file included from kernel/fork.c:55:
./include/linux/syscalls.h:129:49: warning: declaration of 'struct trace_event_call' will not be visible outside of this function [-Wvisibility]
  129 | static inline int is_syscall_trace_event(struct trace_event_call *tp_event)
      |                                                 ^
In file included from kernel/fork.c:73:
./include/linux/tsacct_kern.h:13:13: warning: declaration of 'struct taskstats' will not be visible outside of this function [-Wvisibility]
   13 |                                  struct taskstats *stats, struct task_struct *tsk)
      |                                         ^
./include/linux/tsacct_kern.h:16:41: warning: declaration of 'struct taskstats' will not be visible outside of this function [-Wvisibility]
   16 | static inline void xacct_add_tsk(struct taskstats *stats, struct task_struct *p)
      |                                         ^
In file included from kernel/fork.c:76:
./include/linux/delayacct.h:27:44: warning: declaration of 'struct taskstats' will not be visible outside of this function [-Wvisibility]
   27 | static inline int delayacct_add_tsk(struct taskstats *d,
      |                                            ^
kernel/fork.c:1537:2: error: call to undeclared function 'poll_wait'; ISO C99 and later do not support implicit function declarations [-Wimplicit-function-declaration]
 1537 |         poll_wait(file, &pid->wait_pidfd, pts);
      |         ^
kernel/fork.c:1545:16: error: use of undeclared identifier 'EPOLLIN'
 1545 |                 poll_flags = EPOLLIN | EPOLLRDNORM;
      |                              ^
kernel/fork.c:1545:26: error: use of undeclared identifier 'EPOLLRDNORM'
 1545 |                 poll_flags = EPOLLIN | EPOLLRDNORM;
      |                                        ^
kernel/fork.c:2222:5: warning: '/*' within block comment [-Wcomment]
 2222 |         /* /* trace_sched_process_fork( */current, p); */
      |            ^
kernel/fork.c:2222:46: error: extraneous ')' before ';'
 2222 |         /* /* trace_sched_process_fork( */current, p); */
      |                                                     ^
kernel/fork.c:2222:50: error: expected expression
 2222 |         /* /* trace_sched_process_fork( */current, p); */
      |                                                         ^
kernel/fork.c:2222:45: warning: expression result unused [-Wunused-value]
 2222 |         /* /* trace_sched_process_fork( */current, p); */
      |                                                    ^
10 warnings and 5 errors generated.
make[1]: *** [scripts/Makefile.build:249: kernel/fork.o] Error 1
  CC      kernel/exec_domain.o
In file included from kernel/exec_domain.c:19:
./include/linux/syscalls.h:129:49: warning: declaration of 'struct trace_event_call' will not be visible outside of this function [-Wvisibility]
  129 | static inline int is_syscall_trace_event(struct trace_event_call *tp_event)
      |                                                 ^
./include/linux/syscalls.h:325:15: warning: declaration of 'struct ipc_namespace' will not be visible outside of this function [-Wvisibility]
  325 |                      struct ipc_namespace *ns);
      |                             ^
2 warnings generated.
  CC      kernel/panic.o
In file included from kernel/panic.c:19:
In file included from ./include/linux/vt_kern.h:12:
In file included from ./include/linux/tty.h:10:
In file included from ./include/linux/tty_driver.h:9:
In file included from ./include/linux/cdev.h:8:
In file included from ./include/linux/device.h:30:
./include/linux/device/bus.h:190:63: warning: declaration of 'struct device_node' will not be visible outside of this function [-Wvisibility]
  190 | bus_find_device_by_of_node(struct bus_type *bus, const struct device_node *np)
      |                                                               ^
In file included from kernel/panic.c:19:
In file included from ./include/linux/vt_kern.h:12:
In file included from ./include/linux/tty.h:10:
In file included from ./include/linux/tty_driver.h:9:
In file included from ./include/linux/cdev.h:8:
In file included from ./include/linux/device.h:31:
./include/linux/device/class.h:140:64: warning: declaration of 'struct device_node' will not be visible outside of this function [-Wvisibility]
  140 | class_find_device_by_of_node(struct class *class, const struct device_node *np)
      |                                                                ^
In file included from kernel/panic.c:19:
In file included from ./include/linux/vt_kern.h:12:
In file included from ./include/linux/tty.h:10:
In file included from ./include/linux/tty_driver.h:9:
In file included from ./include/linux/cdev.h:8:
In file included from ./include/linux/device.h:32:
./include/linux/device/driver.h:185:23: warning: declaration of 'struct device_node' will not be visible outside of this function [-Wvisibility]
  185 |                               const struct device_node *np)
      |                                            ^
kernel/panic.c:589:2: error: call to undeclared function 'trace_error_report_end'; ISO C99 and later do not support implicit function declarations [-Wimplicit-function-declaration]
  589 |         trace_error_report_end(ERROR_DETECTOR_WARN, (unsigned long)caller);
      |         ^
kernel/panic.c:589:25: error: use of undeclared identifier 'ERROR_DETECTOR_WARN'
  589 |         trace_error_report_end(ERROR_DETECTOR_WARN, (unsigned long)caller);
      |                                ^
3 warnings and 2 errors generated.
make[1]: *** [scripts/Makefile.build:249: kernel/panic.o] Error 1
  CC      kernel/exit.o
In file included from kernel/exit.c:21:
In file included from ./include/linux/tty.h:10:
In file included from ./include/linux/tty_driver.h:9:
In file included from ./include/linux/cdev.h:8:
In file included from ./include/linux/device.h:30:
./include/linux/device/bus.h:190:63: warning: declaration of 'struct device_node' will not be visible outside of this function [-Wvisibility]
  190 | bus_find_device_by_of_node(struct bus_type *bus, const struct device_node *np)
      |                                                               ^
In file included from kernel/exit.c:21:
In file included from ./include/linux/tty.h:10:
In file included from ./include/linux/tty_driver.h:9:
In file included from ./include/linux/cdev.h:8:
In file included from ./include/linux/device.h:31:
./include/linux/device/class.h:140:64: warning: declaration of 'struct device_node' will not be visible outside of this function [-Wvisibility]
  140 | class_find_device_by_of_node(struct class *class, const struct device_node *np)
      |                                                                ^
In file included from kernel/exit.c:21:
In file included from ./include/linux/tty.h:10:
In file included from ./include/linux/tty_driver.h:9:
In file included from ./include/linux/cdev.h:8:
In file included from ./include/linux/device.h:32:
./include/linux/device/driver.h:185:23: warning: declaration of 'struct device_node' will not be visible outside of this function [-Wvisibility]
  185 |                               const struct device_node *np)
      |                                            ^
In file included from kernel/exit.c:26:
./include/linux/tsacct_kern.h:13:13: warning: declaration of 'struct taskstats' will not be visible outside of this function [-Wvisibility]
   13 |                                  struct taskstats *stats, struct task_struct *tsk)
      |                                         ^
./include/linux/tsacct_kern.h:16:41: warning: declaration of 'struct taskstats' will not be visible outside of this function [-Wvisibility]
   16 | static inline void xacct_add_tsk(struct taskstats *stats, struct task_struct *p)
      |                                         ^
In file included from kernel/exit.c:40:
./include/linux/delayacct.h:27:44: warning: declaration of 'struct taskstats' will not be visible outside of this function [-Wvisibility]
   27 | static inline int delayacct_add_tsk(struct taskstats *d,
      |                                            ^
In file included from kernel/exit.c:41:
./include/linux/cgroup.h:41:44: warning: declaration of 'struct cgroupstats' will not be visible outside of this function [-Wvisibility]
   41 | static inline int cgroupstats_build(struct cgroupstats *stats,
      |                                            ^
In file included from kernel/exit.c:42:
./include/linux/syscalls.h:129:49: warning: declaration of 'struct trace_event_call' will not be visible outside of this function [-Wvisibility]
  129 | static inline int is_syscall_trace_event(struct trace_event_call *tp_event)
      |                                                 ^
In file included from kernel/exit.c:49:
./include/linux/audit.h:267:41: warning: declaration of 'struct kern_ipc_perm' will not be visible outside of this function [-Wvisibility]
  267 | static inline void audit_ipc_obj(struct kern_ipc_perm *ipcp)
      |                                         ^
In file included from kernel/exit.c:52:
./include/linux/blkdev.h:281:39: warning: declaration of 'struct blk_zone' will not be visible outside of this function [-Wvisibility]
  281 | typedef int (*report_zones_cb)(struct blk_zone *zone, unsigned int idx,
      |                                       ^
kernel/exit.c:170:5: warning: '/*' within block comment [-Wcomment]
  170 |         /* /* trace_sched_process_free( */tsk); */
      |            ^
kernel/exit.c:170:39: error: extraneous ')' before ';'
  170 |         /* /* trace_sched_process_free( */tsk); */
      |                                              ^
kernel/exit.c:170:43: error: expected expression
  170 |         /* /* trace_sched_process_free( */tsk); */
      |                                                  ^
kernel/exit.c:170:36: warning: expression result unused [-Wunused-value]
  170 |         /* /* trace_sched_process_free( */tsk); */
      |                                           ^~~
kernel/exit.c:667:5: warning: '/*' within block comment [-Wcomment]
  667 |         /* /* trace_sched_process_exit( */tsk); */
      |            ^
kernel/exit.c:667:39: error: extraneous ')' before ';'
  667 |         /* /* trace_sched_process_exit( */tsk); */
      |                                              ^
kernel/exit.c:667:43: error: expected expression
  667 |         /* /* trace_sched_process_exit( */tsk); */
      |                                                  ^
kernel/exit.c:667:36: warning: expression result unused [-Wunused-value]
  667 |         /* /* trace_sched_process_exit( */tsk); */
      |                                           ^~~
kernel/exit.c:1367:5: warning: '/*' within block comment [-Wcomment]
 1367 |         /* /* trace_sched_process_wait( */wo->wo_pid); */
      |            ^
kernel/exit.c:1367:46: error: extraneous ')' before ';'
 1367 |         /* /* trace_sched_process_wait( */wo->wo_pid); */
      |                                                     ^
kernel/exit.c:1367:50: error: expected expression
 1367 |         /* /* trace_sched_process_wait( */wo->wo_pid); */
      |                                                         ^
kernel/exit.c:1367:40: warning: expression result unused [-Wunused-value]
 1367 |         /* /* trace_sched_process_wait( */wo->wo_pid); */
      |                                           ~~  ^~~~~~
16 warnings and 6 errors generated.
make[1]: *** [scripts/Makefile.build:249: kernel/exit.o] Error 1
  CC      kernel/sysctl.o
In file included from kernel/sysctl.c:24:
In file included from ./include/linux/swap.h:9:
In file included from ./include/linux/memcontrol.h:13:
./include/linux/cgroup.h:41:44: warning: declaration of 'struct cgroupstats' will not be visible outside of this function [-Wvisibility]
   41 | static inline int cgroupstats_build(struct cgroupstats *stats,
      |                                            ^
In file included from kernel/sysctl.c:24:
In file included from ./include/linux/swap.h:9:
In file included from ./include/linux/memcontrol.h:22:
In file included from ./include/linux/writeback.h:13:
In file included from ./include/linux/blk_types.h:11:
In file included from ./include/linux/device.h:30:
./include/linux/device/bus.h:190:63: warning: declaration of 'struct device_node' will not be visible outside of this function [-Wvisibility]
  190 | bus_find_device_by_of_node(struct bus_type *bus, const struct device_node *np)
      |                                                               ^
In file included from kernel/sysctl.c:24:
In file included from ./include/linux/swap.h:9:
In file included from ./include/linux/memcontrol.h:22:
In file included from ./include/linux/writeback.h:13:
In file included from ./include/linux/blk_types.h:11:
In file included from ./include/linux/device.h:31:
./include/linux/device/class.h:140:64: warning: declaration of 'struct device_node' will not be visible outside of this function [-Wvisibility]
  140 | class_find_device_by_of_node(struct class *class, const struct device_node *np)
      |                                                                ^
In file included from kernel/sysctl.c:24:
In file included from ./include/linux/swap.h:9:
In file included from ./include/linux/memcontrol.h:22:
In file included from ./include/linux/writeback.h:13:
In file included from ./include/linux/blk_types.h:11:
In file included from ./include/linux/device.h:32:
./include/linux/device/driver.h:185:23: warning: declaration of 'struct device_node' will not be visible outside of this function [-Wvisibility]
  185 |                               const struct device_node *np)
      |                                            ^
In file included from kernel/sysctl.c:35:
In file included from ./include/linux/filter.h:12:
./include/linux/skbuff.h:35:10: fatal error: 'net/flow_dissector.h' file not found
   35 | #include <net/flow_dissector.h>
      |          ^~~~~~~~~~~~~~~~~~~~~~
4 warnings and 1 error generated.
make[1]: *** [scripts/Makefile.build:249: kernel/sysctl.o] Error 1
  CC      kernel/capability.o
In file included from kernel/capability.c:13:
./include/linux/audit.h:267:41: warning: declaration of 'struct kern_ipc_perm' will not be visible outside of this function [-Wvisibility]
  267 | static inline void audit_ipc_obj(struct kern_ipc_perm *ipcp)
      |                                         ^
In file included from kernel/capability.c:18:
./include/linux/syscalls.h:129:49: warning: declaration of 'struct trace_event_call' will not be visible outside of this function [-Wvisibility]
  129 | static inline int is_syscall_trace_event(struct trace_event_call *tp_event)
      |                                                 ^
2 warnings generated.
  CC      kernel/ptrace.o
In file included from kernel/ptrace.c:27:
./include/linux/syscalls.h:129:49: warning: declaration of 'struct trace_event_call' will not be visible outside of this function [-Wvisibility]
  129 | static inline int is_syscall_trace_event(struct trace_event_call *tp_event)
      |                                                 ^
In file included from kernel/ptrace.c:30:
In file included from ./include/linux/hw_breakpoint.h:5:
In file included from ./include/linux/perf_event.h:24:
In file included from ./arch/x86/include/asm/perf_event.h:5:
In file included from ./include/linux/static_call.h:135:
In file included from ./include/linux/cpu.h:17:
In file included from ./include/linux/node.h:18:
In file included from ./include/linux/device.h:30:
./include/linux/device/bus.h:190:63: warning: declaration of 'struct device_node' will not be visible outside of this function [-Wvisibility]
  190 | bus_find_device_by_of_node(struct bus_type *bus, const struct device_node *np)
      |                                                               ^
In file included from kernel/ptrace.c:30:
In file included from ./include/linux/hw_breakpoint.h:5:
In file included from ./include/linux/perf_event.h:24:
In file included from ./arch/x86/include/asm/perf_event.h:5:
In file included from ./include/linux/static_call.h:135:
In file included from ./include/linux/cpu.h:17:
In file included from ./include/linux/node.h:18:
In file included from ./include/linux/device.h:31:
./include/linux/device/class.h:140:64: warning: declaration of 'struct device_node' will not be visible outside of this function [-Wvisibility]
  140 | class_find_device_by_of_node(struct class *class, const struct device_node *np)
      |                                                                ^
In file included from kernel/ptrace.c:30:
In file included from ./include/linux/hw_breakpoint.h:5:
In file included from ./include/linux/perf_event.h:24:
In file included from ./arch/x86/include/asm/perf_event.h:5:
In file included from ./include/linux/static_call.h:135:
In file included from ./include/linux/cpu.h:17:
In file included from ./include/linux/node.h:18:
In file included from ./include/linux/device.h:32:
./include/linux/device/driver.h:185:23: warning: declaration of 'struct device_node' will not be visible outside of this function [-Wvisibility]
  185 |                               const struct device_node *np)
      |                                            ^
In file included from kernel/ptrace.c:30:
In file included from ./include/linux/hw_breakpoint.h:5:
In file included from ./include/linux/perf_event.h:55:
./include/linux/cgroup.h:41:44: warning: declaration of 'struct cgroupstats' will not be visible outside of this function [-Wvisibility]
   41 | static inline int cgroupstats_build(struct cgroupstats *stats,
      |                                            ^
5 warnings generated.
  CC      kernel/signal.o
In file included from kernel/signal.c:26:
In file included from ./include/linux/tty.h:10:
In file included from ./include/linux/tty_driver.h:9:
In file included from ./include/linux/cdev.h:8:
In file included from ./include/linux/device.h:30:
./include/linux/device/bus.h:190:63: warning: declaration of 'struct device_node' will not be visible outside of this function [-Wvisibility]
  190 | bus_find_device_by_of_node(struct bus_type *bus, const struct device_node *np)
      |                                                               ^
In file included from kernel/signal.c:26:
In file included from ./include/linux/tty.h:10:
In file included from ./include/linux/tty_driver.h:9:
In file included from ./include/linux/cdev.h:8:
In file included from ./include/linux/device.h:31:
./include/linux/device/class.h:140:64: warning: declaration of 'struct device_node' will not be visible outside of this function [-Wvisibility]
  140 | class_find_device_by_of_node(struct class *class, const struct device_node *np)
      |                                                                ^
In file included from kernel/signal.c:26:
In file included from ./include/linux/tty.h:10:
In file included from ./include/linux/tty_driver.h:9:
In file included from ./include/linux/cdev.h:8:
In file included from ./include/linux/device.h:32:
./include/linux/device/driver.h:185:23: warning: declaration of 'struct device_node' will not be visible outside of this function [-Wvisibility]
  185 |                               const struct device_node *np)
      |                                            ^
In file included from kernel/signal.c:30:
./include/linux/syscalls.h:129:49: warning: declaration of 'struct trace_event_call' will not be visible outside of this function [-Wvisibility]
  129 | static inline int is_syscall_trace_event(struct trace_event_call *tp_event)
      |                                                 ^
./include/linux/syscalls.h:325:15: warning: declaration of 'struct ipc_namespace' will not be visible outside of this function [-Wvisibility]
  325 |                      struct ipc_namespace *ns);
      |                             ^
In file included from kernel/signal.c:46:
./include/linux/cgroup.h:41:44: warning: declaration of 'struct cgroupstats' will not be visible outside of this function [-Wvisibility]
   41 | static inline int cgroupstats_build(struct cgroupstats *stats,
      |                                            ^
kernel/signal.c:1010:11: error: use of undeclared identifier 'TRACE_SIGNAL_IGNORED'
 1010 |         result = TRACE_SIGNAL_IGNORED;
      |                  ^
kernel/signal.c:1020:11: error: use of undeclared identifier 'TRACE_SIGNAL_ALREADY_PENDING'
 1020 |         result = TRACE_SIGNAL_ALREADY_PENDING;
      |                  ^
kernel/signal.c:1024:11: error: use of undeclared identifier 'TRACE_SIGNAL_DELIVERED'
 1024 |         result = TRACE_SIGNAL_DELIVERED;
      |                  ^
kernel/signal.c:1082:12: error: use of undeclared identifier 'TRACE_SIGNAL_OVERFLOW_FAIL'
 1082 |                 result = TRACE_SIGNAL_OVERFLOW_FAIL;
      |                          ^
kernel/signal.c:1090:12: error: use of undeclared identifier 'TRACE_SIGNAL_LOSE_INFO'
 1090 |                 result = TRACE_SIGNAL_LOSE_INFO;
      |                          ^
kernel/signal.c:1866:11: error: use of undeclared identifier 'TRACE_SIGNAL_IGNORED'
 1866 |         result = TRACE_SIGNAL_IGNORED;
      |                  ^
kernel/signal.c:1878:12: error: use of undeclared identifier 'TRACE_SIGNAL_ALREADY_PENDING'
 1878 |                 result = TRACE_SIGNAL_ALREADY_PENDING;
      |                          ^
kernel/signal.c:1888:11: error: use of undeclared identifier 'TRACE_SIGNAL_DELIVERED'
 1888 |         result = TRACE_SIGNAL_DELIVERED;
      |                  ^
kernel/signal.c:2586:4: error: call to undeclared function 'trace_signal_deliver'; ISO C99 and later do not support implicit function declarations [-Wimplicit-function-declaration]
 2586 |                         trace_signal_deliver(SIGKILL, SEND_SIG_NOINFO,
      |                         ^
kernel/signal.c:2586:4: note: did you mean 'rseq_signal_deliver'?
./include/linux/sched.h:1550:20: note: 'rseq_signal_deliver' declared here
 1550 | static inline void rseq_signal_deliver(struct ksignal *ksig,
      |                    ^
6 warnings and 9 errors generated.
make[1]: *** [scripts/Makefile.build:249: kernel/signal.o] Error 1
  CC      kernel/sys.o
In file included from kernel/sys.c:10:
In file included from ./include/linux/mm_inline.h:7:
In file included from ./include/linux/swap.h:9:
In file included from ./include/linux/memcontrol.h:13:
./include/linux/cgroup.h:41:44: warning: declaration of 'struct cgroupstats' will not be visible outside of this function [-Wvisibility]
   41 | static inline int cgroupstats_build(struct cgroupstats *stats,
      |                                            ^
In file included from kernel/sys.c:10:
In file included from ./include/linux/mm_inline.h:7:
In file included from ./include/linux/swap.h:9:
In file included from ./include/linux/memcontrol.h:22:
In file included from ./include/linux/writeback.h:13:
In file included from ./include/linux/blk_types.h:11:
In file included from ./include/linux/device.h:30:
./include/linux/device/bus.h:190:63: warning: declaration of 'struct device_node' will not be visible outside of this function [-Wvisibility]
  190 | bus_find_device_by_of_node(struct bus_type *bus, const struct device_node *np)
      |                                                               ^
In file included from kernel/sys.c:10:
In file included from ./include/linux/mm_inline.h:7:
In file included from ./include/linux/swap.h:9:
In file included from ./include/linux/memcontrol.h:22:
In file included from ./include/linux/writeback.h:13:
In file included from ./include/linux/blk_types.h:11:
In file included from ./include/linux/device.h:31:
./include/linux/device/class.h:140:64: warning: declaration of 'struct device_node' will not be visible outside of this function [-Wvisibility]
  140 | class_find_device_by_of_node(struct class *class, const struct device_node *np)
      |                                                                ^
In file included from kernel/sys.c:10:
In file included from ./include/linux/mm_inline.h:7:
In file included from ./include/linux/swap.h:9:
In file included from ./include/linux/memcontrol.h:22:
In file included from ./include/linux/writeback.h:13:
In file included from ./include/linux/blk_types.h:11:
In file included from ./include/linux/device.h:32:
./include/linux/device/driver.h:185:23: warning: declaration of 'struct device_node' will not be visible outside of this function [-Wvisibility]
  185 |                               const struct device_node *np)
      |                                            ^
In file included from kernel/sys.c:48:
./include/linux/syscalls.h:129:49: warning: declaration of 'struct trace_event_call' will not be visible outside of this function [-Wvisibility]
  129 | static inline int is_syscall_trace_event(struct trace_event_call *tp_event)
      |                                                 ^
5 warnings generated.
  CC      kernel/umh.o
In file included from kernel/umh.c:9:
./include/linux/syscalls.h:129:49: warning: declaration of 'struct trace_event_call' will not be visible outside of this function [-Wvisibility]
  129 | static inline int is_syscall_trace_event(struct trace_event_call *tp_event)
      |                                                 ^
./include/linux/syscalls.h:271:21: error: use of undeclared identifier 'AT_FDCWD'
  271 |         return do_fchownat(AT_FDCWD, filename, user, group, 0);
      |                            ^
./include/linux/syscalls.h:277:21: error: use of undeclared identifier 'AT_FDCWD'
  277 |         return do_fchownat(AT_FDCWD, filename, user, group,
      |                            ^
./include/linux/syscalls.h:278:9: error: use of undeclared identifier 'AT_SYMLINK_NOFOLLOW'
  278 |                              AT_SYMLINK_NOFOLLOW);
      |                              ^
./include/linux/syscalls.h:325:15: warning: declaration of 'struct ipc_namespace' will not be visible outside of this function [-Wvisibility]
  325 |                      struct ipc_namespace *ns);
      |                             ^
In file included from kernel/umh.c:25:
In file included from ./include/linux/suspend.h:5:
In file included from ./include/linux/swap.h:9:
In file included from ./include/linux/memcontrol.h:13:
./include/linux/cgroup.h:41:44: warning: declaration of 'struct cgroupstats' will not be visible outside of this function [-Wvisibility]
   41 | static inline int cgroupstats_build(struct cgroupstats *stats,
      |                                            ^
In file included from kernel/umh.c:25:
In file included from ./include/linux/suspend.h:5:
In file included from ./include/linux/swap.h:9:
In file included from ./include/linux/memcontrol.h:22:
In file included from ./include/linux/writeback.h:13:
In file included from ./include/linux/blk_types.h:11:
In file included from ./include/linux/device.h:30:
./include/linux/device/bus.h:190:63: warning: declaration of 'struct device_node' will not be visible outside of this function [-Wvisibility]
  190 | bus_find_device_by_of_node(struct bus_type *bus, const struct device_node *np)
      |                                                               ^
In file included from kernel/umh.c:25:
In file included from ./include/linux/suspend.h:5:
In file included from ./include/linux/swap.h:9:
In file included from ./include/linux/memcontrol.h:22:
In file included from ./include/linux/writeback.h:13:
In file included from ./include/linux/blk_types.h:11:
In file included from ./include/linux/device.h:31:
./include/linux/device/class.h:140:64: warning: declaration of 'struct device_node' will not be visible outside of this function [-Wvisibility]
  140 | class_find_device_by_of_node(struct class *class, const struct device_node *np)
      |                                                                ^
In file included from kernel/umh.c:25:
In file included from ./include/linux/suspend.h:5:
In file included from ./include/linux/swap.h:9:
In file included from ./include/linux/memcontrol.h:22:
In file included from ./include/linux/writeback.h:13:
In file included from ./include/linux/blk_types.h:11:
In file included from ./include/linux/device.h:32:
./include/linux/device/driver.h:185:23: warning: declaration of 'struct device_node' will not be visible outside of this function [-Wvisibility]
  185 |                               const struct device_node *np)
      |                                            ^
6 warnings and 3 errors generated.
make[1]: *** [scripts/Makefile.build:249: kernel/umh.o] Error 1
  CC      kernel/pid.o
In file included from kernel/pid.c:38:
./include/linux/syscalls.h:129:49: warning: declaration of 'struct trace_event_call' will not be visible outside of this function [-Wvisibility]
  129 | static inline int is_syscall_trace_event(struct trace_event_call *tp_event)
      |                                                 ^
kernel/pid.c:521:12: error: variable has incomplete type 'struct fd'
  521 |         struct fd f;
      |                   ^
kernel/pid.c:521:9: note: forward declaration of 'struct fd'
  521 |         struct fd f;
      |                ^
kernel/pid.c:524:6: error: call to undeclared function 'fdget'; ISO C99 and later do not support implicit function declarations [-Wimplicit-function-declaration]
  524 |         f = fdget(fd);
      |             ^
kernel/pid.c:524:6: note: did you mean 'dget'?
./include/linux/dcache.h:306:30: note: 'dget' declared here
  306 | static inline struct dentry *dget(struct dentry *dentry)
      |                              ^
kernel/pid.c:534:2: error: call to undeclared function 'fdput'; ISO C99 and later do not support implicit function declarations [-Wimplicit-function-declaration]
  534 |         fdput(f);
      |         ^
kernel/pid.c:534:2: note: did you mean 'dput'?
./include/linux/dcache.h:360:13: note: 'dput' declared here
  360 | extern void dput(struct dentry *);
      |             ^
kernel/pid.c:673:10: error: call to undeclared function 'fget_task'; ISO C99 and later do not support implicit function declarations [-Wimplicit-function-declaration]
  673 |                 file = fget_task(task, fd);
      |                        ^
kernel/pid.c:673:10: note: did you mean 'free_task'?
./include/linux/sched/task.h:93:13: note: 'free_task' declared here
   93 | extern void free_task(struct task_struct *tsk);
      |             ^
kernel/pid.c:673:8: error: incompatible integer to pointer conversion assigning to 'struct file *' from 'int' [-Wint-conversion]
  673 |                 file = fget_task(task, fd);
      |                      ^ ~~~~~~~~~~~~~~~~~~~
kernel/pid.c:697:8: error: call to undeclared function 'receive_fd'; ISO C99 and later do not support implicit function declarations [-Wimplicit-function-declaration]
  697 |         ret = receive_fd(file, O_CLOEXEC);
      |               ^
kernel/pid.c:698:2: error: call to undeclared function 'fput'; ISO C99 and later do not support implicit function declarations [-Wimplicit-function-declaration]
  698 |         fput(file);
      |         ^
kernel/pid.c:723:12: error: variable has incomplete type 'struct fd'
  723 |         struct fd f;
      |                   ^
kernel/pid.c:723:9: note: forward declaration of 'struct fd'
  723 |         struct fd f;
      |                ^
kernel/pid.c:730:6: error: call to undeclared function 'fdget'; ISO C99 and later do not support implicit function declarations [-Wimplicit-function-declaration]
  730 |         f = fdget(pidfd);
      |             ^
kernel/pid.c:740:2: error: call to undeclared function 'fdput'; ISO C99 and later do not support implicit function declarations [-Wimplicit-function-declaration]
  740 |         fdput(f);
      |         ^
1 warning and 10 errors generated.
make[1]: *** [scripts/Makefile.build:249: kernel/pid.o] Error 1
  CC      kernel/extable.o
In file included from kernel/extable.c:8:
In file included from ./include/linux/memory.h:19:
In file included from ./include/linux/node.h:18:
In file included from ./include/linux/device.h:30:
./include/linux/device/bus.h:190:63: warning: declaration of 'struct device_node' will not be visible outside of this function [-Wvisibility]
  190 | bus_find_device_by_of_node(struct bus_type *bus, const struct device_node *np)
      |                                                               ^
In file included from kernel/extable.c:8:
In file included from ./include/linux/memory.h:19:
In file included from ./include/linux/node.h:18:
In file included from ./include/linux/device.h:31:
./include/linux/device/class.h:140:64: warning: declaration of 'struct device_node' will not be visible outside of this function [-Wvisibility]
  140 | class_find_device_by_of_node(struct class *class, const struct device_node *np)
      |                                                                ^
In file included from kernel/extable.c:8:
In file included from ./include/linux/memory.h:19:
In file included from ./include/linux/node.h:18:
In file included from ./include/linux/device.h:32:
./include/linux/device/driver.h:185:23: warning: declaration of 'struct device_node' will not be visible outside of this function [-Wvisibility]
  185 |                               const struct device_node *np)
      |                                            ^
In file included from kernel/extable.c:14:
In file included from ./include/linux/filter.h:12:
./include/linux/skbuff.h:35:10: fatal error: 'net/flow_dissector.h' file not found
   35 | #include <net/flow_dissector.h>
      |          ^~~~~~~~~~~~~~~~~~~~~~
3 warnings and 1 error generated.
make[1]: *** [scripts/Makefile.build:249: kernel/extable.o] Error 1
  CC      kernel/kthread.o
In file included from kernel/kthread.c:19:
./include/linux/cgroup.h:41:44: warning: declaration of 'struct cgroupstats' will not be visible outside of this function [-Wvisibility]
   41 | static inline int cgroupstats_build(struct cgroupstats *stats,
      |                                            ^
kernel/kthread.c:687:5: warning: '/*' within block comment [-Wcomment]
  687 |         /* /* trace_sched_kthread_stop( */k); */
      |            ^
kernel/kthread.c:687:37: error: extraneous ')' before ';'
  687 |         /* /* trace_sched_kthread_stop( */k); */
      |                                            ^
kernel/kthread.c:687:41: error: expected expression
  687 |         /* /* trace_sched_kthread_stop( */k); */
      |                                                ^
kernel/kthread.c:698:5: warning: '/*' within block comment [-Wcomment]
  698 |         /* /* trace_sched_kthread_stop_ret( */ret); */
      |            ^
kernel/kthread.c:698:43: error: extraneous ')' before ';'
  698 |         /* /* trace_sched_kthread_stop_ret( */ret); */
      |                                                  ^
kernel/kthread.c:698:47: error: expected expression
  698 |         /* /* trace_sched_kthread_stop_ret( */ret); */
      |                                                      ^
kernel/kthread.c:699:2: error: expected expression
  699 |         return ret;
      |         ^
kernel/kthread.c:687:36: warning: expression result unused [-Wunused-value]
  687 |         /* /* trace_sched_kthread_stop( */k); */
      |                                           ^
kernel/kthread.c:698:40: warning: expression result unused [-Wunused-value]
  698 |         /* /* trace_sched_kthread_stop_ret( */ret); */
      |                                               ^~~
kernel/kthread.c:807:6: warning: '/*' within block comment [-Wcomment]
  807 |                 /* /* trace_sched_kthread_work_execute_start( */work); */
      |                    ^
kernel/kthread.c:807:55: error: extraneous ')' before ';'
  807 |                 /* /* trace_sched_kthread_work_execute_start( */work); */
      |                                                                     ^
kernel/kthread.c:807:59: error: expected expression
  807 |                 /* /* trace_sched_kthread_work_execute_start( */work); */
      |                                                                         ^
kernel/kthread.c:813:6: warning: '/*' within block comment [-Wcomment]
  813 |                 /* /* trace_sched_kthread_work_execute_end( */work, func); */
      |                    ^
kernel/kthread.c:813:59: error: extraneous ')' before ';'
  813 |                 /* /* trace_sched_kthread_work_execute_end( */work, func); */
      |                                                                         ^
kernel/kthread.c:813:63: error: expected expression
  813 |                 /* /* trace_sched_kthread_work_execute_end( */work, func); */
      |                                                                             ^
kernel/kthread.c:814:2: error: expected expression
  814 |         } else if (!freezing(current))
      |         ^
kernel/kthread.c:807:51: warning: expression result unused [-Wunused-value]
  807 |                 /* /* trace_sched_kthread_work_execute_start( */work); */
      |                                                                 ^~~~
kernel/kthread.c:813:49: warning: left operand of comma operator has no effect [-Wunused-value]
  813 |                 /* /* trace_sched_kthread_work_execute_end( */work, func); */
      |                                                               ^~~~
kernel/kthread.c:813:55: warning: expression result unused [-Wunused-value]
  813 |                 /* /* trace_sched_kthread_work_execute_end( */work, func); */
      |                                                                     ^~~~
kernel/kthread.c:960:5: warning: '/*' within block comment [-Wcomment]
  960 |         /* /* trace_sched_kthread_work_queue_work( */worker, work); */
      |            ^
kernel/kthread.c:960:59: error: extraneous ')' before ';'
  960 |         /* /* trace_sched_kthread_work_queue_work( */worker, work); */
      |                                                                  ^
kernel/kthread.c:960:63: error: expected expression
  960 |         /* /* trace_sched_kthread_work_queue_work( */worker, work); */
      |                                                                      ^
kernel/kthread.c:960:47: warning: left operand of comma operator has no effect [-Wunused-value]
  960 |         /* /* trace_sched_kthread_work_queue_work( */worker, work); */
      |                                                      ^~~~~~
kernel/kthread.c:960:55: warning: expression result unused [-Wunused-value]
  960 |         /* /* trace_sched_kthread_work_queue_work( */worker, work); */
      |                                                              ^~~~
13 warnings and 12 errors generated.
make[1]: *** [scripts/Makefile.build:249: kernel/kthread.o] Error 1
  CC      kernel/nsproxy.o
In file included from kernel/nsproxy.c:26:
./include/linux/syscalls.h:129:49: warning: declaration of 'struct trace_event_call' will not be visible outside of this function [-Wvisibility]
  129 | static inline int is_syscall_trace_event(struct trace_event_call *tp_event)
      |                                                 ^
In file included from kernel/nsproxy.c:27:
./include/linux/cgroup.h:41:44: warning: declaration of 'struct cgroupstats' will not be visible outside of this function [-Wvisibility]
   41 | static inline int cgroupstats_build(struct cgroupstats *stats,
      |                                            ^
In file included from kernel/nsproxy.c:28:
In file included from ./include/linux/perf_event.h:24:
In file included from ./arch/x86/include/asm/perf_event.h:5:
In file included from ./include/linux/static_call.h:135:
In file included from ./include/linux/cpu.h:17:
In file included from ./include/linux/node.h:18:
In file included from ./include/linux/device.h:30:
./include/linux/device/bus.h:190:63: warning: declaration of 'struct device_node' will not be visible outside of this function [-Wvisibility]
  190 | bus_find_device_by_of_node(struct bus_type *bus, const struct device_node *np)
      |                                                               ^
In file included from kernel/nsproxy.c:28:
In file included from ./include/linux/perf_event.h:24:
In file included from ./arch/x86/include/asm/perf_event.h:5:
In file included from ./include/linux/static_call.h:135:
In file included from ./include/linux/cpu.h:17:
In file included from ./include/linux/node.h:18:
In file included from ./include/linux/device.h:31:
./include/linux/device/class.h:140:64: warning: declaration of 'struct device_node' will not be visible outside of this function [-Wvisibility]
  140 | class_find_device_by_of_node(struct class *class, const struct device_node *np)
      |                                                                ^
In file included from kernel/nsproxy.c:28:
In file included from ./include/linux/perf_event.h:24:
In file included from ./arch/x86/include/asm/perf_event.h:5:
In file included from ./include/linux/static_call.h:135:
In file included from ./include/linux/cpu.h:17:
In file included from ./include/linux/node.h:18:
In file included from ./include/linux/device.h:32:
./include/linux/device/driver.h:185:23: warning: declaration of 'struct device_node' will not be visible outside of this function [-Wvisibility]
  185 |                               const struct device_node *np)
      |                                            ^
kernel/nsproxy.c:97:20: error: call to undeclared function 'copy_net_ns'; ISO C99 and later do not support implicit function declarations [-Wimplicit-function-declaration]
   97 |         new_nsp->net_ns = copy_net_ns(flags, user_ns, tsk->nsproxy->net_ns);
      |                           ^
kernel/nsproxy.c:97:20: note: did you mean 'copy_mnt_ns'?
./include/linux/mnt_namespace.h:11:30: note: 'copy_mnt_ns' declared here
   11 | extern struct mnt_namespace *copy_mnt_ns(unsigned long, struct mnt_namespace *,
      |                              ^
kernel/nsproxy.c:97:18: error: incompatible integer to pointer conversion assigning to 'struct net *' from 'int' [-Wint-conversion]
   97 |         new_nsp->net_ns = copy_net_ns(flags, user_ns, tsk->nsproxy->net_ns);
      |                         ^ ~~~~~~~~~~~~~~~~~~~~~~~~~~~~~~~~~~~~~~~~~~~~~~~~~
5 warnings and 2 errors generated.
make[1]: *** [scripts/Makefile.build:249: kernel/nsproxy.o] Error 1
  CC      kernel/reboot.o
In file included from kernel/reboot.c:17:
In file included from ./include/linux/suspend.h:5:
In file included from ./include/linux/swap.h:9:
In file included from ./include/linux/memcontrol.h:13:
./include/linux/cgroup.h:41:44: warning: declaration of 'struct cgroupstats' will not be visible outside of this function [-Wvisibility]
   41 | static inline int cgroupstats_build(struct cgroupstats *stats,
      |                                            ^
In file included from kernel/reboot.c:17:
In file included from ./include/linux/suspend.h:5:
In file included from ./include/linux/swap.h:9:
In file included from ./include/linux/memcontrol.h:22:
In file included from ./include/linux/writeback.h:13:
In file included from ./include/linux/blk_types.h:11:
In file included from ./include/linux/device.h:30:
./include/linux/device/bus.h:190:63: warning: declaration of 'struct device_node' will not be visible outside of this function [-Wvisibility]
  190 | bus_find_device_by_of_node(struct bus_type *bus, const struct device_node *np)
      |                                                               ^
In file included from kernel/reboot.c:17:
In file included from ./include/linux/suspend.h:5:
In file included from ./include/linux/swap.h:9:
In file included from ./include/linux/memcontrol.h:22:
In file included from ./include/linux/writeback.h:13:
In file included from ./include/linux/blk_types.h:11:
In file included from ./include/linux/device.h:31:
./include/linux/device/class.h:140:64: warning: declaration of 'struct device_node' will not be visible outside of this function [-Wvisibility]
  140 | class_find_device_by_of_node(struct class *class, const struct device_node *np)
      |                                                                ^
In file included from kernel/reboot.c:17:
In file included from ./include/linux/suspend.h:5:
In file included from ./include/linux/swap.h:9:
In file included from ./include/linux/memcontrol.h:22:
In file included from ./include/linux/writeback.h:13:
In file included from ./include/linux/blk_types.h:11:
In file included from ./include/linux/device.h:32:
./include/linux/device/driver.h:185:23: warning: declaration of 'struct device_node' will not be visible outside of this function [-Wvisibility]
  185 |                               const struct device_node *np)
      |                                            ^
In file included from kernel/reboot.c:18:
./include/linux/syscalls.h:129:49: warning: declaration of 'struct trace_event_call' will not be visible outside of this function [-Wvisibility]
  129 | static inline int is_syscall_trace_event(struct trace_event_call *tp_event)
      |                                                 ^
kernel/reboot.c:229:2: error: call to undeclared function 'cpu_hotplug_disable'; ISO C99 and later do not support implicit function declarations [-Wimplicit-function-declaration]
  229 |         cpu_hotplug_disable();
      |         ^
5 warnings and 1 error generated.
make[1]: *** [scripts/Makefile.build:249: kernel/reboot.o] Error 1
make[1]: Target '__build' not remade because of errors.
make: *** [Makefile:1839: kernel] Error 2
  CC      mm/oom_kill.o
In file included from mm/oom_kill.c:30:
In file included from ./include/linux/swap.h:9:
In file included from ./include/linux/memcontrol.h:13:
./include/linux/cgroup.h:41:44: warning: declaration of 'struct cgroupstats' will not be visible outside of this function [-Wvisibility]
   41 | static inline int cgroupstats_build(struct cgroupstats *stats,
      |                                            ^
In file included from mm/oom_kill.c:30:
In file included from ./include/linux/swap.h:9:
In file included from ./include/linux/memcontrol.h:22:
In file included from ./include/linux/writeback.h:13:
In file included from ./include/linux/blk_types.h:11:
In file included from ./include/linux/device.h:30:
./include/linux/device/bus.h:190:63: warning: declaration of 'struct device_node' will not be visible outside of this function [-Wvisibility]
  190 | bus_find_device_by_of_node(struct bus_type *bus, const struct device_node *np)
      |                                                               ^
In file included from mm/oom_kill.c:30:
In file included from ./include/linux/swap.h:9:
In file included from ./include/linux/memcontrol.h:22:
In file included from ./include/linux/writeback.h:13:
In file included from ./include/linux/blk_types.h:11:
In file included from ./include/linux/device.h:31:
./include/linux/device/class.h:140:64: warning: declaration of 'struct device_node' will not be visible outside of this function [-Wvisibility]
  140 | class_find_device_by_of_node(struct class *class, const struct device_node *np)
      |                                                                ^
In file included from mm/oom_kill.c:30:
In file included from ./include/linux/swap.h:9:
In file included from ./include/linux/memcontrol.h:22:
In file included from ./include/linux/writeback.h:13:
In file included from ./include/linux/blk_types.h:11:
In file included from ./include/linux/device.h:32:
./include/linux/device/driver.h:185:23: warning: declaration of 'struct device_node' will not be visible outside of this function [-Wvisibility]
  185 |                               const struct device_node *np)
      |                                            ^
In file included from mm/oom_kill.c:31:
./include/linux/syscalls.h:129:49: warning: declaration of 'struct trace_event_call' will not be visible outside of this function [-Wvisibility]
  129 | static inline int is_syscall_trace_event(struct trace_event_call *tp_event)
      |                                                 ^
5 warnings generated.
  CC      mm/fadvise.o
In file included from mm/fadvise.c:16:
In file included from ./include/linux/backing-dev.h:15:
In file included from ./include/linux/device.h:30:
./include/linux/device/bus.h:190:63: warning: declaration of 'struct device_node' will not be visible outside of this function [-Wvisibility]
  190 | bus_find_device_by_of_node(struct bus_type *bus, const struct device_node *np)
      |                                                               ^
In file included from mm/fadvise.c:16:
In file included from ./include/linux/backing-dev.h:15:
In file included from ./include/linux/device.h:31:
./include/linux/device/class.h:140:64: warning: declaration of 'struct device_node' will not be visible outside of this function [-Wvisibility]
  140 | class_find_device_by_of_node(struct class *class, const struct device_node *np)
      |                                                                ^
In file included from mm/fadvise.c:16:
In file included from ./include/linux/backing-dev.h:15:
In file included from ./include/linux/device.h:32:
./include/linux/device/driver.h:185:23: warning: declaration of 'struct device_node' will not be visible outside of this function [-Wvisibility]
  185 |                               const struct device_node *np)
      |                                            ^
In file included from mm/fadvise.c:20:
./include/linux/syscalls.h:129:49: warning: declaration of 'struct trace_event_call' will not be visible outside of this function [-Wvisibility]
  129 | static inline int is_syscall_trace_event(struct trace_event_call *tp_event)
      |                                                 ^
./include/linux/syscalls.h:325:15: warning: declaration of 'struct ipc_namespace' will not be visible outside of this function [-Wvisibility]
  325 |                      struct ipc_namespace *ns);
      |                             ^
In file included from mm/fadvise.c:21:
In file included from ./include/linux/swap.h:9:
In file included from ./include/linux/memcontrol.h:13:
./include/linux/cgroup.h:41:44: warning: declaration of 'struct cgroupstats' will not be visible outside of this function [-Wvisibility]
   41 | static inline int cgroupstats_build(struct cgroupstats *stats,
      |                                            ^
6 warnings generated.
  CC      mm/page-writeback.o
In file included from mm/page-writeback.c:20:
In file included from ./include/linux/swap.h:9:
In file included from ./include/linux/memcontrol.h:13:
./include/linux/cgroup.h:41:44: warning: declaration of 'struct cgroupstats' will not be visible outside of this function [-Wvisibility]
   41 | static inline int cgroupstats_build(struct cgroupstats *stats,
      |                                            ^
In file included from mm/page-writeback.c:20:
In file included from ./include/linux/swap.h:9:
In file included from ./include/linux/memcontrol.h:22:
In file included from ./include/linux/writeback.h:13:
In file included from ./include/linux/blk_types.h:11:
In file included from ./include/linux/device.h:30:
./include/linux/device/bus.h:190:63: warning: declaration of 'struct device_node' will not be visible outside of this function [-Wvisibility]
  190 | bus_find_device_by_of_node(struct bus_type *bus, const struct device_node *np)
      |                                                               ^
In file included from mm/page-writeback.c:20:
In file included from ./include/linux/swap.h:9:
In file included from ./include/linux/memcontrol.h:22:
In file included from ./include/linux/writeback.h:13:
In file included from ./include/linux/blk_types.h:11:
In file included from ./include/linux/device.h:31:
./include/linux/device/class.h:140:64: warning: declaration of 'struct device_node' will not be visible outside of this function [-Wvisibility]
  140 | class_find_device_by_of_node(struct class *class, const struct device_node *np)
      |                                                                ^
In file included from mm/page-writeback.c:20:
In file included from ./include/linux/swap.h:9:
In file included from ./include/linux/memcontrol.h:22:
In file included from ./include/linux/writeback.h:13:
In file included from ./include/linux/blk_types.h:11:
In file included from ./include/linux/device.h:32:
./include/linux/device/driver.h:185:23: warning: declaration of 'struct device_node' will not be visible outside of this function [-Wvisibility]
  185 |                               const struct device_node *np)
      |                                            ^
In file included from mm/page-writeback.c:27:
./include/linux/blkdev.h:281:39: warning: declaration of 'struct blk_zone' will not be visible outside of this function [-Wvisibility]
  281 | typedef int (*report_zones_cb)(struct blk_zone *zone, unsigned int idx,
      |                                       ^
In file included from mm/page-writeback.c:34:
./include/linux/syscalls.h:129:49: warning: declaration of 'struct trace_event_call' will not be visible outside of this function [-Wvisibility]
  129 | static inline int is_syscall_trace_event(struct trace_event_call *tp_event)
      |                                                 ^
mm/page-writeback.c:40:10: fatal error: 'trace/events/writeback.h' file not found
   40 | #include <trace/events/writeback.h>
      |          ^~~~~~~~~~~~~~~~~~~~~~~~~~
6 warnings and 1 error generated.
make[1]: *** [scripts/Makefile.build:249: mm/page-writeback.o] Error 1
  CC      mm/readahead.o
In file included from mm/readahead.c:116:
In file included from ./include/linux/blkdev.h:9:
In file included from ./include/linux/blk_types.h:11:
In file included from ./include/linux/device.h:30:
./include/linux/device/bus.h:190:63: warning: declaration of 'struct device_node' will not be visible outside of this function [-Wvisibility]
  190 | bus_find_device_by_of_node(struct bus_type *bus, const struct device_node *np)
      |                                                               ^
In file included from mm/readahead.c:116:
In file included from ./include/linux/blkdev.h:9:
In file included from ./include/linux/blk_types.h:11:
In file included from ./include/linux/device.h:31:
./include/linux/device/class.h:140:64: warning: declaration of 'struct device_node' will not be visible outside of this function [-Wvisibility]
  140 | class_find_device_by_of_node(struct class *class, const struct device_node *np)
      |                                                                ^
In file included from mm/readahead.c:116:
In file included from ./include/linux/blkdev.h:9:
In file included from ./include/linux/blk_types.h:11:
In file included from ./include/linux/device.h:32:
./include/linux/device/driver.h:185:23: warning: declaration of 'struct device_node' will not be visible outside of this function [-Wvisibility]
  185 |                               const struct device_node *np)
      |                                            ^
In file included from mm/readahead.c:116:
./include/linux/blkdev.h:281:39: warning: declaration of 'struct blk_zone' will not be visible outside of this function [-Wvisibility]
  281 | typedef int (*report_zones_cb)(struct blk_zone *zone, unsigned int idx,
      |                                       ^
In file included from mm/readahead.c:125:
./include/linux/syscalls.h:129:49: warning: declaration of 'struct trace_event_call' will not be visible outside of this function [-Wvisibility]
  129 | static inline int is_syscall_trace_event(struct trace_event_call *tp_event)
      |                                                 ^
./include/linux/syscalls.h:325:15: warning: declaration of 'struct ipc_namespace' will not be visible outside of this function [-Wvisibility]
  325 |                      struct ipc_namespace *ns);
      |                             ^
In file included from mm/readahead.c:127:
In file included from ./include/linux/mm_inline.h:7:
In file included from ./include/linux/swap.h:9:
In file included from ./include/linux/memcontrol.h:13:
./include/linux/cgroup.h:41:44: warning: declaration of 'struct cgroupstats' will not be visible outside of this function [-Wvisibility]
   41 | static inline int cgroupstats_build(struct cgroupstats *stats,
      |                                            ^
7 warnings generated.
  CC      mm/swap.o
In file included from mm/swap.c:20:
In file included from ./include/linux/swap.h:9:
In file included from ./include/linux/memcontrol.h:13:
./include/linux/cgroup.h:41:44: warning: declaration of 'struct cgroupstats' will not be visible outside of this function [-Wvisibility]
   41 | static inline int cgroupstats_build(struct cgroupstats *stats,
      |                                            ^
In file included from mm/swap.c:20:
In file included from ./include/linux/swap.h:9:
In file included from ./include/linux/memcontrol.h:22:
In file included from ./include/linux/writeback.h:13:
In file included from ./include/linux/blk_types.h:11:
In file included from ./include/linux/device.h:30:
./include/linux/device/bus.h:190:63: warning: declaration of 'struct device_node' will not be visible outside of this function [-Wvisibility]
  190 | bus_find_device_by_of_node(struct bus_type *bus, const struct device_node *np)
      |                                                               ^
In file included from mm/swap.c:20:
In file included from ./include/linux/swap.h:9:
In file included from ./include/linux/memcontrol.h:22:
In file included from ./include/linux/writeback.h:13:
In file included from ./include/linux/blk_types.h:11:
In file included from ./include/linux/device.h:31:
./include/linux/device/class.h:140:64: warning: declaration of 'struct device_node' will not be visible outside of this function [-Wvisibility]
  140 | class_find_device_by_of_node(struct class *class, const struct device_node *np)
      |                                                                ^
In file included from mm/swap.c:20:
In file included from ./include/linux/swap.h:9:
In file included from ./include/linux/memcontrol.h:22:
In file included from ./include/linux/writeback.h:13:
In file included from ./include/linux/blk_types.h:11:
In file included from ./include/linux/device.h:32:
./include/linux/device/driver.h:185:23: warning: declaration of 'struct device_node' will not be visible outside of this function [-Wvisibility]
  185 |                               const struct device_node *np)
      |                                            ^
mm/swap.c:313:3: error: call to undeclared function 'trace_mm_lru_activate'; ISO C99 and later do not support implicit function declarations [-Wimplicit-function-declaration]
  313 |                 trace_mm_lru_activate(folio);
      |                 ^
mm/swap.c:880:2: error: call to undeclared function 'trace_mm_lru_insertion'; ISO C99 and later do not support implicit function declarations [-Wimplicit-function-declaration]
  880 |         trace_mm_lru_insertion(folio);
      |         ^
4 warnings and 2 errors generated.
make[1]: *** [scripts/Makefile.build:249: mm/swap.o] Error 1
  CC      mm/vmscan.o
In file included from mm/vmscan.c:20:
In file included from ./include/linux/swap.h:9:
In file included from ./include/linux/memcontrol.h:13:
./include/linux/cgroup.h:41:44: warning: declaration of 'struct cgroupstats' will not be visible outside of this function [-Wvisibility]
   41 | static inline int cgroupstats_build(struct cgroupstats *stats,
      |                                            ^
In file included from mm/vmscan.c:20:
In file included from ./include/linux/swap.h:9:
In file included from ./include/linux/memcontrol.h:22:
In file included from ./include/linux/writeback.h:13:
In file included from ./include/linux/blk_types.h:11:
In file included from ./include/linux/device.h:30:
./include/linux/device/bus.h:190:63: warning: declaration of 'struct device_node' will not be visible outside of this function [-Wvisibility]
  190 | bus_find_device_by_of_node(struct bus_type *bus, const struct device_node *np)
      |                                                               ^
In file included from mm/vmscan.c:20:
In file included from ./include/linux/swap.h:9:
In file included from ./include/linux/memcontrol.h:22:
In file included from ./include/linux/writeback.h:13:
In file included from ./include/linux/blk_types.h:11:
In file included from ./include/linux/device.h:31:
./include/linux/device/class.h:140:64: warning: declaration of 'struct device_node' will not be visible outside of this function [-Wvisibility]
  140 | class_find_device_by_of_node(struct class *class, const struct device_node *np)
      |                                                                ^
In file included from mm/vmscan.c:20:
In file included from ./include/linux/swap.h:9:
In file included from ./include/linux/memcontrol.h:22:
In file included from ./include/linux/writeback.h:13:
In file included from ./include/linux/blk_types.h:11:
In file included from ./include/linux/device.h:32:
./include/linux/device/driver.h:185:23: warning: declaration of 'struct device_node' will not be visible outside of this function [-Wvisibility]
  185 |                               const struct device_node *np)
      |                                            ^
In file included from mm/vmscan.c:28:
./include/linux/blkdev.h:281:39: warning: declaration of 'struct blk_zone' will not be visible outside of this function [-Wvisibility]
  281 | typedef int (*report_zones_cb)(struct blk_zone *zone, unsigned int idx,
      |                                       ^
In file included from mm/vmscan.c:45:
./include/linux/delayacct.h:27:44: warning: declaration of 'struct taskstats' will not be visible outside of this function [-Wvisibility]
   27 | static inline int delayacct_add_tsk(struct taskstats *d,
      |                                            ^
mm/vmscan.c:476:2: error: call to undeclared function 'trace_mm_shrink_slab_start'; ISO C99 and later do not support implicit function declarations [-Wimplicit-function-declaration]
  476 |         trace_mm_shrink_slab_start(shrinker, shrinkctl, nr,
      |         ^
mm/vmscan.c:528:2: error: call to undeclared function 'trace_mm_shrink_slab_end'; ISO C99 and later do not support implicit function declarations [-Wimplicit-function-declaration]
  528 |         trace_mm_shrink_slab_end(shrinker, shrinkctl->nid, freed, nr, new_nr, total_scan);
      |         ^
mm/vmscan.c:762:2: error: call to undeclared function 'trace_mm_vmscan_throttled'; ISO C99 and later do not support implicit function declarations [-Wimplicit-function-declaration]
  762 |         trace_mm_vmscan_throttled(pgdat->node_id, jiffies_to_usecs(timeout),
      |         ^
mm/vmscan.c:871:3: error: call to undeclared function 'trace_mm_vmscan_write_folio'; ISO C99 and later do not support implicit function declarations [-Wimplicit-function-declaration]
  871 |                 trace_mm_vmscan_write_folio(folio);
      |                 ^
mm/vmscan.c:1815:2: error: call to undeclared function 'trace_mm_vmscan_lru_isolate'; ISO C99 and later do not support implicit function declarations [-Wimplicit-function-declaration]
 1815 |         trace_mm_vmscan_lru_isolate(sc->reclaim_idx, sc->order, nr_to_scan,
      |         ^
mm/vmscan.c:2078:2: error: call to undeclared function 'trace_mm_vmscan_lru_shrink_inactive'; ISO C99 and later do not support implicit function declarations [-Wimplicit-function-declaration]
 2078 |         trace_mm_vmscan_lru_shrink_inactive(pgdat->node_id,
      |         ^
mm/vmscan.c:2195:2: error: call to undeclared function 'trace_mm_vmscan_lru_shrink_active'; ISO C99 and later do not support implicit function declarations [-Wimplicit-function-declaration]
 2195 |         trace_mm_vmscan_lru_shrink_active(pgdat->node_id, nr_taken, nr_activate,
      |         ^
mm/vmscan.c:3425:2: error: call to undeclared function 'trace_mm_vmscan_direct_reclaim_begin'; ISO C99 and later do not support implicit function declarations [-Wimplicit-function-declaration]
 3425 |         trace_mm_vmscan_direct_reclaim_begin(order, sc.gfp_mask);
      |         ^
mm/vmscan.c:3429:2: error: call to undeclared function 'trace_mm_vmscan_direct_reclaim_end'; ISO C99 and later do not support implicit function declarations [-Wimplicit-function-declaration]
 3429 |         trace_mm_vmscan_direct_reclaim_end(nr_reclaimed);
      |         ^
mm/vmscan.c:3941:3: error: call to undeclared function 'trace_mm_vmscan_kswapd_sleep'; ISO C99 and later do not support implicit function declarations [-Wimplicit-function-declaration]
 3941 |                 trace_mm_vmscan_kswapd_sleep(pgdat->node_id);
      |                 ^
mm/vmscan.c:4045:3: error: call to undeclared function 'trace_mm_vmscan_kswapd_wake'; ISO C99 and later do not support implicit function declarations [-Wimplicit-function-declaration]
 4045 |                 trace_mm_vmscan_kswapd_wake(pgdat->node_id, highest_zoneidx,
      |                 ^
mm/vmscan.c:4105:2: error: call to undeclared function 'trace_mm_vmscan_wakeup_kswapd'; ISO C99 and later do not support implicit function declarations [-Wimplicit-function-declaration]
 4105 |         trace_mm_vmscan_wakeup_kswapd(pgdat->node_id, highest_zoneidx, order,
      |         ^
6 warnings and 12 errors generated.
make[1]: *** [scripts/Makefile.build:249: mm/vmscan.o] Error 1
  CC      mm/backing-dev.o
In file included from mm/backing-dev.c:3:
In file included from ./include/linux/blkdev.h:9:
In file included from ./include/linux/blk_types.h:11:
In file included from ./include/linux/device.h:30:
./include/linux/device/bus.h:190:63: warning: declaration of 'struct device_node' will not be visible outside of this function [-Wvisibility]
  190 | bus_find_device_by_of_node(struct bus_type *bus, const struct device_node *np)
      |                                                               ^
In file included from mm/backing-dev.c:3:
In file included from ./include/linux/blkdev.h:9:
In file included from ./include/linux/blk_types.h:11:
In file included from ./include/linux/device.h:31:
./include/linux/device/class.h:140:64: warning: declaration of 'struct device_node' will not be visible outside of this function [-Wvisibility]
  140 | class_find_device_by_of_node(struct class *class, const struct device_node *np)
      |                                                                ^
In file included from mm/backing-dev.c:3:
In file included from ./include/linux/blkdev.h:9:
In file included from ./include/linux/blk_types.h:11:
In file included from ./include/linux/device.h:32:
./include/linux/device/driver.h:185:23: warning: declaration of 'struct device_node' will not be visible outside of this function [-Wvisibility]
  185 |                               const struct device_node *np)
      |                                            ^
In file included from mm/backing-dev.c:3:
./include/linux/blkdev.h:281:39: warning: declaration of 'struct blk_zone' will not be visible outside of this function [-Wvisibility]
  281 | typedef int (*report_zones_cb)(struct blk_zone *zone, unsigned int idx,
      |                                       ^
mm/backing-dev.c:420:2: error: call to undeclared function 'trace_writeback_bdi_register'; ISO C99 and later do not support implicit function declarations [-Wimplicit-function-declaration]
  420 |         trace_writeback_bdi_register(bdi);
      |         ^
4 warnings and 1 error generated.
make[1]: *** [scripts/Makefile.build:249: mm/backing-dev.o] Error 1
  CC      mm/percpu.o
In file included from mm/percpu.c:90:
In file included from ./include/linux/memcontrol.h:13:
./include/linux/cgroup.h:41:44: warning: declaration of 'struct cgroupstats' will not be visible outside of this function [-Wvisibility]
   41 | static inline int cgroupstats_build(struct cgroupstats *stats,
      |                                            ^
In file included from mm/percpu.c:90:
In file included from ./include/linux/memcontrol.h:22:
In file included from ./include/linux/writeback.h:13:
In file included from ./include/linux/blk_types.h:11:
In file included from ./include/linux/device.h:30:
./include/linux/device/bus.h:190:63: warning: declaration of 'struct device_node' will not be visible outside of this function [-Wvisibility]
  190 | bus_find_device_by_of_node(struct bus_type *bus, const struct device_node *np)
      |                                                               ^
In file included from mm/percpu.c:90:
In file included from ./include/linux/memcontrol.h:22:
In file included from ./include/linux/writeback.h:13:
In file included from ./include/linux/blk_types.h:11:
In file included from ./include/linux/device.h:31:
./include/linux/device/class.h:140:64: warning: declaration of 'struct device_node' will not be visible outside of this function [-Wvisibility]
  140 | class_find_device_by_of_node(struct class *class, const struct device_node *np)
      |                                                                ^
In file included from mm/percpu.c:90:
In file included from ./include/linux/memcontrol.h:22:
In file included from ./include/linux/writeback.h:13:
In file included from ./include/linux/blk_types.h:11:
In file included from ./include/linux/device.h:32:
./include/linux/device/driver.h:185:23: warning: declaration of 'struct device_node' will not be visible outside of this function [-Wvisibility]
  185 |                               const struct device_node *np)
      |                                            ^
In file included from mm/percpu.c:1550:
mm/percpu-km.c:79:2: error: call to undeclared function 'trace_percpu_create_chunk'; ISO C99 and later do not support implicit function declarations [-Wimplicit-function-declaration]
   79 |         trace_percpu_create_chunk(chunk->base_addr);
      |         ^
mm/percpu-km.c:79:2: note: did you mean 'pcpu_create_chunk'?
mm/percpu-km.c:50:27: note: 'pcpu_create_chunk' declared here
   50 | static struct pcpu_chunk *pcpu_create_chunk(gfp_t gfp)
      |                           ^
mm/percpu-km.c:92:2: error: call to undeclared function 'trace_percpu_destroy_chunk'; ISO C99 and later do not support implicit function declarations [-Wimplicit-function-declaration]
   92 |         trace_percpu_destroy_chunk(chunk->base_addr);
      |         ^
mm/percpu-km.c:92:2: note: did you mean 'pcpu_destroy_chunk'?
mm/percpu-km.c:84:13: note: 'pcpu_destroy_chunk' declared here
   84 | static void pcpu_destroy_chunk(struct pcpu_chunk *chunk)
      |             ^
   85 | {
   86 |         const int nr_pages = pcpu_group_sizes[0] >> PAGE_SHIFT;
   87 | 
   88 |         if (!chunk)
   89 |                 return;
   90 | 
   91 |         pcpu_stats_chunk_dealloc();
   92 |         trace_percpu_destroy_chunk(chunk->base_addr);
      |         ~~~~~~~~~~~~~~~~~~~~~~~~~~
      |         pcpu_destroy_chunk
mm/percpu.c:1779:2: error: call to undeclared function 'trace_percpu_alloc_percpu'; ISO C99 and later do not support implicit function declarations [-Wimplicit-function-declaration]
 1779 |         trace_percpu_alloc_percpu(_RET_IP_, reserved, is_atomic, size, align,
      |         ^
mm/percpu.c:1790:2: error: call to undeclared function 'trace_percpu_alloc_percpu_fail'; ISO C99 and later do not support implicit function declarations [-Wimplicit-function-declaration]
 1790 |         trace_percpu_alloc_percpu_fail(reserved, is_atomic, size, align);
      |         ^
mm/percpu.c:2196:2: error: call to undeclared function 'trace_percpu_free_percpu'; ISO C99 and later do not support implicit function declarations [-Wimplicit-function-declaration]
 2196 |         trace_percpu_free_percpu(chunk->base_addr, off, ptr);
      |         ^
mm/percpu.c:2645:2: error: call to undeclared function 'trace_percpu_create_chunk'; ISO C99 and later do not support implicit function declarations [-Wimplicit-function-declaration]
 2645 |         trace_percpu_create_chunk(base_addr);
      |         ^
4 warnings and 6 errors generated.
make[1]: *** [scripts/Makefile.build:249: mm/percpu.o] Error 1
  CC      mm/debug.o
In file included from mm/debug.c:12:
In file included from ./include/linux/memcontrol.h:13:
./include/linux/cgroup.h:41:44: warning: declaration of 'struct cgroupstats' will not be visible outside of this function [-Wvisibility]
   41 | static inline int cgroupstats_build(struct cgroupstats *stats,
      |                                            ^
In file included from mm/debug.c:12:
In file included from ./include/linux/memcontrol.h:22:
In file included from ./include/linux/writeback.h:13:
In file included from ./include/linux/blk_types.h:11:
In file included from ./include/linux/device.h:30:
./include/linux/device/bus.h:190:63: warning: declaration of 'struct device_node' will not be visible outside of this function [-Wvisibility]
  190 | bus_find_device_by_of_node(struct bus_type *bus, const struct device_node *np)
      |                                                               ^
In file included from mm/debug.c:12:
In file included from ./include/linux/memcontrol.h:22:
In file included from ./include/linux/writeback.h:13:
In file included from ./include/linux/blk_types.h:11:
In file included from ./include/linux/device.h:31:
./include/linux/device/class.h:140:64: warning: declaration of 'struct device_node' will not be visible outside of this function [-Wvisibility]
  140 | class_find_device_by_of_node(struct class *class, const struct device_node *np)
      |                                                                ^
In file included from mm/debug.c:12:
In file included from ./include/linux/memcontrol.h:22:
In file included from ./include/linux/writeback.h:13:
In file included from ./include/linux/blk_types.h:11:
In file included from ./include/linux/device.h:32:
./include/linux/device/driver.h:185:23: warning: declaration of 'struct device_node' will not be visible outside of this function [-Wvisibility]
  185 |                               const struct device_node *np)
      |                                            ^
mm/debug.c:29:2: error: use of undeclared identifier 'MIGRATE_REASON'; did you mean 'MIGRATE_ASYNC'?
   29 |         MIGRATE_REASON
      |         ^~~~~~~~~~~~~~
      |         MIGRATE_ASYNC
./include/linux/migrate_mode.h:16:2: note: 'MIGRATE_ASYNC' declared here
   16 |         MIGRATE_ASYNC,
      |         ^
mm/debug.c:29:2: warning: expression which evaluates to zero treated as a null pointer constant of type 'const char *' [-Wnon-literal-null-conversion]
   29 |         MIGRATE_REASON
      |         ^~~~~~~~~~~~~~
mm/debug.c:33:2: error: use of undeclared identifier '__def_pageflag_names'; did you mean 'pageflag_names'?
   33 |         __def_pageflag_names,
      |         ^~~~~~~~~~~~~~~~~~~~
      |         pageflag_names
mm/debug.c:32:32: note: 'pageflag_names' declared here
   32 | const struct trace_print_flags pageflag_names[] = {
      |                                ^
mm/debug.c:33:2: error: incompatible pointer to integer conversion initializing 'unsigned long' with an expression of type 'const struct trace_print_flags[]' [-Wint-conversion]
   33 |         __def_pageflag_names,
      |         ^~~~~~~~~~~~~~~~~~~~
mm/debug.c:34:6: warning: excess elements in scalar initializer [-Wexcess-initializers]
   34 |         {0, NULL}
      |             ^~~~
./include/linux/stddef.h:8:14: note: expanded from macro 'NULL'
    8 | #define NULL ((void *)0)
      |              ^~~~~~~~~~~
mm/debug.c:33:2: warning: suggest braces around initialization of subobject [-Wmissing-braces]
   33 |         __def_pageflag_names,
      |         ^~~~~~~~~~~~~~~~~~~~~
      |         {
   34 |         {0, NULL}
      |         ~~~~~~~~~
      |                  }
mm/debug.c:38:2: error: use of undeclared identifier '__def_gfpflag_names'; did you mean 'gfpflag_names'?
   38 |         __def_gfpflag_names,
      |         ^~~~~~~~~~~~~~~~~~~
      |         gfpflag_names
mm/debug.c:37:32: note: 'gfpflag_names' declared here
   37 | const struct trace_print_flags gfpflag_names[] = {
      |                                ^
mm/debug.c:38:2: error: incompatible pointer to integer conversion initializing 'unsigned long' with an expression of type 'const struct trace_print_flags[]' [-Wint-conversion]
   38 |         __def_gfpflag_names,
      |         ^~~~~~~~~~~~~~~~~~~
mm/debug.c:39:6: warning: excess elements in scalar initializer [-Wexcess-initializers]
   39 |         {0, NULL}
      |             ^~~~
./include/linux/stddef.h:8:14: note: expanded from macro 'NULL'
    8 | #define NULL ((void *)0)
      |              ^~~~~~~~~~~
mm/debug.c:38:2: warning: suggest braces around initialization of subobject [-Wmissing-braces]
   38 |         __def_gfpflag_names,
      |         ^~~~~~~~~~~~~~~~~~~~
      |         {
   39 |         {0, NULL}
      |         ~~~~~~~~~
      |                  }
mm/debug.c:43:2: error: use of undeclared identifier '__def_vmaflag_names'; did you mean 'vmaflag_names'?
   43 |         __def_vmaflag_names,
      |         ^~~~~~~~~~~~~~~~~~~
      |         vmaflag_names
mm/debug.c:42:32: note: 'vmaflag_names' declared here
   42 | const struct trace_print_flags vmaflag_names[] = {
      |                                ^
mm/debug.c:43:2: error: incompatible pointer to integer conversion initializing 'unsigned long' with an expression of type 'const struct trace_print_flags[]' [-Wint-conversion]
   43 |         __def_vmaflag_names,
      |         ^~~~~~~~~~~~~~~~~~~
mm/debug.c:44:6: warning: excess elements in scalar initializer [-Wexcess-initializers]
   44 |         {0, NULL}
      |             ^~~~
./include/linux/stddef.h:8:14: note: expanded from macro 'NULL'
    8 | #define NULL ((void *)0)
      |              ^~~~~~~~~~~
mm/debug.c:43:2: warning: suggest braces around initialization of subobject [-Wmissing-braces]
   43 |         __def_vmaflag_names,
      |         ^~~~~~~~~~~~~~~~~~~~
      |         {
   44 |         {0, NULL}
      |         ~~~~~~~~~
      |                  }
11 warnings and 7 errors generated.
make[1]: *** [scripts/Makefile.build:249: mm/debug.o] Error 1
  CC      mm/memory.o
In file included from mm/memory.c:44:
In file included from ./include/linux/mm_inline.h:7:
In file included from ./include/linux/swap.h:9:
In file included from ./include/linux/memcontrol.h:13:
./include/linux/cgroup.h:41:44: warning: declaration of 'struct cgroupstats' will not be visible outside of this function [-Wvisibility]
   41 | static inline int cgroupstats_build(struct cgroupstats *stats,
      |                                            ^
In file included from mm/memory.c:44:
In file included from ./include/linux/mm_inline.h:7:
In file included from ./include/linux/swap.h:9:
In file included from ./include/linux/memcontrol.h:22:
In file included from ./include/linux/writeback.h:13:
In file included from ./include/linux/blk_types.h:11:
In file included from ./include/linux/device.h:30:
./include/linux/device/bus.h:190:63: warning: declaration of 'struct device_node' will not be visible outside of this function [-Wvisibility]
  190 | bus_find_device_by_of_node(struct bus_type *bus, const struct device_node *np)
      |                                                               ^
In file included from mm/memory.c:44:
In file included from ./include/linux/mm_inline.h:7:
In file included from ./include/linux/swap.h:9:
In file included from ./include/linux/memcontrol.h:22:
In file included from ./include/linux/writeback.h:13:
In file included from ./include/linux/blk_types.h:11:
In file included from ./include/linux/device.h:31:
./include/linux/device/class.h:140:64: warning: declaration of 'struct device_node' will not be visible outside of this function [-Wvisibility]
  140 | class_find_device_by_of_node(struct class *class, const struct device_node *np)
      |                                                                ^
In file included from mm/memory.c:44:
In file included from ./include/linux/mm_inline.h:7:
In file included from ./include/linux/swap.h:9:
In file included from ./include/linux/memcontrol.h:22:
In file included from ./include/linux/writeback.h:13:
In file included from ./include/linux/blk_types.h:11:
In file included from ./include/linux/device.h:32:
./include/linux/device/driver.h:185:23: warning: declaration of 'struct device_node' will not be visible outside of this function [-Wvisibility]
  185 |                               const struct device_node *np)
      |                                            ^
In file included from mm/memory.c:58:
./include/linux/delayacct.h:27:44: warning: declaration of 'struct taskstats' will not be visible outside of this function [-Wvisibility]
   27 | static inline int delayacct_add_tsk(struct taskstats *d,
      |                                            ^
mm/memory.c:169:2: error: call to undeclared function 'trace_rss_stat'; ISO C99 and later do not support implicit function declarations [-Wimplicit-function-declaration]
  169 |         trace_rss_stat(mm, member, count);
      |         ^
mm/memory.c:169:2: note: did you mean 'mm_trace_rss_stat'?
mm/memory.c:167:6: note: 'mm_trace_rss_stat' declared here
  167 | void mm_trace_rss_stat(struct mm_struct *mm, int member, long count)
      |      ^
  168 | {
  169 |         trace_rss_stat(mm, member, count);
      |         ~~~~~~~~~~~~~~
      |         mm_trace_rss_stat
5 warnings and 1 error generated.
make[1]: *** [scripts/Makefile.build:249: mm/memory.o] Error 1
  CC      mm/mincore.o
In file included from mm/mincore.c:15:
./include/linux/syscalls.h:129:49: warning: declaration of 'struct trace_event_call' will not be visible outside of this function [-Wvisibility]
  129 | static inline int is_syscall_trace_event(struct trace_event_call *tp_event)
      |                                                 ^
./include/linux/syscalls.h:325:15: warning: declaration of 'struct ipc_namespace' will not be visible outside of this function [-Wvisibility]
  325 |                      struct ipc_namespace *ns);
      |                             ^
In file included from mm/mincore.c:16:
In file included from ./include/linux/swap.h:9:
In file included from ./include/linux/memcontrol.h:13:
./include/linux/cgroup.h:41:44: warning: declaration of 'struct cgroupstats' will not be visible outside of this function [-Wvisibility]
   41 | static inline int cgroupstats_build(struct cgroupstats *stats,
      |                                            ^
In file included from mm/mincore.c:16:
In file included from ./include/linux/swap.h:9:
In file included from ./include/linux/memcontrol.h:22:
In file included from ./include/linux/writeback.h:13:
In file included from ./include/linux/blk_types.h:11:
In file included from ./include/linux/device.h:30:
./include/linux/device/bus.h:190:63: warning: declaration of 'struct device_node' will not be visible outside of this function [-Wvisibility]
  190 | bus_find_device_by_of_node(struct bus_type *bus, const struct device_node *np)
      |                                                               ^
In file included from mm/mincore.c:16:
In file included from ./include/linux/swap.h:9:
In file included from ./include/linux/memcontrol.h:22:
In file included from ./include/linux/writeback.h:13:
In file included from ./include/linux/blk_types.h:11:
In file included from ./include/linux/device.h:31:
./include/linux/device/class.h:140:64: warning: declaration of 'struct device_node' will not be visible outside of this function [-Wvisibility]
  140 | class_find_device_by_of_node(struct class *class, const struct device_node *np)
      |                                                                ^
In file included from mm/mincore.c:16:
In file included from ./include/linux/swap.h:9:
In file included from ./include/linux/memcontrol.h:22:
In file included from ./include/linux/writeback.h:13:
In file included from ./include/linux/blk_types.h:11:
In file included from ./include/linux/device.h:32:
./include/linux/device/driver.h:185:23: warning: declaration of 'struct device_node' will not be visible outside of this function [-Wvisibility]
  185 |                               const struct device_node *np)
      |                                            ^
6 warnings generated.
  CC      mm/mlock.o
In file included from mm/mlock.c:13:
In file included from ./include/linux/swap.h:9:
In file included from ./include/linux/memcontrol.h:13:
./include/linux/cgroup.h:41:44: warning: declaration of 'struct cgroupstats' will not be visible outside of this function [-Wvisibility]
   41 | static inline int cgroupstats_build(struct cgroupstats *stats,
      |                                            ^
In file included from mm/mlock.c:13:
In file included from ./include/linux/swap.h:9:
In file included from ./include/linux/memcontrol.h:22:
In file included from ./include/linux/writeback.h:13:
In file included from ./include/linux/blk_types.h:11:
In file included from ./include/linux/device.h:30:
./include/linux/device/bus.h:190:63: warning: declaration of 'struct device_node' will not be visible outside of this function [-Wvisibility]
  190 | bus_find_device_by_of_node(struct bus_type *bus, const struct device_node *np)
      |                                                               ^
In file included from mm/mlock.c:13:
In file included from ./include/linux/swap.h:9:
In file included from ./include/linux/memcontrol.h:22:
In file included from ./include/linux/writeback.h:13:
In file included from ./include/linux/blk_types.h:11:
In file included from ./include/linux/device.h:31:
./include/linux/device/class.h:140:64: warning: declaration of 'struct device_node' will not be visible outside of this function [-Wvisibility]
  140 | class_find_device_by_of_node(struct class *class, const struct device_node *np)
      |                                                                ^
In file included from mm/mlock.c:13:
In file included from ./include/linux/swap.h:9:
In file included from ./include/linux/memcontrol.h:22:
In file included from ./include/linux/writeback.h:13:
In file included from ./include/linux/blk_types.h:11:
In file included from ./include/linux/device.h:32:
./include/linux/device/driver.h:185:23: warning: declaration of 'struct device_node' will not be visible outside of this function [-Wvisibility]
  185 |                               const struct device_node *np)
      |                                            ^
In file included from mm/mlock.c:19:
./include/linux/syscalls.h:129:49: warning: declaration of 'struct trace_event_call' will not be visible outside of this function [-Wvisibility]
  129 | static inline int is_syscall_trace_event(struct trace_event_call *tp_event)
      |                                                 ^
5 warnings generated.
  CC      mm/mmap.o
In file included from mm/mmap.c:14:
In file included from ./include/linux/backing-dev.h:15:
In file included from ./include/linux/device.h:30:
./include/linux/device/bus.h:190:63: warning: declaration of 'struct device_node' will not be visible outside of this function [-Wvisibility]
  190 | bus_find_device_by_of_node(struct bus_type *bus, const struct device_node *np)
      |                                                               ^
In file included from mm/mmap.c:14:
In file included from ./include/linux/backing-dev.h:15:
In file included from ./include/linux/device.h:31:
./include/linux/device/class.h:140:64: warning: declaration of 'struct device_node' will not be visible outside of this function [-Wvisibility]
  140 | class_find_device_by_of_node(struct class *class, const struct device_node *np)
      |                                                                ^
In file included from mm/mmap.c:14:
In file included from ./include/linux/backing-dev.h:15:
In file included from ./include/linux/device.h:32:
./include/linux/device/driver.h:185:23: warning: declaration of 'struct device_node' will not be visible outside of this function [-Wvisibility]
  185 |                               const struct device_node *np)
      |                                            ^
In file included from mm/mmap.c:16:
In file included from ./include/linux/mm_inline.h:7:
In file included from ./include/linux/swap.h:9:
In file included from ./include/linux/memcontrol.h:13:
./include/linux/cgroup.h:41:44: warning: declaration of 'struct cgroupstats' will not be visible outside of this function [-Wvisibility]
   41 | static inline int cgroupstats_build(struct cgroupstats *stats,
      |                                            ^
In file included from mm/mmap.c:22:
./include/linux/syscalls.h:129:49: warning: declaration of 'struct trace_event_call' will not be visible outside of this function [-Wvisibility]
  129 | static inline int is_syscall_trace_event(struct trace_event_call *tp_event)
      |                                                 ^
mm/mmap.c:1979:2: error: call to undeclared function 'trace_vm_unmapped_area'; ISO C99 and later do not support implicit function declarations [-Wimplicit-function-declaration]
 1979 |         trace_vm_unmapped_area(addr, info);
      |         ^
5 warnings and 1 error generated.
make[1]: *** [scripts/Makefile.build:249: mm/mmap.o] Error 1
  CC      mm/mprotect.o
In file included from mm/mprotect.c:13:
In file included from ./include/linux/hugetlb.h:9:
./include/linux/cgroup.h:41:44: warning: declaration of 'struct cgroupstats' will not be visible outside of this function [-Wvisibility]
   41 | static inline int cgroupstats_build(struct cgroupstats *stats,
      |                                            ^
In file included from mm/mprotect.c:21:
./include/linux/syscalls.h:129:49: warning: declaration of 'struct trace_event_call' will not be visible outside of this function [-Wvisibility]
  129 | static inline int is_syscall_trace_event(struct trace_event_call *tp_event)
      |                                                 ^
In file included from mm/mprotect.c:22:
In file included from ./include/linux/swap.h:9:
In file included from ./include/linux/memcontrol.h:22:
In file included from ./include/linux/writeback.h:13:
In file included from ./include/linux/blk_types.h:11:
In file included from ./include/linux/device.h:30:
./include/linux/device/bus.h:190:63: warning: declaration of 'struct device_node' will not be visible outside of this function [-Wvisibility]
  190 | bus_find_device_by_of_node(struct bus_type *bus, const struct device_node *np)
      |                                                               ^
In file included from mm/mprotect.c:22:
In file included from ./include/linux/swap.h:9:
In file included from ./include/linux/memcontrol.h:22:
In file included from ./include/linux/writeback.h:13:
In file included from ./include/linux/blk_types.h:11:
In file included from ./include/linux/device.h:31:
./include/linux/device/class.h:140:64: warning: declaration of 'struct device_node' will not be visible outside of this function [-Wvisibility]
  140 | class_find_device_by_of_node(struct class *class, const struct device_node *np)
      |                                                                ^
In file included from mm/mprotect.c:22:
In file included from ./include/linux/swap.h:9:
In file included from ./include/linux/memcontrol.h:22:
In file included from ./include/linux/writeback.h:13:
In file included from ./include/linux/blk_types.h:11:
In file included from ./include/linux/device.h:32:
./include/linux/device/driver.h:185:23: warning: declaration of 'struct device_node' will not be visible outside of this function [-Wvisibility]
  185 |                               const struct device_node *np)
      |                                            ^
5 warnings generated.
  CC      mm/mremap.o
In file included from mm/mremap.c:12:
In file included from ./include/linux/hugetlb.h:9:
./include/linux/cgroup.h:41:44: warning: declaration of 'struct cgroupstats' will not be visible outside of this function [-Wvisibility]
   41 | static inline int cgroupstats_build(struct cgroupstats *stats,
      |                                            ^
In file included from mm/mremap.c:14:
In file included from ./include/linux/ksm.h:14:
In file included from ./include/linux/rmap.h:12:
In file included from ./include/linux/memcontrol.h:22:
In file included from ./include/linux/writeback.h:13:
In file included from ./include/linux/blk_types.h:11:
In file included from ./include/linux/device.h:30:
./include/linux/device/bus.h:190:63: warning: declaration of 'struct device_node' will not be visible outside of this function [-Wvisibility]
  190 | bus_find_device_by_of_node(struct bus_type *bus, const struct device_node *np)
      |                                                               ^
In file included from mm/mremap.c:14:
In file included from ./include/linux/ksm.h:14:
In file included from ./include/linux/rmap.h:12:
In file included from ./include/linux/memcontrol.h:22:
In file included from ./include/linux/writeback.h:13:
In file included from ./include/linux/blk_types.h:11:
In file included from ./include/linux/device.h:31:
./include/linux/device/class.h:140:64: warning: declaration of 'struct device_node' will not be visible outside of this function [-Wvisibility]
  140 | class_find_device_by_of_node(struct class *class, const struct device_node *np)
      |                                                                ^
In file included from mm/mremap.c:14:
In file included from ./include/linux/ksm.h:14:
In file included from ./include/linux/rmap.h:12:
In file included from ./include/linux/memcontrol.h:22:
In file included from ./include/linux/writeback.h:13:
In file included from ./include/linux/blk_types.h:11:
In file included from ./include/linux/device.h:32:
./include/linux/device/driver.h:185:23: warning: declaration of 'struct device_node' will not be visible outside of this function [-Wvisibility]
  185 |                               const struct device_node *np)
      |                                            ^
In file included from mm/mremap.c:22:
./include/linux/syscalls.h:129:49: warning: declaration of 'struct trace_event_call' will not be visible outside of this function [-Wvisibility]
  129 | static inline int is_syscall_trace_event(struct trace_event_call *tp_event)
      |                                                 ^
5 warnings generated.
  CC      mm/msync.o
In file included from mm/msync.c:15:
./include/linux/syscalls.h:129:49: warning: declaration of 'struct trace_event_call' will not be visible outside of this function [-Wvisibility]
  129 | static inline int is_syscall_trace_event(struct trace_event_call *tp_event)
      |                                                 ^
./include/linux/syscalls.h:325:15: warning: declaration of 'struct ipc_namespace' will not be visible outside of this function [-Wvisibility]
  325 |                      struct ipc_namespace *ns);
      |                             ^
2 warnings generated.
  CC      mm/rmap.o
In file included from mm/rmap.c:59:
In file included from ./include/linux/swap.h:9:
In file included from ./include/linux/memcontrol.h:13:
./include/linux/cgroup.h:41:44: warning: declaration of 'struct cgroupstats' will not be visible outside of this function [-Wvisibility]
   41 | static inline int cgroupstats_build(struct cgroupstats *stats,
      |                                            ^
In file included from mm/rmap.c:59:
In file included from ./include/linux/swap.h:9:
In file included from ./include/linux/memcontrol.h:22:
In file included from ./include/linux/writeback.h:13:
In file included from ./include/linux/blk_types.h:11:
In file included from ./include/linux/device.h:30:
./include/linux/device/bus.h:190:63: warning: declaration of 'struct device_node' will not be visible outside of this function [-Wvisibility]
  190 | bus_find_device_by_of_node(struct bus_type *bus, const struct device_node *np)
      |                                                               ^
In file included from mm/rmap.c:59:
In file included from ./include/linux/swap.h:9:
In file included from ./include/linux/memcontrol.h:22:
In file included from ./include/linux/writeback.h:13:
In file included from ./include/linux/blk_types.h:11:
In file included from ./include/linux/device.h:31:
./include/linux/device/class.h:140:64: warning: declaration of 'struct device_node' will not be visible outside of this function [-Wvisibility]
  140 | class_find_device_by_of_node(struct class *class, const struct device_node *np)
      |                                                                ^
In file included from mm/rmap.c:59:
In file included from ./include/linux/swap.h:9:
In file included from ./include/linux/memcontrol.h:22:
In file included from ./include/linux/writeback.h:13:
In file included from ./include/linux/blk_types.h:11:
In file included from ./include/linux/device.h:32:
./include/linux/device/driver.h:185:23: warning: declaration of 'struct device_node' will not be visible outside of this function [-Wvisibility]
  185 |                               const struct device_node *np)
      |                                            ^
mm/rmap.c:1961:4: error: call to undeclared function 'trace_set_migration_pte'; ISO C99 and later do not support implicit function declarations [-Wimplicit-function-declaration]
 1961 |                         trace_set_migration_pte(pvmw.address, pte_val(swp_pte),
      |                         ^
mm/rmap.c:2045:4: error: call to undeclared function 'trace_set_migration_pte'; ISO C99 and later do not support implicit function declarations [-Wimplicit-function-declaration]
 2045 |                         trace_set_migration_pte(address, pte_val(swp_pte),
      |                         ^
4 warnings and 2 errors generated.
make[1]: *** [scripts/Makefile.build:249: mm/rmap.o] Error 1
  CC      mm/page_alloc.o
In file included from mm/page_alloc.c:21:
In file included from ./include/linux/swap.h:9:
In file included from ./include/linux/memcontrol.h:13:
./include/linux/cgroup.h:41:44: warning: declaration of 'struct cgroupstats' will not be visible outside of this function [-Wvisibility]
   41 | static inline int cgroupstats_build(struct cgroupstats *stats,
      |                                            ^
In file included from mm/page_alloc.c:21:
In file included from ./include/linux/swap.h:9:
In file included from ./include/linux/memcontrol.h:22:
In file included from ./include/linux/writeback.h:13:
In file included from ./include/linux/blk_types.h:11:
In file included from ./include/linux/device.h:30:
./include/linux/device/bus.h:190:63: warning: declaration of 'struct device_node' will not be visible outside of this function [-Wvisibility]
  190 | bus_find_device_by_of_node(struct bus_type *bus, const struct device_node *np)
      |                                                               ^
In file included from mm/page_alloc.c:21:
In file included from ./include/linux/swap.h:9:
In file included from ./include/linux/memcontrol.h:22:
In file included from ./include/linux/writeback.h:13:
In file included from ./include/linux/blk_types.h:11:
In file included from ./include/linux/device.h:31:
./include/linux/device/class.h:140:64: warning: declaration of 'struct device_node' will not be visible outside of this function [-Wvisibility]
  140 | class_find_device_by_of_node(struct class *class, const struct device_node *np)
      |                                                                ^
In file included from mm/page_alloc.c:21:
In file included from ./include/linux/swap.h:9:
In file included from ./include/linux/memcontrol.h:22:
In file included from ./include/linux/writeback.h:13:
In file included from ./include/linux/blk_types.h:11:
In file included from ./include/linux/device.h:32:
./include/linux/device/driver.h:185:23: warning: declaration of 'struct device_node' will not be visible outside of this function [-Wvisibility]
  185 |                               const struct device_node *np)
      |                                            ^
In file included from mm/page_alloc.c:33:
./include/linux/blkdev.h:281:39: warning: declaration of 'struct blk_zone' will not be visible outside of this function [-Wvisibility]
  281 | typedef int (*report_zones_cb)(struct blk_zone *zone, unsigned int idx,
      |                                       ^
In file included from mm/page_alloc.c:75:
./include/linux/delayacct.h:27:44: warning: declaration of 'struct taskstats' will not be visible outside of this function [-Wvisibility]
   27 | static inline int delayacct_add_tsk(struct taskstats *d,
      |                                            ^
mm/page_alloc.c:962:2: error: call to undeclared function 'trace_mm_page_free'; ISO C99 and later do not support implicit function declarations [-Wimplicit-function-declaration]
  962 |         trace_mm_page_free(page, order);
      |         ^
mm/page_alloc.c:1145:4: error: call to undeclared function 'trace_mm_page_pcpu_drain'; ISO C99 and later do not support implicit function declarations [-Wimplicit-function-declaration]
 1145 |                         trace_mm_page_pcpu_drain(page, order, mt);
      |                         ^
mm/page_alloc.c:1595:3: error: call to undeclared function 'trace_mm_page_alloc_zone_locked'; ISO C99 and later do not support implicit function declarations [-Wimplicit-function-declaration]
 1595 |                 trace_mm_page_alloc_zone_locked(page, order, migratetype,
      |                 ^
mm/page_alloc.c:2085:2: error: call to undeclared function 'trace_mm_page_alloc_extfrag'; ISO C99 and later do not support implicit function declarations [-Wimplicit-function-declaration]
 2085 |         trace_mm_page_alloc_extfrag(page, order, current_order,
      |         ^
mm/page_alloc.c:2519:3: error: call to undeclared function 'trace_mm_page_free_batched'; ISO C99 and later do not support implicit function declarations [-Wimplicit-function-declaration]
 2519 |                 trace_mm_page_free_batched(page);
      |                 ^
mm/page_alloc.c:3524:3: error: call to undeclared function 'trace_reclaim_retry_zone'; ISO C99 and later do not support implicit function declarations [-Wimplicit-function-declaration]
 3524 |                 trace_reclaim_retry_zone(z, order, reclaimable,
      |                 ^
mm/page_alloc.c:4111:2: error: call to undeclared function 'trace_mm_page_alloc'; ISO C99 and later do not support implicit function declarations [-Wimplicit-function-declaration]
 4111 |         trace_mm_page_alloc(page, order, alloc_gfp, ac.migratetype);
      |         ^
6 warnings and 7 errors generated.
make[1]: *** [scripts/Makefile.build:249: mm/page_alloc.o] Error 1
  CC      mm/slub.o
In file included from mm/slub.c:14:
In file included from ./include/linux/swap.h:9:
In file included from ./include/linux/memcontrol.h:13:
./include/linux/cgroup.h:41:44: warning: declaration of 'struct cgroupstats' will not be visible outside of this function [-Wvisibility]
   41 | static inline int cgroupstats_build(struct cgroupstats *stats,
      |                                            ^
In file included from mm/slub.c:14:
In file included from ./include/linux/swap.h:9:
In file included from ./include/linux/memcontrol.h:22:
In file included from ./include/linux/writeback.h:13:
In file included from ./include/linux/blk_types.h:11:
In file included from ./include/linux/device.h:30:
./include/linux/device/bus.h:190:63: warning: declaration of 'struct device_node' will not be visible outside of this function [-Wvisibility]
  190 | bus_find_device_by_of_node(struct bus_type *bus, const struct device_node *np)
      |                                                               ^
In file included from mm/slub.c:14:
In file included from ./include/linux/swap.h:9:
In file included from ./include/linux/memcontrol.h:22:
In file included from ./include/linux/writeback.h:13:
In file included from ./include/linux/blk_types.h:11:
In file included from ./include/linux/device.h:31:
./include/linux/device/class.h:140:64: warning: declaration of 'struct device_node' will not be visible outside of this function [-Wvisibility]
  140 | class_find_device_by_of_node(struct class *class, const struct device_node *np)
      |                                                                ^
In file included from mm/slub.c:14:
In file included from ./include/linux/swap.h:9:
In file included from ./include/linux/memcontrol.h:22:
In file included from ./include/linux/writeback.h:13:
In file included from ./include/linux/blk_types.h:11:
In file included from ./include/linux/device.h:32:
./include/linux/device/driver.h:185:23: warning: declaration of 'struct device_node' will not be visible outside of this function [-Wvisibility]
  185 |                               const struct device_node *np)
      |                                            ^
In file included from mm/slub.c:40:
./include/kunit/test.h:509:24: warning: declaration of 'struct kunit_loc' will not be visible outside of this function [-Wvisibility]
  509 |                                const struct kunit_loc *loc,
      |                                             ^
./include/kunit/test.h:510:16: warning: declaration of 'enum kunit_assert_type' will not be visible outside of this function [-Wvisibility]
  510 |                                enum kunit_assert_type type,
      |                                     ^
./include/kunit/test.h:511:24: warning: declaration of 'struct kunit_assert' will not be visible outside of this function [-Wvisibility]
  511 |                                const struct kunit_assert *assert,
      |                                             ^
mm/slub.c:1691:2: error: call to undeclared function 'trace_kmem_cache_alloc'; ISO C99 and later do not support implicit function declarations [-Wimplicit-function-declaration]
 1691 |         trace_kmem_cache_alloc(_RET_IP_, ret, s->object_size,
      |         ^
mm/slub.c:1691:2: note: did you mean 'kmem_cache_alloc'?
./include/linux/slab.h:373:7: note: 'kmem_cache_alloc' declared here
  373 | void *kmem_cache_alloc(struct kmem_cache *s, gfp_t flags) __assume_slab_alignment __malloc;
      |       ^
mm/slub.c:1913:2: error: call to undeclared function 'trace_kmem_cache_free'; ISO C99 and later do not support implicit function declarations [-Wimplicit-function-declaration]
 1913 |         trace_kmem_cache_free(_RET_IP_, x, s->name);
      |         ^
mm/slub.c:1913:2: note: did you mean 'kmem_cache_free'?
mm/slub.c:1908:6: note: 'kmem_cache_free' declared here
 1908 | void kmem_cache_free(struct kmem_cache *s, void *x)
      |      ^
 1909 | {
 1910 |         s = cache_from_obj(s, x);
 1911 |         if (!s)
 1912 |                 return;
 1913 |         trace_kmem_cache_free(_RET_IP_, x, s->name);
      |         ~~~~~~~~~~~~~~~~~~~~~
      |         kmem_cache_free
mm/slub.c:2638:2: error: call to undeclared function 'trace_kmalloc'; ISO C99 and later do not support implicit function declarations [-Wimplicit-function-declaration]
 2638 |         trace_kmalloc(_RET_IP_, ret, size, s->size, flags);
      |         ^
mm/slub.c:2670:2: error: call to undeclared function 'trace_kfree'; ISO C99 and later do not support implicit function declarations [-Wimplicit-function-declaration]
 2670 |         trace_kfree(_RET_IP_, x);
      |         ^
mm/slub.c:3044:2: error: call to undeclared function 'trace_kmalloc'; ISO C99 and later do not support implicit function declarations [-Wimplicit-function-declaration]
 3044 |         trace_kmalloc(caller, ret, size, s->size, gfpflags);
      |         ^
7 warnings and 5 errors generated.
make[1]: *** [scripts/Makefile.build:249: mm/slub.o] Error 1
make[1]: Target '__build' not remade because of errors.
make: *** [Makefile:1839: mm] Error 2
  CC      fs/open.o
In file included from fs/open.c:12:
In file included from ./include/linux/fsnotify.h:16:
./include/linux/audit.h:267:41: warning: declaration of 'struct kern_ipc_perm' will not be visible outside of this function [-Wvisibility]
  267 | static inline void audit_ipc_obj(struct kern_ipc_perm *ipcp)
      |                                         ^
In file included from fs/open.c:14:
In file included from ./include/linux/tty.h:10:
In file included from ./include/linux/tty_driver.h:9:
In file included from ./include/linux/cdev.h:8:
In file included from ./include/linux/device.h:30:
./include/linux/device/bus.h:190:63: warning: declaration of 'struct device_node' will not be visible outside of this function [-Wvisibility]
  190 | bus_find_device_by_of_node(struct bus_type *bus, const struct device_node *np)
      |                                                               ^
In file included from fs/open.c:14:
In file included from ./include/linux/tty.h:10:
In file included from ./include/linux/tty_driver.h:9:
In file included from ./include/linux/cdev.h:8:
In file included from ./include/linux/device.h:31:
./include/linux/device/class.h:140:64: warning: declaration of 'struct device_node' will not be visible outside of this function [-Wvisibility]
  140 | class_find_device_by_of_node(struct class *class, const struct device_node *np)
      |                                                                ^
In file included from fs/open.c:14:
In file included from ./include/linux/tty.h:10:
In file included from ./include/linux/tty_driver.h:9:
In file included from ./include/linux/cdev.h:8:
In file included from ./include/linux/device.h:32:
./include/linux/device/driver.h:185:23: warning: declaration of 'struct device_node' will not be visible outside of this function [-Wvisibility]
  185 |                               const struct device_node *np)
      |                                            ^
In file included from fs/open.c:27:
./include/linux/syscalls.h:129:49: warning: declaration of 'struct trace_event_call' will not be visible outside of this function [-Wvisibility]
  129 | static inline int is_syscall_trace_event(struct trace_event_call *tp_event)
      |                                                 ^
5 warnings generated.
  CC      fs/read_write.o
In file included from fs/read_write.c:14:
In file included from ./include/linux/fsnotify.h:16:
./include/linux/audit.h:267:41: warning: declaration of 'struct kern_ipc_perm' will not be visible outside of this function [-Wvisibility]
  267 | static inline void audit_ipc_obj(struct kern_ipc_perm *ipcp)
      |                                         ^
In file included from fs/read_write.c:17:
./include/linux/syscalls.h:129:49: warning: declaration of 'struct trace_event_call' will not be visible outside of this function [-Wvisibility]
  129 | static inline int is_syscall_trace_event(struct trace_event_call *tp_event)
      |                                                 ^
2 warnings generated.
  CC      fs/stat.o
In file included from fs/stat.c:5:
./include/linux/syscalls.h:129:49: warning: declaration of 'struct trace_event_call' will not be visible outside of this function [-Wvisibility]
  129 | static inline int is_syscall_trace_event(struct trace_event_call *tp_event)
      |                                                 ^
./include/linux/syscalls.h:325:15: warning: declaration of 'struct ipc_namespace' will not be visible outside of this function [-Wvisibility]
  325 |                      struct ipc_namespace *ns);
      |                             ^
2 warnings generated.
  CC      fs/exec.o
In file included from fs/exec.c:34:
In file included from ./include/linux/swap.h:9:
In file included from ./include/linux/memcontrol.h:13:
./include/linux/cgroup.h:41:44: warning: declaration of 'struct cgroupstats' will not be visible outside of this function [-Wvisibility]
   41 | static inline int cgroupstats_build(struct cgroupstats *stats,
      |                                            ^
In file included from fs/exec.c:34:
In file included from ./include/linux/swap.h:9:
In file included from ./include/linux/memcontrol.h:22:
In file included from ./include/linux/writeback.h:13:
In file included from ./include/linux/blk_types.h:11:
In file included from ./include/linux/device.h:30:
./include/linux/device/bus.h:190:63: warning: declaration of 'struct device_node' will not be visible outside of this function [-Wvisibility]
  190 | bus_find_device_by_of_node(struct bus_type *bus, const struct device_node *np)
      |                                                               ^
In file included from fs/exec.c:34:
In file included from ./include/linux/swap.h:9:
In file included from ./include/linux/memcontrol.h:22:
In file included from ./include/linux/writeback.h:13:
In file included from ./include/linux/blk_types.h:11:
In file included from ./include/linux/device.h:31:
./include/linux/device/class.h:140:64: warning: declaration of 'struct device_node' will not be visible outside of this function [-Wvisibility]
  140 | class_find_device_by_of_node(struct class *class, const struct device_node *np)
      |                                                                ^
In file included from fs/exec.c:34:
In file included from ./include/linux/swap.h:9:
In file included from ./include/linux/memcontrol.h:22:
In file included from ./include/linux/writeback.h:13:
In file included from ./include/linux/blk_types.h:11:
In file included from ./include/linux/device.h:32:
./include/linux/device/driver.h:185:23: warning: declaration of 'struct device_node' will not be visible outside of this function [-Wvisibility]
  185 |                               const struct device_node *np)
      |                                            ^
In file included from fs/exec.c:55:
./include/linux/syscalls.h:129:49: warning: declaration of 'struct trace_event_call' will not be visible outside of this function [-Wvisibility]
  129 | static inline int is_syscall_trace_event(struct trace_event_call *tp_event)
      |                                                 ^
In file included from fs/exec.c:56:
./include/linux/tsacct_kern.h:13:13: warning: declaration of 'struct taskstats' will not be visible outside of this function [-Wvisibility]
   13 |                                  struct taskstats *stats, struct task_struct *tsk)
      |                                         ^
./include/linux/tsacct_kern.h:16:41: warning: declaration of 'struct taskstats' will not be visible outside of this function [-Wvisibility]
   16 | static inline void xacct_add_tsk(struct taskstats *stats, struct task_struct *p)
      |                                         ^
7 warnings generated.
  CC      fs/pipe.o
In file included from fs/pipe.c:6:
./include/linux/syscalls.h:129:49: warning: declaration of 'struct trace_event_call' will not be visible outside of this function [-Wvisibility]
  129 | static inline int is_syscall_trace_event(struct trace_event_call *tp_event)
      |                                                 ^
./include/linux/syscalls.h:325:15: warning: declaration of 'struct ipc_namespace' will not be visible outside of this function [-Wvisibility]
  325 |                      struct ipc_namespace *ns);
      |                             ^
2 warnings generated.
  CC      fs/namei.o
In file included from fs/namei.c:26:
In file included from ./include/linux/fsnotify.h:16:
./include/linux/audit.h:267:41: warning: declaration of 'struct kern_ipc_perm' will not be visible outside of this function [-Wvisibility]
  267 | static inline void audit_ipc_obj(struct kern_ipc_perm *ipcp)
      |                                         ^
In file included from fs/namei.c:30:
./include/linux/syscalls.h:129:49: warning: declaration of 'struct trace_event_call' will not be visible outside of this function [-Wvisibility]
  129 | static inline int is_syscall_trace_event(struct trace_event_call *tp_event)
      |                                                 ^
In file included from fs/namei.c:45:
In file included from fs/mount.h:4:
./include/linux/poll.h:123:9: warning: '__MAP' macro redefined [-Wmacro-redefined]
  123 | #define __MAP(v, from, to) \
      |         ^
./include/linux/syscalls.h:115:9: note: previous definition is here
  115 | #define __MAP(n,...) __MAP##n(__VA_ARGS__)
      |         ^
fs/namei.c:3700:1: error: expected parameter declarator
 3700 | SYSCALL_DEFINE4(mknodat, int, dfd, const char __user *, filename, umode_t, mode,
      | ^
./include/linux/syscalls.h:145:52: note: expanded from macro 'SYSCALL_DEFINE4'
  145 | #define SYSCALL_DEFINE4(name, ...) SYSCALL_DEFINEx(4, _##name, __VA_ARGS__)
      |                                                    ^
fs/namei.c:3700:1: error: expected ')'
./include/linux/syscalls.h:145:52: note: expanded from macro 'SYSCALL_DEFINE4'
  145 | #define SYSCALL_DEFINE4(name, ...) SYSCALL_DEFINEx(4, _##name, __VA_ARGS__)
      |                                                    ^
fs/namei.c:3700:1: note: to match this '('
./include/linux/syscalls.h:145:36: note: expanded from macro 'SYSCALL_DEFINE4'
  145 | #define SYSCALL_DEFINE4(name, ...) SYSCALL_DEFINEx(4, _##name, __VA_ARGS__)
      |                                    ^
./include/linux/syscalls.h:153:2: note: expanded from macro 'SYSCALL_DEFINEx'
  153 |         __SYSCALL_DEFINEx(x, sname, __VA_ARGS__)
      |         ^
./arch/x86/include/asm/syscall_wrapper.h:122:34: note: expanded from macro '__SYSCALL_DEFINEx'
  122 |         static long __se_sys##name(__MAP(x,__SC_LONG,__VA_ARGS__));     \
      |                                         ^
fs/namei.c:3700:1: error: type specifier missing, defaults to 'int'; ISO C99 and later do not support implicit int [-Wimplicit-int]
 3700 | SYSCALL_DEFINE4(mknodat, int, dfd, const char __user *, filename, umode_t, mode,
      | ^
./include/linux/syscalls.h:145:36: note: expanded from macro 'SYSCALL_DEFINE4'
  145 | #define SYSCALL_DEFINE4(name, ...) SYSCALL_DEFINEx(4, _##name, __VA_ARGS__)
      |                                    ^
./include/linux/syscalls.h:153:2: note: expanded from macro 'SYSCALL_DEFINEx'
  153 |         __SYSCALL_DEFINEx(x, sname, __VA_ARGS__)
      |         ^
./arch/x86/include/asm/syscall_wrapper.h:122:29: note: expanded from macro '__SYSCALL_DEFINEx'
  122 |         static long __se_sys##name(__MAP(x,__SC_LONG,__VA_ARGS__));     \
      |                                    ^
fs/namei.c:3700:1: error: a function declaration without a prototype is deprecated in all versions of C [-Werror,-Wstrict-prototypes]
./include/linux/syscalls.h:145:36: note: expanded from macro 'SYSCALL_DEFINE4'
  145 | #define SYSCALL_DEFINE4(name, ...) SYSCALL_DEFINEx(4, _##name, __VA_ARGS__)
      |                                    ^
./include/linux/syscalls.h:153:2: note: expanded from macro 'SYSCALL_DEFINEx'
  153 |         __SYSCALL_DEFINEx(x, sname, __VA_ARGS__)
      |         ^
./arch/x86/include/asm/syscall_wrapper.h:122:34: note: expanded from macro '__SYSCALL_DEFINEx'
  122 |         static long __se_sys##name(__MAP(x,__SC_LONG,__VA_ARGS__));     \
      |                                         ^
fs/namei.c:3700:1: error: expected parameter declarator
./include/linux/syscalls.h:145:52: note: expanded from macro 'SYSCALL_DEFINE4'
  145 | #define SYSCALL_DEFINE4(name, ...) SYSCALL_DEFINEx(4, _##name, __VA_ARGS__)
      |                                                    ^
fs/namei.c:3700:1: error: expected ')'
./include/linux/syscalls.h:145:52: note: expanded from macro 'SYSCALL_DEFINE4'
  145 | #define SYSCALL_DEFINE4(name, ...) SYSCALL_DEFINEx(4, _##name, __VA_ARGS__)
      |                                                    ^
fs/namei.c:3700:1: note: to match this '('
./include/linux/syscalls.h:145:36: note: expanded from macro 'SYSCALL_DEFINE4'
  145 | #define SYSCALL_DEFINE4(name, ...) SYSCALL_DEFINEx(4, _##name, __VA_ARGS__)
      |                                    ^
./include/linux/syscalls.h:153:2: note: expanded from macro 'SYSCALL_DEFINEx'
  153 |         __SYSCALL_DEFINEx(x, sname, __VA_ARGS__)
      |         ^
./arch/x86/include/asm/syscall_wrapper.h:123:41: note: expanded from macro '__SYSCALL_DEFINEx'
  123 |         static inline long __do_sys##name(__MAP(x,__SC_DECL,__VA_ARGS__));\
      |                                                ^
fs/namei.c:3700:1: error: type specifier missing, defaults to 'int'; ISO C99 and later do not support implicit int [-Wimplicit-int]
 3700 | SYSCALL_DEFINE4(mknodat, int, dfd, const char __user *, filename, umode_t, mode,
      | ^
./include/linux/syscalls.h:145:36: note: expanded from macro 'SYSCALL_DEFINE4'
  145 | #define SYSCALL_DEFINE4(name, ...) SYSCALL_DEFINEx(4, _##name, __VA_ARGS__)
      |                                    ^
./include/linux/syscalls.h:153:2: note: expanded from macro 'SYSCALL_DEFINEx'
  153 |         __SYSCALL_DEFINEx(x, sname, __VA_ARGS__)
      |         ^
./arch/x86/include/asm/syscall_wrapper.h:123:36: note: expanded from macro '__SYSCALL_DEFINEx'
  123 |         static inline long __do_sys##name(__MAP(x,__SC_DECL,__VA_ARGS__));\
      |                                           ^
fs/namei.c:3700:1: error: a function declaration without a prototype is deprecated in all versions of C [-Werror,-Wstrict-prototypes]
./include/linux/syscalls.h:145:36: note: expanded from macro 'SYSCALL_DEFINE4'
  145 | #define SYSCALL_DEFINE4(name, ...) SYSCALL_DEFINEx(4, _##name, __VA_ARGS__)
      |                                    ^
./include/linux/syscalls.h:153:2: note: expanded from macro 'SYSCALL_DEFINEx'
  153 |         __SYSCALL_DEFINEx(x, sname, __VA_ARGS__)
      |         ^
./arch/x86/include/asm/syscall_wrapper.h:123:41: note: expanded from macro '__SYSCALL_DEFINEx'
  123 |         static inline long __do_sys##name(__MAP(x,__SC_DECL,__VA_ARGS__));\
      |                                                ^
fs/namei.c:3700:1: error: call to undeclared function '__MAP'; ISO C99 and later do not support implicit function declarations [-Wimplicit-function-declaration]
./include/linux/syscalls.h:145:36: note: expanded from macro 'SYSCALL_DEFINE4'
  145 | #define SYSCALL_DEFINE4(name, ...) SYSCALL_DEFINEx(4, _##name, __VA_ARGS__)
      |                                    ^
./include/linux/syscalls.h:153:2: note: expanded from macro 'SYSCALL_DEFINEx'
  153 |         __SYSCALL_DEFINEx(x, sname, __VA_ARGS__)
      |         ^
./arch/x86/include/asm/syscall_wrapper.h:125:2: note: expanded from macro '__SYSCALL_DEFINEx'
  125 |         __IA32_SYS_STUBx(x, name, __VA_ARGS__)                          \
      |         ^
./arch/x86/include/asm/syscall_wrapper.h:100:7: note: expanded from macro '__IA32_SYS_STUBx'
  100 |                     SC_IA32_REGS_TO_ARGS(x, __VA_ARGS__))
      |                     ^
./arch/x86/include/asm/syscall_wrapper.h:63:2: note: expanded from macro 'SC_IA32_REGS_TO_ARGS'
   63 |         __MAP(x,__SC_ARGS                                               \
      |         ^
fs/namei.c:3700:1: error: expected expression
./include/linux/syscalls.h:145:36: note: expanded from macro 'SYSCALL_DEFINE4'
  145 | #define SYSCALL_DEFINE4(name, ...) SYSCALL_DEFINEx(4, _##name, __VA_ARGS__)
      |                                    ^
./include/linux/syscalls.h:153:2: note: expanded from macro 'SYSCALL_DEFINEx'
  153 |         __SYSCALL_DEFINEx(x, sname, __VA_ARGS__)
      |         ^
./arch/x86/include/asm/syscall_wrapper.h:125:2: note: expanded from macro '__SYSCALL_DEFINEx'
  125 |         __IA32_SYS_STUBx(x, name, __VA_ARGS__)                          \
      |         ^
./arch/x86/include/asm/syscall_wrapper.h:100:7: note: expanded from macro '__IA32_SYS_STUBx'
  100 |                     SC_IA32_REGS_TO_ARGS(x, __VA_ARGS__))
      |                     ^
./arch/x86/include/asm/syscall_wrapper.h:64:9: note: expanded from macro 'SC_IA32_REGS_TO_ARGS'
   64 |               ,,(unsigned int)regs->bx,,(unsigned int)regs->cx          \
      |                ^
fs/namei.c:3700:1: error: expected expression
./include/linux/syscalls.h:145:36: note: expanded from macro 'SYSCALL_DEFINE4'
  145 | #define SYSCALL_DEFINE4(name, ...) SYSCALL_DEFINEx(4, _##name, __VA_ARGS__)
      |                                    ^
./include/linux/syscalls.h:153:2: note: expanded from macro 'SYSCALL_DEFINEx'
  153 |         __SYSCALL_DEFINEx(x, sname, __VA_ARGS__)
      |         ^
./arch/x86/include/asm/syscall_wrapper.h:125:2: note: expanded from macro '__SYSCALL_DEFINEx'
  125 |         __IA32_SYS_STUBx(x, name, __VA_ARGS__)                          \
      |         ^
./arch/x86/include/asm/syscall_wrapper.h:100:7: note: expanded from macro '__IA32_SYS_STUBx'
  100 |                     SC_IA32_REGS_TO_ARGS(x, __VA_ARGS__))
      |                     ^
./arch/x86/include/asm/syscall_wrapper.h:64:33: note: expanded from macro 'SC_IA32_REGS_TO_ARGS'
   64 |               ,,(unsigned int)regs->bx,,(unsigned int)regs->cx          \
      |                                        ^
fs/namei.c:3700:1: error: expected expression
./include/linux/syscalls.h:145:36: note: expanded from macro 'SYSCALL_DEFINE4'
  145 | #define SYSCALL_DEFINE4(name, ...) SYSCALL_DEFINEx(4, _##name, __VA_ARGS__)
      |                                    ^
./include/linux/syscalls.h:153:2: note: expanded from macro 'SYSCALL_DEFINEx'
  153 |         __SYSCALL_DEFINEx(x, sname, __VA_ARGS__)
      |         ^
./arch/x86/include/asm/syscall_wrapper.h:125:2: note: expanded from macro '__SYSCALL_DEFINEx'
  125 |         __IA32_SYS_STUBx(x, name, __VA_ARGS__)                          \
      |         ^
./arch/x86/include/asm/syscall_wrapper.h:100:7: note: expanded from macro '__IA32_SYS_STUBx'
  100 |                     SC_IA32_REGS_TO_ARGS(x, __VA_ARGS__))
      |                     ^
./arch/x86/include/asm/syscall_wrapper.h:65:9: note: expanded from macro 'SC_IA32_REGS_TO_ARGS'
   65 |               ,,(unsigned int)regs->dx,,(unsigned int)regs->si          \
      |                ^
fs/namei.c:3700:1: error: expected expression
./include/linux/syscalls.h:145:36: note: expanded from macro 'SYSCALL_DEFINE4'
  145 | #define SYSCALL_DEFINE4(name, ...) SYSCALL_DEFINEx(4, _##name, __VA_ARGS__)
      |                                    ^
./include/linux/syscalls.h:153:2: note: expanded from macro 'SYSCALL_DEFINEx'
  153 |         __SYSCALL_DEFINEx(x, sname, __VA_ARGS__)
      |         ^
./arch/x86/include/asm/syscall_wrapper.h:125:2: note: expanded from macro '__SYSCALL_DEFINEx'
  125 |         __IA32_SYS_STUBx(x, name, __VA_ARGS__)                          \
      |         ^
./arch/x86/include/asm/syscall_wrapper.h:100:7: note: expanded from macro '__IA32_SYS_STUBx'
  100 |                     SC_IA32_REGS_TO_ARGS(x, __VA_ARGS__))
      |                     ^
./arch/x86/include/asm/syscall_wrapper.h:65:33: note: expanded from macro 'SC_IA32_REGS_TO_ARGS'
   65 |               ,,(unsigned int)regs->dx,,(unsigned int)regs->si          \
      |                                        ^
fs/namei.c:3700:1: error: expected expression
./include/linux/syscalls.h:145:36: note: expanded from macro 'SYSCALL_DEFINE4'
  145 | #define SYSCALL_DEFINE4(name, ...) SYSCALL_DEFINEx(4, _##name, __VA_ARGS__)
      |                                    ^
./include/linux/syscalls.h:153:2: note: expanded from macro 'SYSCALL_DEFINEx'
  153 |         __SYSCALL_DEFINEx(x, sname, __VA_ARGS__)
      |         ^
./arch/x86/include/asm/syscall_wrapper.h:125:2: note: expanded from macro '__SYSCALL_DEFINEx'
  125 |         __IA32_SYS_STUBx(x, name, __VA_ARGS__)                          \
      |         ^
./arch/x86/include/asm/syscall_wrapper.h:100:7: note: expanded from macro '__IA32_SYS_STUBx'
  100 |                     SC_IA32_REGS_TO_ARGS(x, __VA_ARGS__))
      |                     ^
./arch/x86/include/asm/syscall_wrapper.h:66:9: note: expanded from macro 'SC_IA32_REGS_TO_ARGS'
   66 |               ,,(unsigned int)regs->di,,(unsigned int)regs->bp)
      |                ^
fs/namei.c:3700:1: error: expected expression
./include/linux/syscalls.h:145:36: note: expanded from macro 'SYSCALL_DEFINE4'
  145 | #define SYSCALL_DEFINE4(name, ...) SYSCALL_DEFINEx(4, _##name, __VA_ARGS__)
      |                                    ^
./include/linux/syscalls.h:153:2: note: expanded from macro 'SYSCALL_DEFINEx'
  153 |         __SYSCALL_DEFINEx(x, sname, __VA_ARGS__)
      |         ^
./arch/x86/include/asm/syscall_wrapper.h:125:2: note: expanded from macro '__SYSCALL_DEFINEx'
  125 |         __IA32_SYS_STUBx(x, name, __VA_ARGS__)                          \
      |         ^
./arch/x86/include/asm/syscall_wrapper.h:100:7: note: expanded from macro '__IA32_SYS_STUBx'
  100 |                     SC_IA32_REGS_TO_ARGS(x, __VA_ARGS__))
      |                     ^
./arch/x86/include/asm/syscall_wrapper.h:66:33: note: expanded from macro 'SC_IA32_REGS_TO_ARGS'
   66 |               ,,(unsigned int)regs->di,,(unsigned int)regs->bp)
      |                                        ^
fs/namei.c:3700:1: error: use of undeclared identifier '__SC_ARGS'
./include/linux/syscalls.h:145:36: note: expanded from macro 'SYSCALL_DEFINE4'
  145 | #define SYSCALL_DEFINE4(name, ...) SYSCALL_DEFINEx(4, _##name, __VA_ARGS__)
      |                                    ^
./include/linux/syscalls.h:153:2: note: expanded from macro 'SYSCALL_DEFINEx'
  153 |         __SYSCALL_DEFINEx(x, sname, __VA_ARGS__)
      |         ^
./arch/x86/include/asm/syscall_wrapper.h:125:2: note: expanded from macro '__SYSCALL_DEFINEx'
  125 |         __IA32_SYS_STUBx(x, name, __VA_ARGS__)                          \
      |         ^
./arch/x86/include/asm/syscall_wrapper.h:100:7: note: expanded from macro '__IA32_SYS_STUBx'
  100 |                     SC_IA32_REGS_TO_ARGS(x, __VA_ARGS__))
      |                     ^
./arch/x86/include/asm/syscall_wrapper.h:63:10: note: expanded from macro 'SC_IA32_REGS_TO_ARGS'
   63 |         __MAP(x,__SC_ARGS                                               \
      |                 ^
fs/namei.c:3700:1: error: expected parameter declarator
./include/linux/syscalls.h:145:52: note: expanded from macro 'SYSCALL_DEFINE4'
  145 | #define SYSCALL_DEFINE4(name, ...) SYSCALL_DEFINEx(4, _##name, __VA_ARGS__)
      |                                                    ^
fs/namei.c:3700:1: error: expected ')'
./include/linux/syscalls.h:145:52: note: expanded from macro 'SYSCALL_DEFINE4'
  145 | #define SYSCALL_DEFINE4(name, ...) SYSCALL_DEFINEx(4, _##name, __VA_ARGS__)
      |                                                    ^
fs/namei.c:3700:1: note: to match this '('
./include/linux/syscalls.h:145:36: note: expanded from macro 'SYSCALL_DEFINE4'
  145 | #define SYSCALL_DEFINE4(name, ...) SYSCALL_DEFINEx(4, _##name, __VA_ARGS__)
      |                                    ^
./include/linux/syscalls.h:153:2: note: expanded from macro 'SYSCALL_DEFINEx'
  153 |         __SYSCALL_DEFINEx(x, sname, __VA_ARGS__)
      |         ^
./arch/x86/include/asm/syscall_wrapper.h:126:34: note: expanded from macro '__SYSCALL_DEFINEx'
  126 |         static long __se_sys##name(__MAP(x,__SC_LONG,__VA_ARGS__))      \
      |                                         ^
fs/namei.c:3700:1: error: type specifier missing, defaults to 'int'; ISO C99 and later do not support implicit int [-Wimplicit-int]
 3700 | SYSCALL_DEFINE4(mknodat, int, dfd, const char __user *, filename, umode_t, mode,
      | ^
./include/linux/syscalls.h:145:36: note: expanded from macro 'SYSCALL_DEFINE4'
  145 | #define SYSCALL_DEFINE4(name, ...) SYSCALL_DEFINEx(4, _##name, __VA_ARGS__)
      |                                    ^
./include/linux/syscalls.h:153:2: note: expanded from macro 'SYSCALL_DEFINEx'
  153 |         __SYSCALL_DEFINEx(x, sname, __VA_ARGS__)
      |         ^
./arch/x86/include/asm/syscall_wrapper.h:126:29: note: expanded from macro '__SYSCALL_DEFINEx'
  126 |         static long __se_sys##name(__MAP(x,__SC_LONG,__VA_ARGS__))      \
      |                                    ^
fatal error: too many errors emitted, stopping now [-ferror-limit=]
3 warnings and 20 errors generated.
make[1]: *** [scripts/Makefile.build:249: fs/namei.o] Error 1
  CC      fs/fcntl.o
In file included from fs/fcntl.c:7:
./include/linux/syscalls.h:129:49: warning: declaration of 'struct trace_event_call' will not be visible outside of this function [-Wvisibility]
  129 | static inline int is_syscall_trace_event(struct trace_event_call *tp_event)
      |                                                 ^
./include/linux/syscalls.h:325:15: warning: declaration of 'struct ipc_namespace' will not be visible outside of this function [-Wvisibility]
  325 |                      struct ipc_namespace *ns);
      |                             ^
2 warnings generated.
  CC      fs/ioctl.o
In file included from fs/ioctl.c:6:
./include/linux/syscalls.h:129:49: warning: declaration of 'struct trace_event_call' will not be visible outside of this function [-Wvisibility]
  129 | static inline int is_syscall_trace_event(struct trace_event_call *tp_event)
      |                                                 ^
./include/linux/syscalls.h:325:15: warning: declaration of 'struct ipc_namespace' will not be visible outside of this function [-Wvisibility]
  325 |                      struct ipc_namespace *ns);
      |                             ^
2 warnings generated.
  CC      fs/readdir.o
In file included from fs/readdir.c:4:
./include/linux/syscalls.h:129:49: warning: declaration of 'struct trace_event_call' will not be visible outside of this function [-Wvisibility]
  129 | static inline int is_syscall_trace_event(struct trace_event_call *tp_event)
      |                                                 ^
./include/linux/syscalls.h:325:15: warning: declaration of 'struct ipc_namespace' will not be visible outside of this function [-Wvisibility]
  325 |                      struct ipc_namespace *ns);
      |                             ^
2 warnings generated.
  CC      fs/select.o
In file included from fs/select.c:5:
./include/linux/syscalls.h:129:49: warning: declaration of 'struct trace_event_call' will not be visible outside of this function [-Wvisibility]
  129 | static inline int is_syscall_trace_event(struct trace_event_call *tp_event)
      |                                                 ^
./include/linux/syscalls.h:325:15: warning: declaration of 'struct ipc_namespace' will not be visible outside of this function [-Wvisibility]
  325 |                      struct ipc_namespace *ns);
      |                             ^
2 warnings generated.
  CC      fs/inode.o
In file included from fs/inode.c:9:
In file included from ./include/linux/backing-dev.h:15:
In file included from ./include/linux/device.h:30:
./include/linux/device/bus.h:190:63: warning: declaration of 'struct device_node' will not be visible outside of this function [-Wvisibility]
  190 | bus_find_device_by_of_node(struct bus_type *bus, const struct device_node *np)
      |                                                               ^
In file included from fs/inode.c:9:
In file included from ./include/linux/backing-dev.h:15:
In file included from ./include/linux/device.h:31:
./include/linux/device/class.h:140:64: warning: declaration of 'struct device_node' will not be visible outside of this function [-Wvisibility]
  140 | class_find_device_by_of_node(struct class *class, const struct device_node *np)
      |                                                                ^
In file included from fs/inode.c:9:
In file included from ./include/linux/backing-dev.h:15:
In file included from ./include/linux/device.h:32:
./include/linux/device/driver.h:185:23: warning: declaration of 'struct device_node' will not be visible outside of this function [-Wvisibility]
  185 |                               const struct device_node *np)
      |                                            ^
In file included from fs/inode.c:11:
In file included from ./include/linux/swap.h:9:
In file included from ./include/linux/memcontrol.h:13:
./include/linux/cgroup.h:41:44: warning: declaration of 'struct cgroupstats' will not be visible outside of this function [-Wvisibility]
   41 | static inline int cgroupstats_build(struct cgroupstats *stats,
      |                                            ^
fs/inode.c:23:10: fatal error: 'trace/events/writeback.h' file not found
   23 | #include <trace/events/writeback.h>
      |          ^~~~~~~~~~~~~~~~~~~~~~~~~~
4 warnings and 1 error generated.
make[1]: *** [scripts/Makefile.build:249: fs/inode.o] Error 1
  CC      fs/file.o
In file included from fs/file.c:10:
./include/linux/syscalls.h:129:49: warning: declaration of 'struct trace_event_call' will not be visible outside of this function [-Wvisibility]
  129 | static inline int is_syscall_trace_event(struct trace_event_call *tp_event)
      |                                                 ^
./include/linux/syscalls.h:271:21: error: use of undeclared identifier 'AT_FDCWD'
  271 |         return do_fchownat(AT_FDCWD, filename, user, group, 0);
      |                            ^
./include/linux/syscalls.h:277:21: error: use of undeclared identifier 'AT_FDCWD'
  277 |         return do_fchownat(AT_FDCWD, filename, user, group,
      |                            ^
./include/linux/syscalls.h:278:9: error: use of undeclared identifier 'AT_SYMLINK_NOFOLLOW'
  278 |                              AT_SYMLINK_NOFOLLOW);
      |                              ^
./include/linux/syscalls.h:297:28: error: incomplete definition of type 'struct task_struct'
  297 |         unsigned int old = current->personality;
      |                            ~~~~~~~^
./include/linux/capability.h:43:8: note: forward declaration of 'struct task_struct'
   43 | struct task_struct;
      |        ^
In file included from fs/file.c:10:
./include/linux/syscalls.h:300:3: error: incomplete definition of type 'struct task_struct'
  300 |                 set_personality(personality);
      |                 ^~~~~~~~~~~~~~~~~~~~~~~~~~~~
./include/linux/personality.h:15:39: note: expanded from macro 'set_personality'
   15 | #define set_personality(pers)   (current->personality = (pers))
      |                                  ~~~~~~~^
./include/linux/capability.h:43:8: note: forward declaration of 'struct task_struct'
   43 | struct task_struct;
      |        ^
In file included from fs/file.c:10:
./include/linux/syscalls.h:325:15: warning: declaration of 'struct ipc_namespace' will not be visible outside of this function [-Wvisibility]
  325 |                      struct ipc_namespace *ns);
      |                             ^
fs/file.c:23:10: fatal error: 'net/sock.h' file not found
   23 | #include <net/sock.h>
      |          ^~~~~~~~~~~~
2 warnings and 6 errors generated.
make[1]: *** [scripts/Makefile.build:249: fs/file.o] Error 1
  CC      fs/filesystems.o
In file included from fs/filesystems.c:10:
./include/linux/syscalls.h:129:49: warning: declaration of 'struct trace_event_call' will not be visible outside of this function [-Wvisibility]
  129 | static inline int is_syscall_trace_event(struct trace_event_call *tp_event)
      |                                                 ^
./include/linux/syscalls.h:271:21: error: use of undeclared identifier 'AT_FDCWD'
  271 |         return do_fchownat(AT_FDCWD, filename, user, group, 0);
      |                            ^
./include/linux/syscalls.h:277:21: error: use of undeclared identifier 'AT_FDCWD'
  277 |         return do_fchownat(AT_FDCWD, filename, user, group,
      |                            ^
./include/linux/syscalls.h:278:9: error: use of undeclared identifier 'AT_SYMLINK_NOFOLLOW'
  278 |                              AT_SYMLINK_NOFOLLOW);
      |                              ^
./include/linux/syscalls.h:297:28: error: incomplete definition of type 'struct task_struct'
  297 |         unsigned int old = current->personality;
      |                            ~~~~~~~^
./include/linux/capability.h:43:8: note: forward declaration of 'struct task_struct'
   43 | struct task_struct;
      |        ^
In file included from fs/filesystems.c:10:
./include/linux/syscalls.h:300:3: error: incomplete definition of type 'struct task_struct'
  300 |                 set_personality(personality);
      |                 ^~~~~~~~~~~~~~~~~~~~~~~~~~~~
./include/linux/personality.h:15:39: note: expanded from macro 'set_personality'
   15 | #define set_personality(pers)   (current->personality = (pers))
      |                                  ~~~~~~~^
./include/linux/capability.h:43:8: note: forward declaration of 'struct task_struct'
   43 | struct task_struct;
      |        ^
In file included from fs/filesystems.c:10:
./include/linux/syscalls.h:325:15: warning: declaration of 'struct ipc_namespace' will not be visible outside of this function [-Wvisibility]
  325 |                      struct ipc_namespace *ns);
      |                             ^
2 warnings and 5 errors generated.
make[1]: *** [scripts/Makefile.build:249: fs/filesystems.o] Error 1
  CC      fs/namespace.o
In file included from fs/namespace.c:11:
./include/linux/syscalls.h:129:49: warning: declaration of 'struct trace_event_call' will not be visible outside of this function [-Wvisibility]
  129 | static inline int is_syscall_trace_event(struct trace_event_call *tp_event)
      |                                                 ^
./include/linux/syscalls.h:271:21: error: use of undeclared identifier 'AT_FDCWD'
  271 |         return do_fchownat(AT_FDCWD, filename, user, group, 0);
      |                            ^
./include/linux/syscalls.h:277:21: error: use of undeclared identifier 'AT_FDCWD'
  277 |         return do_fchownat(AT_FDCWD, filename, user, group,
      |                            ^
./include/linux/syscalls.h:278:9: error: use of undeclared identifier 'AT_SYMLINK_NOFOLLOW'
  278 |                              AT_SYMLINK_NOFOLLOW);
      |                              ^
./include/linux/syscalls.h:297:28: error: incomplete definition of type 'struct task_struct'
  297 |         unsigned int old = current->personality;
      |                            ~~~~~~~^
./include/linux/capability.h:43:8: note: forward declaration of 'struct task_struct'
   43 | struct task_struct;
      |        ^
In file included from fs/namespace.c:11:
./include/linux/syscalls.h:300:3: error: incomplete definition of type 'struct task_struct'
  300 |                 set_personality(personality);
      |                 ^~~~~~~~~~~~~~~~~~~~~~~~~~~~
./include/linux/personality.h:15:39: note: expanded from macro 'set_personality'
   15 | #define set_personality(pers)   (current->personality = (pers))
      |                                  ~~~~~~~^
./include/linux/capability.h:43:8: note: forward declaration of 'struct task_struct'
   43 | struct task_struct;
      |        ^
In file included from fs/namespace.c:11:
./include/linux/syscalls.h:325:15: warning: declaration of 'struct ipc_namespace' will not be visible outside of this function [-Wvisibility]
  325 |                      struct ipc_namespace *ns);
      |                             ^
In file included from fs/namespace.c:33:
In file included from ./include/linux/shmem_fs.h:6:
In file included from ./include/linux/swap.h:9:
In file included from ./include/linux/memcontrol.h:13:
./include/linux/cgroup.h:41:44: warning: declaration of 'struct cgroupstats' will not be visible outside of this function [-Wvisibility]
   41 | static inline int cgroupstats_build(struct cgroupstats *stats,
      |                                            ^
In file included from fs/namespace.c:33:
In file included from ./include/linux/shmem_fs.h:6:
In file included from ./include/linux/swap.h:9:
In file included from ./include/linux/memcontrol.h:22:
In file included from ./include/linux/writeback.h:13:
In file included from ./include/linux/blk_types.h:11:
In file included from ./include/linux/device.h:30:
./include/linux/device/bus.h:190:63: warning: declaration of 'struct device_node' will not be visible outside of this function [-Wvisibility]
  190 | bus_find_device_by_of_node(struct bus_type *bus, const struct device_node *np)
      |                                                               ^
In file included from fs/namespace.c:33:
In file included from ./include/linux/shmem_fs.h:6:
In file included from ./include/linux/swap.h:9:
In file included from ./include/linux/memcontrol.h:22:
In file included from ./include/linux/writeback.h:13:
In file included from ./include/linux/blk_types.h:11:
In file included from ./include/linux/device.h:31:
./include/linux/device/class.h:140:64: warning: declaration of 'struct device_node' will not be visible outside of this function [-Wvisibility]
  140 | class_find_device_by_of_node(struct class *class, const struct device_node *np)
      |                                                                ^
In file included from fs/namespace.c:33:
In file included from ./include/linux/shmem_fs.h:6:
In file included from ./include/linux/swap.h:9:
In file included from ./include/linux/memcontrol.h:22:
In file included from ./include/linux/writeback.h:13:
In file included from ./include/linux/blk_types.h:11:
In file included from ./include/linux/device.h:32:
./include/linux/device/driver.h:185:23: warning: declaration of 'struct device_node' will not be visible outside of this function [-Wvisibility]
  185 |                               const struct device_node *np)
      |                                            ^
In file included from fs/namespace.c:36:
In file included from fs/pnode.h:11:
In file included from fs/mount.h:4:
./include/linux/poll.h:123:9: warning: '__MAP' macro redefined [-Wmacro-redefined]
  123 | #define __MAP(v, from, to) \
      |         ^
./include/linux/syscalls.h:115:9: note: previous definition is here
  115 | #define __MAP(n,...) __MAP##n(__VA_ARGS__)
      |         ^
fs/namespace.c:1694:1: error: expected parameter declarator
 1694 | SYSCALL_DEFINE2(umount, char __user *, name, int, flags)
      | ^
./include/linux/syscalls.h:143:52: note: expanded from macro 'SYSCALL_DEFINE2'
  143 | #define SYSCALL_DEFINE2(name, ...) SYSCALL_DEFINEx(2, _##name, __VA_ARGS__)
      |                                                    ^
fs/namespace.c:1694:1: error: expected ')'
./include/linux/syscalls.h:143:52: note: expanded from macro 'SYSCALL_DEFINE2'
  143 | #define SYSCALL_DEFINE2(name, ...) SYSCALL_DEFINEx(2, _##name, __VA_ARGS__)
      |                                                    ^
fs/namespace.c:1694:1: note: to match this '('
./include/linux/syscalls.h:143:36: note: expanded from macro 'SYSCALL_DEFINE2'
  143 | #define SYSCALL_DEFINE2(name, ...) SYSCALL_DEFINEx(2, _##name, __VA_ARGS__)
      |                                    ^
./include/linux/syscalls.h:153:2: note: expanded from macro 'SYSCALL_DEFINEx'
  153 |         __SYSCALL_DEFINEx(x, sname, __VA_ARGS__)
      |         ^
./arch/x86/include/asm/syscall_wrapper.h:122:34: note: expanded from macro '__SYSCALL_DEFINEx'
  122 |         static long __se_sys##name(__MAP(x,__SC_LONG,__VA_ARGS__));     \
      |                                         ^
fs/namespace.c:1694:1: error: type specifier missing, defaults to 'int'; ISO C99 and later do not support implicit int [-Wimplicit-int]
 1694 | SYSCALL_DEFINE2(umount, char __user *, name, int, flags)
      | ^
./include/linux/syscalls.h:143:36: note: expanded from macro 'SYSCALL_DEFINE2'
  143 | #define SYSCALL_DEFINE2(name, ...) SYSCALL_DEFINEx(2, _##name, __VA_ARGS__)
      |                                    ^
./include/linux/syscalls.h:153:2: note: expanded from macro 'SYSCALL_DEFINEx'
  153 |         __SYSCALL_DEFINEx(x, sname, __VA_ARGS__)
      |         ^
./arch/x86/include/asm/syscall_wrapper.h:122:29: note: expanded from macro '__SYSCALL_DEFINEx'
  122 |         static long __se_sys##name(__MAP(x,__SC_LONG,__VA_ARGS__));     \
      |                                    ^
fs/namespace.c:1694:1: error: a function declaration without a prototype is deprecated in all versions of C [-Werror,-Wstrict-prototypes]
./include/linux/syscalls.h:143:36: note: expanded from macro 'SYSCALL_DEFINE2'
  143 | #define SYSCALL_DEFINE2(name, ...) SYSCALL_DEFINEx(2, _##name, __VA_ARGS__)
      |                                    ^
./include/linux/syscalls.h:153:2: note: expanded from macro 'SYSCALL_DEFINEx'
  153 |         __SYSCALL_DEFINEx(x, sname, __VA_ARGS__)
      |         ^
./arch/x86/include/asm/syscall_wrapper.h:122:34: note: expanded from macro '__SYSCALL_DEFINEx'
  122 |         static long __se_sys##name(__MAP(x,__SC_LONG,__VA_ARGS__));     \
      |                                         ^
fs/namespace.c:1694:1: error: expected parameter declarator
./include/linux/syscalls.h:143:52: note: expanded from macro 'SYSCALL_DEFINE2'
  143 | #define SYSCALL_DEFINE2(name, ...) SYSCALL_DEFINEx(2, _##name, __VA_ARGS__)
      |                                                    ^
fs/namespace.c:1694:1: error: expected ')'
./include/linux/syscalls.h:143:52: note: expanded from macro 'SYSCALL_DEFINE2'
  143 | #define SYSCALL_DEFINE2(name, ...) SYSCALL_DEFINEx(2, _##name, __VA_ARGS__)
      |                                                    ^
fs/namespace.c:1694:1: note: to match this '('
./include/linux/syscalls.h:143:36: note: expanded from macro 'SYSCALL_DEFINE2'
  143 | #define SYSCALL_DEFINE2(name, ...) SYSCALL_DEFINEx(2, _##name, __VA_ARGS__)
      |                                    ^
./include/linux/syscalls.h:153:2: note: expanded from macro 'SYSCALL_DEFINEx'
  153 |         __SYSCALL_DEFINEx(x, sname, __VA_ARGS__)
      |         ^
./arch/x86/include/asm/syscall_wrapper.h:123:41: note: expanded from macro '__SYSCALL_DEFINEx'
  123 |         static inline long __do_sys##name(__MAP(x,__SC_DECL,__VA_ARGS__));\
      |                                                ^
fs/namespace.c:1694:1: error: type specifier missing, defaults to 'int'; ISO C99 and later do not support implicit int [-Wimplicit-int]
 1694 | SYSCALL_DEFINE2(umount, char __user *, name, int, flags)
      | ^
./include/linux/syscalls.h:143:36: note: expanded from macro 'SYSCALL_DEFINE2'
  143 | #define SYSCALL_DEFINE2(name, ...) SYSCALL_DEFINEx(2, _##name, __VA_ARGS__)
      |                                    ^
./include/linux/syscalls.h:153:2: note: expanded from macro 'SYSCALL_DEFINEx'
  153 |         __SYSCALL_DEFINEx(x, sname, __VA_ARGS__)
      |         ^
./arch/x86/include/asm/syscall_wrapper.h:123:36: note: expanded from macro '__SYSCALL_DEFINEx'
  123 |         static inline long __do_sys##name(__MAP(x,__SC_DECL,__VA_ARGS__));\
      |                                           ^
fs/namespace.c:1694:1: error: a function declaration without a prototype is deprecated in all versions of C [-Werror,-Wstrict-prototypes]
./include/linux/syscalls.h:143:36: note: expanded from macro 'SYSCALL_DEFINE2'
  143 | #define SYSCALL_DEFINE2(name, ...) SYSCALL_DEFINEx(2, _##name, __VA_ARGS__)
      |                                    ^
./include/linux/syscalls.h:153:2: note: expanded from macro 'SYSCALL_DEFINEx'
  153 |         __SYSCALL_DEFINEx(x, sname, __VA_ARGS__)
      |         ^
./arch/x86/include/asm/syscall_wrapper.h:123:41: note: expanded from macro '__SYSCALL_DEFINEx'
  123 |         static inline long __do_sys##name(__MAP(x,__SC_DECL,__VA_ARGS__));\
      |                                                ^
fs/namespace.c:1694:1: error: call to undeclared function '__MAP'; ISO C99 and later do not support implicit function declarations [-Wimplicit-function-declaration]
./include/linux/syscalls.h:143:36: note: expanded from macro 'SYSCALL_DEFINE2'
  143 | #define SYSCALL_DEFINE2(name, ...) SYSCALL_DEFINEx(2, _##name, __VA_ARGS__)
      |                                    ^
./include/linux/syscalls.h:153:2: note: expanded from macro 'SYSCALL_DEFINEx'
  153 |         __SYSCALL_DEFINEx(x, sname, __VA_ARGS__)
      |         ^
./arch/x86/include/asm/syscall_wrapper.h:125:2: note: expanded from macro '__SYSCALL_DEFINEx'
  125 |         __IA32_SYS_STUBx(x, name, __VA_ARGS__)                          \
      |         ^
./arch/x86/include/asm/syscall_wrapper.h:100:7: note: expanded from macro '__IA32_SYS_STUBx'
  100 |                     SC_IA32_REGS_TO_ARGS(x, __VA_ARGS__))
      |                     ^
./arch/x86/include/asm/syscall_wrapper.h:63:2: note: expanded from macro 'SC_IA32_REGS_TO_ARGS'
   63 |         __MAP(x,__SC_ARGS                                               \
      |         ^
fs/namespace.c:1694:1: error: expected expression
./include/linux/syscalls.h:143:36: note: expanded from macro 'SYSCALL_DEFINE2'
  143 | #define SYSCALL_DEFINE2(name, ...) SYSCALL_DEFINEx(2, _##name, __VA_ARGS__)
      |                                    ^
./include/linux/syscalls.h:153:2: note: expanded from macro 'SYSCALL_DEFINEx'
  153 |         __SYSCALL_DEFINEx(x, sname, __VA_ARGS__)
      |         ^
./arch/x86/include/asm/syscall_wrapper.h:125:2: note: expanded from macro '__SYSCALL_DEFINEx'
  125 |         __IA32_SYS_STUBx(x, name, __VA_ARGS__)                          \
      |         ^
./arch/x86/include/asm/syscall_wrapper.h:100:7: note: expanded from macro '__IA32_SYS_STUBx'
  100 |                     SC_IA32_REGS_TO_ARGS(x, __VA_ARGS__))
      |                     ^
./arch/x86/include/asm/syscall_wrapper.h:64:9: note: expanded from macro 'SC_IA32_REGS_TO_ARGS'
   64 |               ,,(unsigned int)regs->bx,,(unsigned int)regs->cx          \
      |                ^
fs/namespace.c:1694:1: error: expected expression
./include/linux/syscalls.h:143:36: note: expanded from macro 'SYSCALL_DEFINE2'
  143 | #define SYSCALL_DEFINE2(name, ...) SYSCALL_DEFINEx(2, _##name, __VA_ARGS__)
      |                                    ^
./include/linux/syscalls.h:153:2: note: expanded from macro 'SYSCALL_DEFINEx'
  153 |         __SYSCALL_DEFINEx(x, sname, __VA_ARGS__)
      |         ^
./arch/x86/include/asm/syscall_wrapper.h:125:2: note: expanded from macro '__SYSCALL_DEFINEx'
  125 |         __IA32_SYS_STUBx(x, name, __VA_ARGS__)                          \
      |         ^
./arch/x86/include/asm/syscall_wrapper.h:100:7: note: expanded from macro '__IA32_SYS_STUBx'
  100 |                     SC_IA32_REGS_TO_ARGS(x, __VA_ARGS__))
      |                     ^
./arch/x86/include/asm/syscall_wrapper.h:64:33: note: expanded from macro 'SC_IA32_REGS_TO_ARGS'
   64 |               ,,(unsigned int)regs->bx,,(unsigned int)regs->cx          \
      |                                        ^
fs/namespace.c:1694:1: error: expected expression
./include/linux/syscalls.h:143:36: note: expanded from macro 'SYSCALL_DEFINE2'
  143 | #define SYSCALL_DEFINE2(name, ...) SYSCALL_DEFINEx(2, _##name, __VA_ARGS__)
      |                                    ^
./include/linux/syscalls.h:153:2: note: expanded from macro 'SYSCALL_DEFINEx'
  153 |         __SYSCALL_DEFINEx(x, sname, __VA_ARGS__)
      |         ^
./arch/x86/include/asm/syscall_wrapper.h:125:2: note: expanded from macro '__SYSCALL_DEFINEx'
  125 |         __IA32_SYS_STUBx(x, name, __VA_ARGS__)                          \
      |         ^
./arch/x86/include/asm/syscall_wrapper.h:100:7: note: expanded from macro '__IA32_SYS_STUBx'
  100 |                     SC_IA32_REGS_TO_ARGS(x, __VA_ARGS__))
      |                     ^
./arch/x86/include/asm/syscall_wrapper.h:65:9: note: expanded from macro 'SC_IA32_REGS_TO_ARGS'
   65 |               ,,(unsigned int)regs->dx,,(unsigned int)regs->si          \
      |                ^
fs/namespace.c:1694:1: error: expected expression
./include/linux/syscalls.h:143:36: note: expanded from macro 'SYSCALL_DEFINE2'
  143 | #define SYSCALL_DEFINE2(name, ...) SYSCALL_DEFINEx(2, _##name, __VA_ARGS__)
      |                                    ^
./include/linux/syscalls.h:153:2: note: expanded from macro 'SYSCALL_DEFINEx'
  153 |         __SYSCALL_DEFINEx(x, sname, __VA_ARGS__)
      |         ^
./arch/x86/include/asm/syscall_wrapper.h:125:2: note: expanded from macro '__SYSCALL_DEFINEx'
  125 |         __IA32_SYS_STUBx(x, name, __VA_ARGS__)                          \
      |         ^
./arch/x86/include/asm/syscall_wrapper.h:100:7: note: expanded from macro '__IA32_SYS_STUBx'
  100 |                     SC_IA32_REGS_TO_ARGS(x, __VA_ARGS__))
      |                     ^
./arch/x86/include/asm/syscall_wrapper.h:65:33: note: expanded from macro 'SC_IA32_REGS_TO_ARGS'
   65 |               ,,(unsigned int)regs->dx,,(unsigned int)regs->si          \
      |                                        ^
fs/namespace.c:1694:1: error: expected expression
./include/linux/syscalls.h:143:36: note: expanded from macro 'SYSCALL_DEFINE2'
  143 | #define SYSCALL_DEFINE2(name, ...) SYSCALL_DEFINEx(2, _##name, __VA_ARGS__)
      |                                    ^
./include/linux/syscalls.h:153:2: note: expanded from macro 'SYSCALL_DEFINEx'
  153 |         __SYSCALL_DEFINEx(x, sname, __VA_ARGS__)
      |         ^
./arch/x86/include/asm/syscall_wrapper.h:125:2: note: expanded from macro '__SYSCALL_DEFINEx'
  125 |         __IA32_SYS_STUBx(x, name, __VA_ARGS__)                          \
      |         ^
./arch/x86/include/asm/syscall_wrapper.h:100:7: note: expanded from macro '__IA32_SYS_STUBx'
  100 |                     SC_IA32_REGS_TO_ARGS(x, __VA_ARGS__))
      |                     ^
./arch/x86/include/asm/syscall_wrapper.h:66:9: note: expanded from macro 'SC_IA32_REGS_TO_ARGS'
   66 |               ,,(unsigned int)regs->di,,(unsigned int)regs->bp)
      |                ^
fatal error: too many errors emitted, stopping now [-ferror-limit=]
7 warnings and 20 errors generated.
make[1]: *** [scripts/Makefile.build:249: fs/namespace.o] Error 1
  CC      fs/xattr.o
In file included from fs/xattr.c:6:
./include/linux/syscalls.h:129:49: warning: declaration of 'struct trace_event_call' will not be visible outside of this function [-Wvisibility]
  129 | static inline int is_syscall_trace_event(struct trace_event_call *tp_event)
      |                                                 ^
1 warning generated.
  CC      fs/splice.o
In file included from fs/splice.c:7:
./include/linux/syscalls.h:129:49: warning: declaration of 'struct trace_event_call' will not be visible outside of this function [-Wvisibility]
  129 | static inline int is_syscall_trace_event(struct trace_event_call *tp_event)
      |                                                 ^
./include/linux/syscalls.h:325:15: warning: declaration of 'struct ipc_namespace' will not be visible outside of this function [-Wvisibility]
  325 |                      struct ipc_namespace *ns);
      |                             ^
2 warnings generated.
  CC      fs/sync.o
In file included from fs/sync.c:6:
In file included from ./include/linux/blkdev.h:9:
In file included from ./include/linux/blk_types.h:11:
In file included from ./include/linux/device.h:30:
./include/linux/device/bus.h:190:63: warning: declaration of 'struct device_node' will not be visible outside of this function [-Wvisibility]
  190 | bus_find_device_by_of_node(struct bus_type *bus, const struct device_node *np)
      |                                                               ^
In file included from fs/sync.c:6:
In file included from ./include/linux/blkdev.h:9:
In file included from ./include/linux/blk_types.h:11:
In file included from ./include/linux/device.h:31:
./include/linux/device/class.h:140:64: warning: declaration of 'struct device_node' will not be visible outside of this function [-Wvisibility]
  140 | class_find_device_by_of_node(struct class *class, const struct device_node *np)
      |                                                                ^
In file included from fs/sync.c:6:
In file included from ./include/linux/blkdev.h:9:
In file included from ./include/linux/blk_types.h:11:
In file included from ./include/linux/device.h:32:
./include/linux/device/driver.h:185:23: warning: declaration of 'struct device_node' will not be visible outside of this function [-Wvisibility]
  185 |                               const struct device_node *np)
      |                                            ^
In file included from fs/sync.c:6:
./include/linux/blkdev.h:281:39: warning: declaration of 'struct blk_zone' will not be visible outside of this function [-Wvisibility]
  281 | typedef int (*report_zones_cb)(struct blk_zone *zone, unsigned int idx,
      |                                       ^
In file included from fs/sync.c:15:
./include/linux/syscalls.h:129:49: warning: declaration of 'struct trace_event_call' will not be visible outside of this function [-Wvisibility]
  129 | static inline int is_syscall_trace_event(struct trace_event_call *tp_event)
      |                                                 ^
./include/linux/syscalls.h:325:15: warning: declaration of 'struct ipc_namespace' will not be visible outside of this function [-Wvisibility]
  325 |                      struct ipc_namespace *ns);
      |                             ^
6 warnings generated.
  CC      fs/utimes.o
In file included from fs/utimes.c:3:
./include/linux/syscalls.h:129:49: warning: declaration of 'struct trace_event_call' will not be visible outside of this function [-Wvisibility]
  129 | static inline int is_syscall_trace_event(struct trace_event_call *tp_event)
      |                                                 ^
./include/linux/syscalls.h:271:21: error: use of undeclared identifier 'AT_FDCWD'
  271 |         return do_fchownat(AT_FDCWD, filename, user, group, 0);
      |                            ^
./include/linux/syscalls.h:277:21: error: use of undeclared identifier 'AT_FDCWD'
  277 |         return do_fchownat(AT_FDCWD, filename, user, group,
      |                            ^
./include/linux/syscalls.h:278:9: error: use of undeclared identifier 'AT_SYMLINK_NOFOLLOW'
  278 |                              AT_SYMLINK_NOFOLLOW);
      |                              ^
./include/linux/syscalls.h:297:28: error: incomplete definition of type 'struct task_struct'
  297 |         unsigned int old = current->personality;
      |                            ~~~~~~~^
./include/linux/capability.h:43:8: note: forward declaration of 'struct task_struct'
   43 | struct task_struct;
      |        ^
In file included from fs/utimes.c:3:
./include/linux/syscalls.h:300:3: error: incomplete definition of type 'struct task_struct'
  300 |                 set_personality(personality);
      |                 ^~~~~~~~~~~~~~~~~~~~~~~~~~~~
./include/linux/personality.h:15:39: note: expanded from macro 'set_personality'
   15 | #define set_personality(pers)   (current->personality = (pers))
      |                                  ~~~~~~~^
./include/linux/capability.h:43:8: note: forward declaration of 'struct task_struct'
   43 | struct task_struct;
      |        ^
In file included from fs/utimes.c:3:
./include/linux/syscalls.h:325:15: warning: declaration of 'struct ipc_namespace' will not be visible outside of this function [-Wvisibility]
  325 |                      struct ipc_namespace *ns);
      |                             ^
2 warnings and 5 errors generated.
make[1]: *** [scripts/Makefile.build:249: fs/utimes.o] Error 1
  CC      fs/d_path.o
In file included from fs/d_path.c:6:
./include/linux/syscalls.h:129:49: warning: declaration of 'struct trace_event_call' will not be visible outside of this function [-Wvisibility]
  129 | static inline int is_syscall_trace_event(struct trace_event_call *tp_event)
      |                                                 ^
./include/linux/syscalls.h:325:15: warning: declaration of 'struct ipc_namespace' will not be visible outside of this function [-Wvisibility]
  325 |                      struct ipc_namespace *ns);
      |                             ^
2 warnings generated.
  CC      fs/statfs.o
In file included from fs/statfs.c:2:
./include/linux/syscalls.h:129:49: warning: declaration of 'struct trace_event_call' will not be visible outside of this function [-Wvisibility]
  129 | static inline int is_syscall_trace_event(struct trace_event_call *tp_event)
      |                                                 ^
./include/linux/syscalls.h:271:21: error: use of undeclared identifier 'AT_FDCWD'
  271 |         return do_fchownat(AT_FDCWD, filename, user, group, 0);
      |                            ^
./include/linux/syscalls.h:277:21: error: use of undeclared identifier 'AT_FDCWD'
  277 |         return do_fchownat(AT_FDCWD, filename, user, group,
      |                            ^
./include/linux/syscalls.h:278:9: error: use of undeclared identifier 'AT_SYMLINK_NOFOLLOW'
  278 |                              AT_SYMLINK_NOFOLLOW);
      |                              ^
./include/linux/syscalls.h:297:28: error: incomplete definition of type 'struct task_struct'
  297 |         unsigned int old = current->personality;
      |                            ~~~~~~~^
./include/linux/capability.h:43:8: note: forward declaration of 'struct task_struct'
   43 | struct task_struct;
      |        ^
In file included from fs/statfs.c:2:
./include/linux/syscalls.h:300:3: error: incomplete definition of type 'struct task_struct'
  300 |                 set_personality(personality);
      |                 ^~~~~~~~~~~~~~~~~~~~~~~~~~~~
./include/linux/personality.h:15:39: note: expanded from macro 'set_personality'
   15 | #define set_personality(pers)   (current->personality = (pers))
      |                                  ~~~~~~~^
./include/linux/capability.h:43:8: note: forward declaration of 'struct task_struct'
   43 | struct task_struct;
      |        ^
In file included from fs/statfs.c:2:
./include/linux/syscalls.h:325:15: warning: declaration of 'struct ipc_namespace' will not be visible outside of this function [-Wvisibility]
  325 |                      struct ipc_namespace *ns);
      |                             ^
2 warnings and 5 errors generated.
make[1]: *** [scripts/Makefile.build:249: fs/statfs.o] Error 1
  CC      fs/fsopen.o
In file included from fs/fsopen.c:12:
./include/linux/syscalls.h:129:49: warning: declaration of 'struct trace_event_call' will not be visible outside of this function [-Wvisibility]
  129 | static inline int is_syscall_trace_event(struct trace_event_call *tp_event)
      |                                                 ^
./include/linux/syscalls.h:325:15: warning: declaration of 'struct ipc_namespace' will not be visible outside of this function [-Wvisibility]
  325 |                      struct ipc_namespace *ns);
      |                             ^
In file included from fs/fsopen.c:19:
In file included from fs/mount.h:4:
./include/linux/poll.h:123:9: warning: '__MAP' macro redefined [-Wmacro-redefined]
  123 | #define __MAP(v, from, to) \
      |         ^
./include/linux/syscalls.h:115:9: note: previous definition is here
  115 | #define __MAP(n,...) __MAP##n(__VA_ARGS__)
      |         ^
fs/fsopen.c:115:1: error: expected parameter declarator
  115 | SYSCALL_DEFINE2(fsopen, const char __user *, _fs_name, unsigned int, flags)
      | ^
./include/linux/syscalls.h:143:52: note: expanded from macro 'SYSCALL_DEFINE2'
  143 | #define SYSCALL_DEFINE2(name, ...) SYSCALL_DEFINEx(2, _##name, __VA_ARGS__)
      |                                                    ^
fs/fsopen.c:115:1: error: expected ')'
./include/linux/syscalls.h:143:52: note: expanded from macro 'SYSCALL_DEFINE2'
  143 | #define SYSCALL_DEFINE2(name, ...) SYSCALL_DEFINEx(2, _##name, __VA_ARGS__)
      |                                                    ^
fs/fsopen.c:115:1: note: to match this '('
./include/linux/syscalls.h:143:36: note: expanded from macro 'SYSCALL_DEFINE2'
  143 | #define SYSCALL_DEFINE2(name, ...) SYSCALL_DEFINEx(2, _##name, __VA_ARGS__)
      |                                    ^
./include/linux/syscalls.h:153:2: note: expanded from macro 'SYSCALL_DEFINEx'
  153 |         __SYSCALL_DEFINEx(x, sname, __VA_ARGS__)
      |         ^
./arch/x86/include/asm/syscall_wrapper.h:122:34: note: expanded from macro '__SYSCALL_DEFINEx'
  122 |         static long __se_sys##name(__MAP(x,__SC_LONG,__VA_ARGS__));     \
      |                                         ^
fs/fsopen.c:115:1: error: type specifier missing, defaults to 'int'; ISO C99 and later do not support implicit int [-Wimplicit-int]
  115 | SYSCALL_DEFINE2(fsopen, const char __user *, _fs_name, unsigned int, flags)
      | ^
./include/linux/syscalls.h:143:36: note: expanded from macro 'SYSCALL_DEFINE2'
  143 | #define SYSCALL_DEFINE2(name, ...) SYSCALL_DEFINEx(2, _##name, __VA_ARGS__)
      |                                    ^
./include/linux/syscalls.h:153:2: note: expanded from macro 'SYSCALL_DEFINEx'
  153 |         __SYSCALL_DEFINEx(x, sname, __VA_ARGS__)
      |         ^
./arch/x86/include/asm/syscall_wrapper.h:122:29: note: expanded from macro '__SYSCALL_DEFINEx'
  122 |         static long __se_sys##name(__MAP(x,__SC_LONG,__VA_ARGS__));     \
      |                                    ^
fs/fsopen.c:115:1: error: a function declaration without a prototype is deprecated in all versions of C [-Werror,-Wstrict-prototypes]
./include/linux/syscalls.h:143:36: note: expanded from macro 'SYSCALL_DEFINE2'
  143 | #define SYSCALL_DEFINE2(name, ...) SYSCALL_DEFINEx(2, _##name, __VA_ARGS__)
      |                                    ^
./include/linux/syscalls.h:153:2: note: expanded from macro 'SYSCALL_DEFINEx'
  153 |         __SYSCALL_DEFINEx(x, sname, __VA_ARGS__)
      |         ^
./arch/x86/include/asm/syscall_wrapper.h:122:34: note: expanded from macro '__SYSCALL_DEFINEx'
  122 |         static long __se_sys##name(__MAP(x,__SC_LONG,__VA_ARGS__));     \
      |                                         ^
fs/fsopen.c:115:1: error: expected parameter declarator
./include/linux/syscalls.h:143:52: note: expanded from macro 'SYSCALL_DEFINE2'
  143 | #define SYSCALL_DEFINE2(name, ...) SYSCALL_DEFINEx(2, _##name, __VA_ARGS__)
      |                                                    ^
fs/fsopen.c:115:1: error: expected ')'
./include/linux/syscalls.h:143:52: note: expanded from macro 'SYSCALL_DEFINE2'
  143 | #define SYSCALL_DEFINE2(name, ...) SYSCALL_DEFINEx(2, _##name, __VA_ARGS__)
      |                                                    ^
fs/fsopen.c:115:1: note: to match this '('
./include/linux/syscalls.h:143:36: note: expanded from macro 'SYSCALL_DEFINE2'
  143 | #define SYSCALL_DEFINE2(name, ...) SYSCALL_DEFINEx(2, _##name, __VA_ARGS__)
      |                                    ^
./include/linux/syscalls.h:153:2: note: expanded from macro 'SYSCALL_DEFINEx'
  153 |         __SYSCALL_DEFINEx(x, sname, __VA_ARGS__)
      |         ^
./arch/x86/include/asm/syscall_wrapper.h:123:41: note: expanded from macro '__SYSCALL_DEFINEx'
  123 |         static inline long __do_sys##name(__MAP(x,__SC_DECL,__VA_ARGS__));\
      |                                                ^
fs/fsopen.c:115:1: error: type specifier missing, defaults to 'int'; ISO C99 and later do not support implicit int [-Wimplicit-int]
  115 | SYSCALL_DEFINE2(fsopen, const char __user *, _fs_name, unsigned int, flags)
      | ^
./include/linux/syscalls.h:143:36: note: expanded from macro 'SYSCALL_DEFINE2'
  143 | #define SYSCALL_DEFINE2(name, ...) SYSCALL_DEFINEx(2, _##name, __VA_ARGS__)
      |                                    ^
./include/linux/syscalls.h:153:2: note: expanded from macro 'SYSCALL_DEFINEx'
  153 |         __SYSCALL_DEFINEx(x, sname, __VA_ARGS__)
      |         ^
./arch/x86/include/asm/syscall_wrapper.h:123:36: note: expanded from macro '__SYSCALL_DEFINEx'
  123 |         static inline long __do_sys##name(__MAP(x,__SC_DECL,__VA_ARGS__));\
      |                                           ^
fs/fsopen.c:115:1: error: a function declaration without a prototype is deprecated in all versions of C [-Werror,-Wstrict-prototypes]
./include/linux/syscalls.h:143:36: note: expanded from macro 'SYSCALL_DEFINE2'
  143 | #define SYSCALL_DEFINE2(name, ...) SYSCALL_DEFINEx(2, _##name, __VA_ARGS__)
      |                                    ^
./include/linux/syscalls.h:153:2: note: expanded from macro 'SYSCALL_DEFINEx'
  153 |         __SYSCALL_DEFINEx(x, sname, __VA_ARGS__)
      |         ^
./arch/x86/include/asm/syscall_wrapper.h:123:41: note: expanded from macro '__SYSCALL_DEFINEx'
  123 |         static inline long __do_sys##name(__MAP(x,__SC_DECL,__VA_ARGS__));\
      |                                                ^
fs/fsopen.c:115:1: error: call to undeclared function '__MAP'; ISO C99 and later do not support implicit function declarations [-Wimplicit-function-declaration]
./include/linux/syscalls.h:143:36: note: expanded from macro 'SYSCALL_DEFINE2'
  143 | #define SYSCALL_DEFINE2(name, ...) SYSCALL_DEFINEx(2, _##name, __VA_ARGS__)
      |                                    ^
./include/linux/syscalls.h:153:2: note: expanded from macro 'SYSCALL_DEFINEx'
  153 |         __SYSCALL_DEFINEx(x, sname, __VA_ARGS__)
      |         ^
./arch/x86/include/asm/syscall_wrapper.h:125:2: note: expanded from macro '__SYSCALL_DEFINEx'
  125 |         __IA32_SYS_STUBx(x, name, __VA_ARGS__)                          \
      |         ^
./arch/x86/include/asm/syscall_wrapper.h:100:7: note: expanded from macro '__IA32_SYS_STUBx'
  100 |                     SC_IA32_REGS_TO_ARGS(x, __VA_ARGS__))
      |                     ^
./arch/x86/include/asm/syscall_wrapper.h:63:2: note: expanded from macro 'SC_IA32_REGS_TO_ARGS'
   63 |         __MAP(x,__SC_ARGS                                               \
      |         ^
fs/fsopen.c:115:1: error: expected expression
./include/linux/syscalls.h:143:36: note: expanded from macro 'SYSCALL_DEFINE2'
  143 | #define SYSCALL_DEFINE2(name, ...) SYSCALL_DEFINEx(2, _##name, __VA_ARGS__)
      |                                    ^
./include/linux/syscalls.h:153:2: note: expanded from macro 'SYSCALL_DEFINEx'
  153 |         __SYSCALL_DEFINEx(x, sname, __VA_ARGS__)
      |         ^
./arch/x86/include/asm/syscall_wrapper.h:125:2: note: expanded from macro '__SYSCALL_DEFINEx'
  125 |         __IA32_SYS_STUBx(x, name, __VA_ARGS__)                          \
      |         ^
./arch/x86/include/asm/syscall_wrapper.h:100:7: note: expanded from macro '__IA32_SYS_STUBx'
  100 |                     SC_IA32_REGS_TO_ARGS(x, __VA_ARGS__))
      |                     ^
./arch/x86/include/asm/syscall_wrapper.h:64:9: note: expanded from macro 'SC_IA32_REGS_TO_ARGS'
   64 |               ,,(unsigned int)regs->bx,,(unsigned int)regs->cx          \
      |                ^
fs/fsopen.c:115:1: error: expected expression
./include/linux/syscalls.h:143:36: note: expanded from macro 'SYSCALL_DEFINE2'
  143 | #define SYSCALL_DEFINE2(name, ...) SYSCALL_DEFINEx(2, _##name, __VA_ARGS__)
      |                                    ^
./include/linux/syscalls.h:153:2: note: expanded from macro 'SYSCALL_DEFINEx'
  153 |         __SYSCALL_DEFINEx(x, sname, __VA_ARGS__)
      |         ^
./arch/x86/include/asm/syscall_wrapper.h:125:2: note: expanded from macro '__SYSCALL_DEFINEx'
  125 |         __IA32_SYS_STUBx(x, name, __VA_ARGS__)                          \
      |         ^
./arch/x86/include/asm/syscall_wrapper.h:100:7: note: expanded from macro '__IA32_SYS_STUBx'
  100 |                     SC_IA32_REGS_TO_ARGS(x, __VA_ARGS__))
      |                     ^
./arch/x86/include/asm/syscall_wrapper.h:64:33: note: expanded from macro 'SC_IA32_REGS_TO_ARGS'
   64 |               ,,(unsigned int)regs->bx,,(unsigned int)regs->cx          \
      |                                        ^
fs/fsopen.c:115:1: error: expected expression
./include/linux/syscalls.h:143:36: note: expanded from macro 'SYSCALL_DEFINE2'
  143 | #define SYSCALL_DEFINE2(name, ...) SYSCALL_DEFINEx(2, _##name, __VA_ARGS__)
      |                                    ^
./include/linux/syscalls.h:153:2: note: expanded from macro 'SYSCALL_DEFINEx'
  153 |         __SYSCALL_DEFINEx(x, sname, __VA_ARGS__)
      |         ^
./arch/x86/include/asm/syscall_wrapper.h:125:2: note: expanded from macro '__SYSCALL_DEFINEx'
  125 |         __IA32_SYS_STUBx(x, name, __VA_ARGS__)                          \
      |         ^
./arch/x86/include/asm/syscall_wrapper.h:100:7: note: expanded from macro '__IA32_SYS_STUBx'
  100 |                     SC_IA32_REGS_TO_ARGS(x, __VA_ARGS__))
      |                     ^
./arch/x86/include/asm/syscall_wrapper.h:65:9: note: expanded from macro 'SC_IA32_REGS_TO_ARGS'
   65 |               ,,(unsigned int)regs->dx,,(unsigned int)regs->si          \
      |                ^
fs/fsopen.c:115:1: error: expected expression
./include/linux/syscalls.h:143:36: note: expanded from macro 'SYSCALL_DEFINE2'
  143 | #define SYSCALL_DEFINE2(name, ...) SYSCALL_DEFINEx(2, _##name, __VA_ARGS__)
      |                                    ^
./include/linux/syscalls.h:153:2: note: expanded from macro 'SYSCALL_DEFINEx'
  153 |         __SYSCALL_DEFINEx(x, sname, __VA_ARGS__)
      |         ^
./arch/x86/include/asm/syscall_wrapper.h:125:2: note: expanded from macro '__SYSCALL_DEFINEx'
  125 |         __IA32_SYS_STUBx(x, name, __VA_ARGS__)                          \
      |         ^
./arch/x86/include/asm/syscall_wrapper.h:100:7: note: expanded from macro '__IA32_SYS_STUBx'
  100 |                     SC_IA32_REGS_TO_ARGS(x, __VA_ARGS__))
      |                     ^
./arch/x86/include/asm/syscall_wrapper.h:65:33: note: expanded from macro 'SC_IA32_REGS_TO_ARGS'
   65 |               ,,(unsigned int)regs->dx,,(unsigned int)regs->si          \
      |                                        ^
fs/fsopen.c:115:1: error: expected expression
./include/linux/syscalls.h:143:36: note: expanded from macro 'SYSCALL_DEFINE2'
  143 | #define SYSCALL_DEFINE2(name, ...) SYSCALL_DEFINEx(2, _##name, __VA_ARGS__)
      |                                    ^
./include/linux/syscalls.h:153:2: note: expanded from macro 'SYSCALL_DEFINEx'
  153 |         __SYSCALL_DEFINEx(x, sname, __VA_ARGS__)
      |         ^
./arch/x86/include/asm/syscall_wrapper.h:125:2: note: expanded from macro '__SYSCALL_DEFINEx'
  125 |         __IA32_SYS_STUBx(x, name, __VA_ARGS__)                          \
      |         ^
./arch/x86/include/asm/syscall_wrapper.h:100:7: note: expanded from macro '__IA32_SYS_STUBx'
  100 |                     SC_IA32_REGS_TO_ARGS(x, __VA_ARGS__))
      |                     ^
./arch/x86/include/asm/syscall_wrapper.h:66:9: note: expanded from macro 'SC_IA32_REGS_TO_ARGS'
   66 |               ,,(unsigned int)regs->di,,(unsigned int)regs->bp)
      |                ^
fs/fsopen.c:115:1: error: expected expression
./include/linux/syscalls.h:143:36: note: expanded from macro 'SYSCALL_DEFINE2'
  143 | #define SYSCALL_DEFINE2(name, ...) SYSCALL_DEFINEx(2, _##name, __VA_ARGS__)
      |                                    ^
./include/linux/syscalls.h:153:2: note: expanded from macro 'SYSCALL_DEFINEx'
  153 |         __SYSCALL_DEFINEx(x, sname, __VA_ARGS__)
      |         ^
./arch/x86/include/asm/syscall_wrapper.h:125:2: note: expanded from macro '__SYSCALL_DEFINEx'
  125 |         __IA32_SYS_STUBx(x, name, __VA_ARGS__)                          \
      |         ^
./arch/x86/include/asm/syscall_wrapper.h:100:7: note: expanded from macro '__IA32_SYS_STUBx'
  100 |                     SC_IA32_REGS_TO_ARGS(x, __VA_ARGS__))
      |                     ^
./arch/x86/include/asm/syscall_wrapper.h:66:33: note: expanded from macro 'SC_IA32_REGS_TO_ARGS'
   66 |               ,,(unsigned int)regs->di,,(unsigned int)regs->bp)
      |                                        ^
fs/fsopen.c:115:1: error: use of undeclared identifier '__SC_ARGS'
./include/linux/syscalls.h:143:36: note: expanded from macro 'SYSCALL_DEFINE2'
  143 | #define SYSCALL_DEFINE2(name, ...) SYSCALL_DEFINEx(2, _##name, __VA_ARGS__)
      |                                    ^
./include/linux/syscalls.h:153:2: note: expanded from macro 'SYSCALL_DEFINEx'
  153 |         __SYSCALL_DEFINEx(x, sname, __VA_ARGS__)
      |         ^
./arch/x86/include/asm/syscall_wrapper.h:125:2: note: expanded from macro '__SYSCALL_DEFINEx'
  125 |         __IA32_SYS_STUBx(x, name, __VA_ARGS__)                          \
      |         ^
./arch/x86/include/asm/syscall_wrapper.h:100:7: note: expanded from macro '__IA32_SYS_STUBx'
  100 |                     SC_IA32_REGS_TO_ARGS(x, __VA_ARGS__))
      |                     ^
./arch/x86/include/asm/syscall_wrapper.h:63:10: note: expanded from macro 'SC_IA32_REGS_TO_ARGS'
   63 |         __MAP(x,__SC_ARGS                                               \
      |                 ^
fs/fsopen.c:115:1: error: expected parameter declarator
./include/linux/syscalls.h:143:52: note: expanded from macro 'SYSCALL_DEFINE2'
  143 | #define SYSCALL_DEFINE2(name, ...) SYSCALL_DEFINEx(2, _##name, __VA_ARGS__)
      |                                                    ^
fs/fsopen.c:115:1: error: expected ')'
./include/linux/syscalls.h:143:52: note: expanded from macro 'SYSCALL_DEFINE2'
  143 | #define SYSCALL_DEFINE2(name, ...) SYSCALL_DEFINEx(2, _##name, __VA_ARGS__)
      |                                                    ^
fs/fsopen.c:115:1: note: to match this '('
./include/linux/syscalls.h:143:36: note: expanded from macro 'SYSCALL_DEFINE2'
  143 | #define SYSCALL_DEFINE2(name, ...) SYSCALL_DEFINEx(2, _##name, __VA_ARGS__)
      |                                    ^
./include/linux/syscalls.h:153:2: note: expanded from macro 'SYSCALL_DEFINEx'
  153 |         __SYSCALL_DEFINEx(x, sname, __VA_ARGS__)
      |         ^
./arch/x86/include/asm/syscall_wrapper.h:126:34: note: expanded from macro '__SYSCALL_DEFINEx'
  126 |         static long __se_sys##name(__MAP(x,__SC_LONG,__VA_ARGS__))      \
      |                                         ^
fs/fsopen.c:115:1: error: type specifier missing, defaults to 'int'; ISO C99 and later do not support implicit int [-Wimplicit-int]
  115 | SYSCALL_DEFINE2(fsopen, const char __user *, _fs_name, unsigned int, flags)
      | ^
./include/linux/syscalls.h:143:36: note: expanded from macro 'SYSCALL_DEFINE2'
  143 | #define SYSCALL_DEFINE2(name, ...) SYSCALL_DEFINEx(2, _##name, __VA_ARGS__)
      |                                    ^
./include/linux/syscalls.h:153:2: note: expanded from macro 'SYSCALL_DEFINEx'
  153 |         __SYSCALL_DEFINEx(x, sname, __VA_ARGS__)
      |         ^
./arch/x86/include/asm/syscall_wrapper.h:126:29: note: expanded from macro '__SYSCALL_DEFINEx'
  126 |         static long __se_sys##name(__MAP(x,__SC_LONG,__VA_ARGS__))      \
      |                                    ^
fatal error: too many errors emitted, stopping now [-ferror-limit=]
3 warnings and 20 errors generated.
make[1]: *** [scripts/Makefile.build:249: fs/fsopen.o] Error 1
make[1]: Target '__build' not remade because of errors.
make: *** [Makefile:1839: fs] Error 2
  CC      security/commoncap.o
In file included from security/commoncap.c:15:
In file included from ./include/linux/swap.h:9:
In file included from ./include/linux/memcontrol.h:13:
./include/linux/cgroup.h:41:44: warning: declaration of 'struct cgroupstats' will not be visible outside of this function [-Wvisibility]
   41 | static inline int cgroupstats_build(struct cgroupstats *stats,
      |                                            ^
In file included from security/commoncap.c:15:
In file included from ./include/linux/swap.h:9:
In file included from ./include/linux/memcontrol.h:22:
In file included from ./include/linux/writeback.h:13:
In file included from ./include/linux/blk_types.h:11:
In file included from ./include/linux/device.h:30:
./include/linux/device/bus.h:190:63: warning: declaration of 'struct device_node' will not be visible outside of this function [-Wvisibility]
  190 | bus_find_device_by_of_node(struct bus_type *bus, const struct device_node *np)
      |                                                               ^
In file included from security/commoncap.c:15:
In file included from ./include/linux/swap.h:9:
In file included from ./include/linux/memcontrol.h:22:
In file included from ./include/linux/writeback.h:13:
In file included from ./include/linux/blk_types.h:11:
In file included from ./include/linux/device.h:31:
./include/linux/device/class.h:140:64: warning: declaration of 'struct device_node' will not be visible outside of this function [-Wvisibility]
  140 | class_find_device_by_of_node(struct class *class, const struct device_node *np)
      |                                                                ^
In file included from security/commoncap.c:15:
In file included from ./include/linux/swap.h:9:
In file included from ./include/linux/memcontrol.h:22:
In file included from ./include/linux/writeback.h:13:
In file included from ./include/linux/blk_types.h:11:
In file included from ./include/linux/device.h:32:
./include/linux/device/driver.h:185:23: warning: declaration of 'struct device_node' will not be visible outside of this function [-Wvisibility]
  185 |                               const struct device_node *np)
      |                                            ^
4 warnings generated.
  AR      security/built-in.a
  CC      drivers/base/core.o
In file included from drivers/base/core.c:24:
./include/linux/blkdev.h:281:39: warning: declaration of 'struct blk_zone' will not be visible outside of this function [-Wvisibility]
  281 | typedef int (*report_zones_cb)(struct blk_zone *zone, unsigned int idx,
      |                                       ^
In file included from drivers/base/core.c:27:
./include/linux/netdevice.h:40:10: fatal error: 'net/xdp.h' file not found
   40 | #include <net/xdp.h>
      |          ^~~~~~~~~~~
1 warning and 1 error generated.
make[2]: *** [scripts/Makefile.build:249: drivers/base/core.o] Error 1
  CC      drivers/base/devres.o
In file included from drivers/base/devres.c:9:
In file included from ./include/linux/device.h:30:
./include/linux/device/bus.h:190:63: warning: declaration of 'struct device_node' will not be visible outside of this function [-Wvisibility]
  190 | bus_find_device_by_of_node(struct bus_type *bus, const struct device_node *np)
      |                                                               ^
In file included from drivers/base/devres.c:9:
In file included from ./include/linux/device.h:31:
./include/linux/device/class.h:140:64: warning: declaration of 'struct device_node' will not be visible outside of this function [-Wvisibility]
  140 | class_find_device_by_of_node(struct class *class, const struct device_node *np)
      |                                                                ^
In file included from drivers/base/devres.c:9:
In file included from ./include/linux/device.h:32:
./include/linux/device/driver.h:185:23: warning: declaration of 'struct device_node' will not be visible outside of this function [-Wvisibility]
  185 |                               const struct device_node *np)
      |                                            ^
3 warnings generated.
  CC      drivers/base/property.o
In file included from drivers/base/property.c:18:
In file included from ./include/linux/phy.h:16:
In file included from ./include/linux/ethtool.h:18:
In file included from ./include/linux/netlink.h:7:
./include/linux/skbuff.h:35:10: fatal error: 'net/flow_dissector.h' file not found
   35 | #include <net/flow_dissector.h>
      |          ^~~~~~~~~~~~~~~~~~~~~~
1 error generated.
make[2]: *** [scripts/Makefile.build:249: drivers/base/property.o] Error 1
make[2]: Target '__build' not remade because of errors.
make[1]: *** [scripts/Makefile.build:466: drivers/base] Error 2
  CC      drivers/char/random.o
In file included from drivers/char/random.c:39:
In file included from ./include/linux/blkdev.h:9:
In file included from ./include/linux/blk_types.h:11:
In file included from ./include/linux/device.h:30:
./include/linux/device/bus.h:190:63: warning: declaration of 'struct device_node' will not be visible outside of this function [-Wvisibility]
  190 | bus_find_device_by_of_node(struct bus_type *bus, const struct device_node *np)
      |                                                               ^
In file included from drivers/char/random.c:39:
In file included from ./include/linux/blkdev.h:9:
In file included from ./include/linux/blk_types.h:11:
In file included from ./include/linux/device.h:31:
./include/linux/device/class.h:140:64: warning: declaration of 'struct device_node' will not be visible outside of this function [-Wvisibility]
  140 | class_find_device_by_of_node(struct class *class, const struct device_node *np)
      |                                                                ^
In file included from drivers/char/random.c:39:
In file included from ./include/linux/blkdev.h:9:
In file included from ./include/linux/blk_types.h:11:
In file included from ./include/linux/device.h:32:
./include/linux/device/driver.h:185:23: warning: declaration of 'struct device_node' will not be visible outside of this function [-Wvisibility]
  185 |                               const struct device_node *np)
      |                                            ^
In file included from drivers/char/random.c:39:
./include/linux/blkdev.h:281:39: warning: declaration of 'struct blk_zone' will not be visible outside of this function [-Wvisibility]
  281 | typedef int (*report_zones_cb)(struct blk_zone *zone, unsigned int idx,
      |                                       ^
In file included from drivers/char/random.c:50:
./include/linux/syscalls.h:129:49: warning: declaration of 'struct trace_event_call' will not be visible outside of this function [-Wvisibility]
  129 | static inline int is_syscall_trace_event(struct trace_event_call *tp_event)
      |                                                 ^
In file included from drivers/char/random.c:54:
In file included from ./include/linux/suspend.h:5:
In file included from ./include/linux/swap.h:9:
In file included from ./include/linux/memcontrol.h:13:
./include/linux/cgroup.h:41:44: warning: declaration of 'struct cgroupstats' will not be visible outside of this function [-Wvisibility]
   41 | static inline int cgroupstats_build(struct cgroupstats *stats,
      |                                            ^
6 warnings generated.
  AR      drivers/char/built-in.a
make[1]: Target '__build' not remade because of errors.
make: *** [Makefile:1839: drivers] Error 2
  CC      lib/kobject_uevent.o
In file included from lib/kobject_uevent.c:23:
In file included from ./include/linux/skbuff.h:31:
In file included from ./include/linux/dma-mapping.h:7:
In file included from ./include/linux/device.h:30:
./include/linux/device/bus.h:190:63: warning: declaration of 'struct device_node' will not be visible outside of this function [-Wvisibility]
  190 | bus_find_device_by_of_node(struct bus_type *bus, const struct device_node *np)
      |                                                               ^
In file included from lib/kobject_uevent.c:23:
In file included from ./include/linux/skbuff.h:31:
In file included from ./include/linux/dma-mapping.h:7:
In file included from ./include/linux/device.h:31:
./include/linux/device/class.h:140:64: warning: declaration of 'struct device_node' will not be visible outside of this function [-Wvisibility]
  140 | class_find_device_by_of_node(struct class *class, const struct device_node *np)
      |                                                                ^
In file included from lib/kobject_uevent.c:23:
In file included from ./include/linux/skbuff.h:31:
In file included from ./include/linux/dma-mapping.h:7:
In file included from ./include/linux/device.h:32:
./include/linux/device/driver.h:185:23: warning: declaration of 'struct device_node' will not be visible outside of this function [-Wvisibility]
  185 |                               const struct device_node *np)
      |                                            ^
In file included from lib/kobject_uevent.c:23:
./include/linux/skbuff.h:35:10: fatal error: 'net/flow_dissector.h' file not found
   35 | #include <net/flow_dissector.h>
      |          ^~~~~~~~~~~~~~~~~~~~~~
3 warnings and 1 error generated.
make[1]: *** [scripts/Makefile.build:249: lib/kobject_uevent.o] Error 1
  CC      lib/vsprintf.o
In file included from lib/vsprintf.c:36:
In file included from ./include/linux/rtc.h:37:
In file included from ./include/linux/device.h:30:
./include/linux/device/bus.h:190:63: warning: declaration of 'struct device_node' will not be visible outside of this function [-Wvisibility]
  190 | bus_find_device_by_of_node(struct bus_type *bus, const struct device_node *np)
      |                                                               ^
In file included from lib/vsprintf.c:36:
In file included from ./include/linux/rtc.h:37:
In file included from ./include/linux/device.h:31:
./include/linux/device/class.h:140:64: warning: declaration of 'struct device_node' will not be visible outside of this function [-Wvisibility]
  140 | class_find_device_by_of_node(struct class *class, const struct device_node *np)
      |                                                                ^
In file included from lib/vsprintf.c:36:
In file included from ./include/linux/rtc.h:37:
In file included from ./include/linux/device.h:32:
./include/linux/device/driver.h:185:23: warning: declaration of 'struct device_node' will not be visible outside of this function [-Wvisibility]
  185 |                               const struct device_node *np)
      |                                            ^
In file included from lib/vsprintf.c:36:
./include/linux/rtc.h:223:15: warning: declaration of 'struct nvmem_config' will not be visible outside of this function [-Wvisibility]
  223 |                                           struct nvmem_config *nvmem_config)
      |                                                  ^
lib/vsprintf.c:40:10: fatal error: 'net/addrconf.h' file not found
   40 | #include <net/addrconf.h>
      |          ^~~~~~~~~~~~~~~~
4 warnings and 1 error generated.
make[1]: *** [scripts/Makefile.build:249: lib/vsprintf.o] Error 1
  CC      lib/iov_iter.o
lib/iov_iter.c:626:16: error: call to undeclared function 'csum_partial_copy_nocheck'; ISO C99 and later do not support implicit function declarations [-Wimplicit-function-declaration]
  626 |         __wsum next = csum_partial_copy_nocheck(from, to, len);
      |                       ^
lib/iov_iter.c:627:9: error: call to undeclared function 'csum_block_add'; ISO C99 and later do not support implicit function declarations [-Wimplicit-function-declaration]
  627 |         return csum_block_add(sum, next, off);
      |                ^
2 errors generated.
make[1]: *** [scripts/Makefile.build:249: lib/iov_iter.o] Error 1
make[1]: Target '__build' not remade because of errors.
make: *** [Makefile:1839: lib] Error 2
  CC      arch/x86/lib/msr.o
In file included from arch/x86/lib/msr.c:6:
In file included from ./arch/x86/include/asm/msr-trace.h:14:
In file included from ./include/linux/tracepoint.h:22:
In file included from ./include/linux/static_call.h:135:
In file included from ./include/linux/cpu.h:17:
In file included from ./include/linux/node.h:18:
In file included from ./include/linux/device.h:30:
./include/linux/device/bus.h:190:63: warning: declaration of 'struct device_node' will not be visible outside of this function [-Wvisibility]
  190 | bus_find_device_by_of_node(struct bus_type *bus, const struct device_node *np)
      |                                                               ^
In file included from arch/x86/lib/msr.c:6:
In file included from ./arch/x86/include/asm/msr-trace.h:14:
In file included from ./include/linux/tracepoint.h:22:
In file included from ./include/linux/static_call.h:135:
In file included from ./include/linux/cpu.h:17:
In file included from ./include/linux/node.h:18:
In file included from ./include/linux/device.h:31:
./include/linux/device/class.h:140:64: warning: declaration of 'struct device_node' will not be visible outside of this function [-Wvisibility]
  140 | class_find_device_by_of_node(struct class *class, const struct device_node *np)
      |                                                                ^
In file included from arch/x86/lib/msr.c:6:
In file included from ./arch/x86/include/asm/msr-trace.h:14:
In file included from ./include/linux/tracepoint.h:22:
In file included from ./include/linux/static_call.h:135:
In file included from ./include/linux/cpu.h:17:
In file included from ./include/linux/node.h:18:
In file included from ./include/linux/device.h:32:
./include/linux/device/driver.h:185:23: warning: declaration of 'struct device_node' will not be visible outside of this function [-Wvisibility]
  185 |                               const struct device_node *np)
      |                                            ^
3 warnings generated.
  AR      arch/x86/lib/built-in.a
make: Target '__all' not remade because of errors.
