  CALL    scripts/atomic/check-atomics.sh
  CALL    scripts/checksyscalls.sh
warning: generated include/linux/atomic/atomic-long.h has been modified.
warning: generated include/linux/atomic/atomic-arch-fallback.h has been modified.
  CHK     include/generated/compile.h
  CC      mm/page-writeback.o
  CC      fs/inode.o
  CC      kernel/fork.o
  CC      drivers/base/core.o
  CC      mm/swap.o
  CC      fs/file.o
In file included from fs/file.c:10:
./include/linux/syscalls.h:131:49: warning: declaration of 'struct trace_event_call' will not be visible outside of this function [-Wvisibility]
  131 | static inline int is_syscall_trace_event(struct trace_event_call *tp_event)
      |                                                 ^
./include/linux/syscalls.h:327:15: warning: declaration of 'struct ipc_namespace' will not be visible outside of this function [-Wvisibility]
  327 |                      struct ipc_namespace *ns);
      |                             ^
In file included from fs/inode.c:9:
In file included from ./include/linux/backing-dev.h:15:
In file included from ./include/linux/device.h:30:
./include/linux/device/bus.h:190:63: warning: declaration of 'struct device_node' will not be visible outside of this function [-Wvisibility]
  190 | bus_find_device_by_of_node(struct bus_type *bus, const struct device_node *np)
      |                                                               ^
In file included from fs/inode.c:9:
In file included from ./include/linux/backing-dev.h:15:
In file included from ./include/linux/device.h:31:
./include/linux/device/class.h:140:64: warning: declaration of 'struct device_node' will not be visible outside of this function [-Wvisibility]
  140 | class_find_device_by_of_node(struct class *class, const struct device_node *np)
      |                                                                ^
In file included from fs/inode.c:9:
In file included from ./include/linux/backing-dev.h:15:
In file included from ./include/linux/device.h:32:
./include/linux/device/driver.h:185:23: warning: declaration of 'struct device_node' will not be visible outside of this function [-Wvisibility]
  185 |                               const struct device_node *np)
      |                                            ^
In file included from mm/page-writeback.c:20:
In file included from ./include/linux/swap.h:9:
In file included from ./include/linux/memcontrol.h:13:
./include/linux/cgroup.h:41:44: warning: declaration of 'struct cgroupstats' will not be visible outside of this function [-Wvisibility]
   41 | static inline int cgroupstats_build(struct cgroupstats *stats,
      |                                            ^
In file included from mm/page-writeback.c:20:
In file included from ./include/linux/swap.h:9:
In file included from ./include/linux/memcontrol.h:22:
In file included from ./include/linux/writeback.h:13:
In file included from ./include/linux/blk_types.h:11:
In file included from ./include/linux/device.h:30:
./include/linux/device/bus.h:190:63: warning: declaration of 'struct device_node' will not be visible outside of this function [-Wvisibility]
  190 | bus_find_device_by_of_node(struct bus_type *bus, const struct device_node *np)
      |                                                               ^
In file included from mm/page-writeback.c:20:
In file included from ./include/linux/swap.h:9:
In file included from ./include/linux/memcontrol.h:22:
In file included from ./include/linux/writeback.h:13:
In file included from ./include/linux/blk_types.h:11:
In file included from ./include/linux/device.h:31:
./include/linux/device/class.h:140:64: warning: declaration of 'struct device_node' will not be visible outside of this function [-Wvisibility]
  140 | class_find_device_by_of_node(struct class *class, const struct device_node *np)
      |                                                                ^
In file included from fs/inode.c:11:
In file included from ./include/linux/swap.h:9:
In file included from ./include/linux/memcontrol.h:13:
./include/linux/cgroup.h:41:44: warning: declaration of 'struct cgroupstats' will not be visible outside of this function [-Wvisibility]
   41 | static inline int cgroupstats_build(struct cgroupstats *stats,
      |                                            ^
In file included from mm/page-writeback.c:20:
In file included from ./include/linux/swap.h:9:
In file included from ./include/linux/memcontrol.h:22:
In file included from ./include/linux/writeback.h:13:
In file included from ./include/linux/blk_types.h:11:
In file included from ./include/linux/device.h:32:
./include/linux/device/driver.h:185:23: warning: declaration of 'struct device_node' will not be visible outside of this function [-Wvisibility]
  185 |                               const struct device_node *np)
      |                                            ^
In file included from drivers/base/core.c:24:
./include/linux/blkdev.h:281:39: warning: declaration of 'struct blk_zone' will not be visible outside of this function [-Wvisibility]
  281 | typedef int (*report_zones_cb)(struct blk_zone *zone, unsigned int idx,
      |                                       ^
In file included from kernel/fork.c:45:
In file included from ./include/linux/mm_inline.h:7:
In file included from ./include/linux/swap.h:9:
In file included from ./include/linux/memcontrol.h:13:
./include/linux/cgroup.h:41:44: warning: declaration of 'struct cgroupstats' will not be visible outside of this function [-Wvisibility]
   41 | static inline int cgroupstats_build(struct cgroupstats *stats,
      |                                            ^
In file included from mm/swap.c:20:
In file included from ./include/linux/swap.h:9:
In file included from ./include/linux/memcontrol.h:13:
./include/linux/cgroup.h:41:44: warning: declaration of 'struct cgroupstats' will not be visible outside of this function [-Wvisibility]
   41 | static inline int cgroupstats_build(struct cgroupstats *stats,
      |                                            ^
In file included from kernel/fork.c:45:
In file included from ./include/linux/mm_inline.h:7:
In file included from ./include/linux/swap.h:9:
In file included from ./include/linux/memcontrol.h:22:
In file included from ./include/linux/writeback.h:13:
In file included from ./include/linux/blk_types.h:11:
In file included from ./include/linux/device.h:30:
./include/linux/device/bus.h:190:63: warning: declaration of 'struct device_node' will not be visible outside of this function [-Wvisibility]
  190 | bus_find_device_by_of_node(struct bus_type *bus, const struct device_node *np)
      |                                                               ^
In file included from kernel/fork.c:45:
In file included from ./include/linux/mm_inline.h:7:
In file included from ./include/linux/swap.h:9:
In file included from ./include/linux/memcontrol.h:22:
In file included from ./include/linux/writeback.h:13:
In file included from ./include/linux/blk_types.h:11:
In file included from ./include/linux/device.h:31:
./include/linux/device/class.h:140:64: warning: declaration of 'struct device_node' will not be visible outside of this function [-Wvisibility]
  140 | class_find_device_by_of_node(struct class *class, const struct device_node *np)
      |                                                                ^
In file included from kernel/fork.c:45:
In file included from ./include/linux/mm_inline.h:7:
In file included from ./include/linux/swap.h:9:
In file included from ./include/linux/memcontrol.h:22:
In file included from ./include/linux/writeback.h:13:
In file included from ./include/linux/blk_types.h:11:
In file included from ./include/linux/device.h:32:
./include/linux/device/driver.h:185:23: warning: declaration of 'struct device_node' will not be visible outside of this function [-Wvisibility]
  185 |                               const struct device_node *np)
      |                                            ^
In file included from mm/page-writeback.c:27:
./include/linux/blkdev.h:281:39: warning: declaration of 'struct blk_zone' will not be visible outside of this function [-Wvisibility]
  281 | typedef int (*report_zones_cb)(struct blk_zone *zone, unsigned int idx,
      |                                       ^
In file included from fs/file.c:23:
In file included from ./include/net/sock.h:46:
In file included from ./include/linux/netdevice.h:40:
In file included from ./include/net/xdp.h:9:
In file included from ./include/linux/skbuff.h:31:
In file included from ./include/linux/dma-mapping.h:7:
In file included from ./include/linux/device.h:30:
./include/linux/device/bus.h:190:63: warning: declaration of 'struct device_node' will not be visible outside of this function [-Wvisibility]
  190 | bus_find_device_by_of_node(struct bus_type *bus, const struct device_node *np)
      |                                                               ^
In file included from mm/swap.c:20:
In file included from ./include/linux/swap.h:9:
In file included from ./include/linux/memcontrol.h:22:
In file included from ./include/linux/writeback.h:13:
In file included from ./include/linux/blk_types.h:11:
In file included from ./include/linux/device.h:30:
./include/linux/device/bus.h:190:63: warning: declaration of 'struct device_node' will not be visible outside of this function [-Wvisibility]
  190 | bus_find_device_by_of_node(struct bus_type *bus, const struct device_node *np)
      |                                                               ^
In file included from fs/file.c:23:
In file included from ./include/net/sock.h:46:
In file included from ./include/linux/netdevice.h:40:
In file included from ./include/net/xdp.h:9:
In file included from ./include/linux/skbuff.h:31:
In file included from ./include/linux/dma-mapping.h:7:
In file included from ./include/linux/device.h:31:
./include/linux/device/class.h:140:64: warning: declaration of 'struct device_node' will not be visible outside of this function [-Wvisibility]
  140 | class_find_device_by_of_node(struct class *class, const struct device_node *np)
      |                                                                ^
In file included from mm/swap.c:20:
In file included from ./include/linux/swap.h:9:
In file included from ./include/linux/memcontrol.h:22:
In file included from ./include/linux/writeback.h:13:
In file included from ./include/linux/blk_types.h:11:
In file included from ./include/linux/device.h:31:
./include/linux/device/class.h:140:64: warning: declaration of 'struct device_node' will not be visible outside of this function [-Wvisibility]
  140 | class_find_device_by_of_node(struct class *class, const struct device_node *np)
      |                                                                ^
In file included from drivers/base/core.c:27:
In file included from ./include/linux/netdevice.h:40:
In file included from ./include/net/xdp.h:9:
./include/linux/skbuff.h:1487:31: warning: declaration of 'struct ts_config' will not be visible outside of this function [-Wvisibility]
 1487 |                            unsigned int to, struct ts_config *config);
      |                                                    ^
In file included from mm/page-writeback.c:34:
./include/linux/syscalls.h:131:49: warning: declaration of 'struct trace_event_call' will not be visible outside of this function [-Wvisibility]
  131 | static inline int is_syscall_trace_event(struct trace_event_call *tp_event)
      |                                                 ^
In file included from fs/file.c:23:
In file included from ./include/net/sock.h:46:
In file included from ./include/linux/netdevice.h:40:
In file included from ./include/net/xdp.h:9:
In file included from ./include/linux/skbuff.h:31:
In file included from ./include/linux/dma-mapping.h:7:
In file included from ./include/linux/device.h:32:
./include/linux/device/driver.h:185:23: warning: declaration of 'struct device_node' will not be visible outside of this function [-Wvisibility]
  185 |                               const struct device_node *np)
      |                                            ^
In file included from kernel/fork.c:55:
./include/linux/syscalls.h:131:49: warning: declaration of 'struct trace_event_call' will not be visible outside of this function [-Wvisibility]
  131 | static inline int is_syscall_trace_event(struct trace_event_call *tp_event)
      |                                                 ^
In file included from mm/swap.c:20:
In file included from ./include/linux/swap.h:9:
In file included from ./include/linux/memcontrol.h:22:
In file included from ./include/linux/writeback.h:13:
In file included from ./include/linux/blk_types.h:11:
In file included from ./include/linux/device.h:32:
./include/linux/device/driver.h:185:23: warning: declaration of 'struct device_node' will not be visible outside of this function [-Wvisibility]
  185 |                               const struct device_node *np)
      |                                            ^
./include/linux/skbuff.h:3674:16: error: call to undeclared function 'csum_block_add'; ISO C99 and later do not support implicit function declarations [-Wimplicit-function-declaration]
 3674 |                         skb->csum = csum_block_add(skb->csum, csum, off);
      |                                     ^
fs/inode.c:1634:4: error: call to undeclared function 'trace_writeback_lazytime_iput'; ISO C99 and later do not support implicit function declarations [-Wimplicit-function-declaration]
 1634 |                         trace_writeback_lazytime_iput(inode);
      |                         ^
./include/linux/skbuff.h:3746:15: error: call to undeclared function 'csum_block_sub'; ISO C99 and later do not support implicit function declarations [-Wimplicit-function-declaration]
 3746 |                 skb->csum = csum_block_sub(skb->csum,
      |                             ^
./include/linux/skbuff.h:3767:15: error: call to undeclared function 'wsum_negate'; ISO C99 and later do not support implicit function declarations [-Wimplicit-function-declaration]
 3767 |                 skb->csum = wsum_negate(csum_partial(start, len,
      |                             ^
./include/linux/skbuff.h:3779:15: error: call to undeclared function 'csum_block_add'; ISO C99 and later do not support implicit function declarations [-Wimplicit-function-declaration]
 3779 |                 skb->csum = csum_block_add(skb->csum,
      |                             ^
mm/page-writeback.c:327:3: error: call to undeclared function 'trace_global_dirty_state'; ISO C99 and later do not support implicit function declarations [-Wimplicit-function-declaration]
  327 |                 trace_global_dirty_state(bg_thresh, thresh);
      |                 ^
In file included from kernel/fork.c:73:
./include/linux/tsacct_kern.h:13:13: warning: declaration of 'struct taskstats' will not be visible outside of this function [-Wvisibility]
   13 |                                  struct taskstats *stats, struct task_struct *tsk)
      |                                         ^
./include/linux/skbuff.h:4450:18: error: call to undeclared function 'csum_add'; ISO C99 and later do not support implicit function declarations [-Wimplicit-function-declaration]
 4450 |                 if (!csum_fold(csum_add(psum, skb->csum))) {
      |                                ^
./include/linux/tsacct_kern.h:16:41: warning: declaration of 'struct taskstats' will not be visible outside of this function [-Wvisibility]
   16 | static inline void xacct_add_tsk(struct taskstats *stats, struct task_struct *p)
      |                                         ^
In file included from kernel/fork.c:76:
./include/linux/delayacct.h:27:44: warning: declaration of 'struct taskstats' will not be visible outside of this function [-Wvisibility]
   27 | static inline int delayacct_add_tsk(struct taskstats *d,
      |                                            ^
./include/linux/skbuff.h:4556:10: error: call to undeclared function 'remcsum_adjust'; ISO C99 and later do not support implicit function declarations [-Wimplicit-function-declaration]
 4556 |         delta = remcsum_adjust(ptr, skb->csum, start, offset);
      |                 ^
./include/linux/skbuff.h:4559:14: error: call to undeclared function 'csum_add'; ISO C99 and later do not support implicit function declarations [-Wimplicit-function-declaration]
 4559 |         skb->csum = csum_add(skb->csum, delta);
      |                     ^
4 warnings and 1 error generated.
./include/linux/skbuff.h:4893:13: error: call to undeclared function 'csum_unfold'; ISO C99 and later do not support implicit function declarations [-Wimplicit-function-declaration]
 4893 |         partial = ~csum_unfold(*(__force __sum16 *)(csum_start +
      |                    ^
./include/linux/skbuff.h:4893:13: note: did you mean 'csum_fold'?
./include/net/checksum.h:10:23: note: 'csum_fold' declared here
   10 | static inline __sum16 csum_fold(__wsum csum)
      |                       ^
make[1]: *** [scripts/Makefile.build:249: fs/inode.o] Error 1
In file included from fs/file.c:23:
In file included from ./include/net/sock.h:46:
In file included from ./include/linux/netdevice.h:40:
In file included from ./include/net/xdp.h:9:
./include/linux/skbuff.h:1487:31: warning: declaration of 'struct ts_config' will not be visible outside of this function [-Wvisibility]
 1487 |                            unsigned int to, struct ts_config *config);
      |                                                    ^
mm/page-writeback.c:1167:2: error: call to undeclared function 'trace_bdi_dirty_ratelimit'; ISO C99 and later do not support implicit function declarations [-Wimplicit-function-declaration]
 1167 |         trace_bdi_dirty_ratelimit(wb, dirty_rate, task_ratelimit);
      |         ^
In file included from drivers/base/core.c:27:
./include/linux/netdevice.h:1244:17: warning: declaration of 'struct rtnl_link_stats64' will not be visible outside of this function [-Wvisibility]
 1244 |                                                    struct rtnl_link_stats64 *storage);
      |                                                           ^
./include/linux/netdevice.h:1269:19: warning: declaration of 'struct ifla_vf_info' will not be visible outside of this function [-Wvisibility]
 1269 |                                                      struct ifla_vf_info *ivf);
      |                                                             ^
./include/linux/netdevice.h:1274:18: warning: declaration of 'struct ifla_vf_stats' will not be visible outside of this function [-Wvisibility]
 1274 |                                                     struct ifla_vf_stats
      |                                                            ^
./include/linux/netdevice.h:1283:17: warning: declaration of 'struct ifla_vf_guid' will not be visible outside of this function [-Wvisibility]
 1283 |                                                    struct ifla_vf_guid *node_guid,
      |                                                           ^
./include/linux/netdevice.h:2033:2: error: unknown type name 'possible_net_t'
 2033 |         possible_net_t                  nd_net;
      |         ^
./include/linux/netdevice.h:2271:9: error: call to undeclared function 'read_pnet'; ISO C99 and later do not support implicit function declarations [-Wimplicit-function-declaration]
 2271 |         return read_pnet(&dev->nd_net);
      |                ^
./include/linux/netdevice.h:2271:9: note: did you mean 'read_pkru'?
./arch/x86/include/asm/pkru.h:30:19: note: 'read_pkru' declared here
   30 | static inline u32 read_pkru(void)
      |                   ^
mm/page-writeback.c:1591:4: error: call to undeclared function 'trace_balance_dirty_pages'; ISO C99 and later do not support implicit function declarations [-Wimplicit-function-declaration]
 1591 |                         trace_balance_dirty_pages(wb,
      |                         ^
mm/page-writeback.c:1591:4: note: did you mean 'balance_dirty_pages'?
mm/page-writeback.c:1397:13: note: 'balance_dirty_pages' declared here
 1397 | static void balance_dirty_pages(struct bdi_writeback *wb,
      |             ^
mm/page-writeback.c:1620:3: error: call to undeclared function 'trace_balance_dirty_pages'; ISO C99 and later do not support implicit function declarations [-Wimplicit-function-declaration]
 1620 |                 trace_balance_dirty_pages(wb,
      |                 ^
In file included from drivers/base/core.c:27:
./include/linux/netdevice.h:2277:2: error: call to undeclared function 'write_pnet'; ISO C99 and later do not support implicit function declarations [-Wimplicit-function-declaration]
 2277 |         write_pnet(&dev->nd_net, net);
      |         ^
./include/linux/netdevice.h:2277:2: note: did you mean 'write_pkru'?
./arch/x86/include/asm/pkru.h:37:20: note: 'write_pkru' declared here
   37 | static inline void write_pkru(u32 pkru)
      |                    ^
In file included from drivers/base/core.c:27:
./include/linux/netdevice.h:2707:21: error: no member named 'dev_base_head' in 'struct net'
 2707 |         return lh == &net->dev_base_head ? NULL : net_device_entry(lh);
      |                       ~~~  ^
./include/linux/netdevice.h:2717:21: error: no member named 'dev_base_head' in 'struct net'
 2717 |         return lh == &net->dev_base_head ? NULL : net_device_entry(lh);
      |                       ~~~  ^
./include/linux/netdevice.h:2722:26: error: no member named 'dev_base_head' in 'struct net'
 2722 |         return list_empty(&net->dev_base_head) ? NULL :
      |                            ~~~  ^
./include/linux/netdevice.h:2723:25: error: no member named 'dev_base_head' in 'struct net'
 2723 |                 net_device_entry(net->dev_base_head.next);
      |                                  ~~~  ^
./include/linux/netdevice.h:2698:41: note: expanded from macro 'net_device_entry'
 2698 | #define net_device_entry(lh)    list_entry(lh, struct net_device, dev_list)
      |                                            ^~
./include/linux/list.h:513:15: note: expanded from macro 'list_entry'
  513 |         container_of(ptr, type, member)
      |                      ^~~
./include/linux/container_of.h:18:26: note: expanded from macro 'container_of'
   18 |         void *__mptr = (void *)(ptr);                                   \
      |                                 ^~~
In file included from drivers/base/core.c:27:
./include/linux/netdevice.h:2723:25: error: no member named 'dev_base_head' in 'struct net'
 2723 |                 net_device_entry(net->dev_base_head.next);./include/linux/skbuff.h:
3674      :| 16                                 ~~~  ^:
 error: call to undeclared function 'csum_block_add'; ISO C99 and later do not support implicit function declarations [-Wimplicit-function-declaration]
./include/linux/netdevice.h:2698:41 :3674  | note:         expanded from macro 'net_device_entry'        
        sk b2698- | >#cdseufmin e=  ncestu_md_ebvlioccek__eandtdr(ys(klbh-)>    clsiusmt,_ ecnsturmy,( lohf,f )s;t
r      u| c                                    ^t
 net_device, dev_list)
      |                                            ^~
./include/linux/list.h:513:15: note: expanded from macro 'list_entry'
  513 |         container_of(ptr, type, member)
      |                      ^~~
./include/linux/container_of.h:19:30: note: expanded from macro 'container_of'
   19 |         static_assert(__same_type(*(ptr), ((type *)0)->member) ||       \
      |                                     ^~~
././include/linux/compiler_types.h:288:63: note: expanded from macro '__same_type'
  288 | #define __same_type(a, b) __builtin_types_compatible_p(typeof(a), typeof(b))
      |                                                               ^
./include/linux/build_bug.h:77:50: note: expanded from macro 'static_assert'
   77 | #define static_assert(expr, ...) __static_assert(expr, ##__VA_ARGS__, #expr)
      |                                                  ^~~~
./include/linux/build_bug.h:78:56: note: expanded from macro '__static_assert'
   78 | #define __static_assert(expr, msg, ...) _Static_assert(expr, msg)
      |                                                        ^~~~
In file included from drivers/base/core.c:27:
./include/linux/netdevice.h:2723:25: error: no member named 'dev_base_head' in 'struct net'
 2723 |                 net_device_entry(net->dev_base_head.next);
      |                                  ~~~  ^
./include/linux/netdevice.h:2698:41: note: expanded from macro 'net_device_entry'
 2698 | #define net_device_entry(lh)    list_entry(lh, struct net_device, dev_list)
      |                                            ^~
./include/linux/list.h:513:15: note: expanded from macro 'list_entry'
  513 |         container_of(ptr, type, member)
      |                      ^~~
./include/linux/container_of.h:20:23: note: expanded from macro 'container_of'
   20 |                       __same_type(*(ptr), void),                        \
      |                                     ^~~
././include/linux/compiler_types.h:288:63: note: expanded from macro '__same_type'
  288 | #define __same_type(a, b) __builtin_types_compatible_p(typeof(a), typeof(b))
      |                                                               ^
./include/linux/build_bug.h:77:50: note: expanded from macro 'static_assert'
   77 | #define static_assert(expr, ...) __static_assert(expr, ##__VA_ARGS__, #expr)
      |                                                  ^~~~
./include/linux/build_bug.h:78:56: note: expanded from macro '__static_assert'
   78 | #define __static_assert(expr, msg, ...) _Static_assert(expr, msg)
      |                                                        ^~~~
In file included from drivers/base/core.c:27:
./include/linux/netdevice.h:2728:61: error: no member named 'dev_base_head' in 'struct net'
 2728 |         struct list_head *lh = rcu_dereference(list_next_rcu(&net->dev_base_head));
      |                                                               ~~~  ^
./include/linux/rculist.h:32:62: note: expanded from macro 'list_next_rcu'
   32 | #define list_next_rcu(list)     (*((struct list_head __rcu **)(&(list)->next)))
      |                                                                  ^~~~
./include/linux/rcupdate.h:448:50: note: expanded from macro 'rcu_dereference'
  448 | #define rcu_dereference(p) rcu_dereference_check(p, 0)
      |                                                  ^
./include/linux/rcupdate.h:376:27: note: expanded from macro 'rcu_dereference_check'
  376 |         __rcu_dereference_check((p), __UNIQUE_ID(rcu), \
      |                                  ^
./include/linux/rcupdate.h:236:10: note: expanded from macro '__rcu_dereference_check'
  236 |         typeof(*p) *local = (typeof(*p) *__force)READ_ONCE(p); \
      |                 ^
In file included from drivers/base/core.c:27:
./include/linux/netdevice.h:2728:61: error: no member named 'dev_base_head' in 'struct net'
 2728 |         struct list_head *lh = rcu_dereference(list_next_rcu(&net->dev_base_head));
      |                                                               ~~~  ^
./include/linux/rculist.h:32:62: note: expanded from macro 'list_next_rcu'
   32 | #define list_next_rcu(list)     (*((struct list_head __rcu **)(&(list)->next)))
      |                                                                  ^~~~
./include/linux/rcupdate.h:448:50: note: expanded from macro 'rcu_dereference'
  448 | #define rcu_dereference(p) rcu_dereference_check(p, 0)
      |                                                  ^
./include/linux/rcupdate.h:376:27: note: expanded from macro 'rcu_dereference_check'
  376 |         __rcu_dereference_check((p), __UNIQUE_ID(rcu), \
      |                                  ^
./include/linux/rcupdate.h:236:31: note: expanded from macro '__rcu_dereference_check'
  236 |         typeof(*p) *local = (typeof(*p) *__force)READ_ONCE(p); \
      |                                      ^
fatal error: too many errors emitted, stopping now [-ferror-limit=]
./include/linux/skbuff.h:3746:15: error: call to undeclared function 'csum_block_sub'; ISO C99 and later do not support implicit function declarations [-Wimplicit-function-declaration]
 3746 |                 skb->csum = csum_block_sub(skb->csum,
      |                             ^
./include/linux/skbuff.h:3767:15: error: call to undeclared function 'wsum_negate'; ISO C99 and later do not support implicit function declarations [-Wimplicit-function-declaration]
 3767 |                 skb->csum = wsum_negate(csum_partial(start, len,
      |                             ^
./include/linux/skbuff.h:3779:15: error: call to undeclared function 'csum_block_add'; ISO C99 and later do not support implicit function declarations [-Wimplicit-function-declaration]
 3779 |                 skb->csum = csum_block_add(skb->csum,
      |                             ^
mm/page-writeback.c:2068:4: error: call to undeclared function 'trace_wbc_writepage'; ISO C99 and later do not support implicit function declarations [-Wimplicit-function-declaration]
 2068 |                         trace_wbc_writepage(wbc, inode_to_bdi(mapping->host));
      |                         ^
./include/linux/skbuff.h:4450:18: error: call to undeclared function 'csum_add'; ISO C99 and later do not support implicit function declarations [-Wimplicit-function-declaration]
 4450 |                 if (!csum_fold(csum_add(psum, skb->csum))) {
      |                                ^
./include/linux/skbuff.h:4556:10: error: call to undeclared function 'remcsum_adjust'; ISO C99 and later do not support implicit function declarations [-Wimplicit-function-declaration]
 4556 |         delta = remcsum_adjust(ptr, skb->csum, start, offset);
      |                 ^
./include/linux/skbuff.h:4559:14: error: call to undeclared function 'csum_add'; ISO C99 and later do not support implicit function declarations [-Wimplicit-function-declaration]
 4559 |         skb->csum = csum_add(skb->csum, delta);
      |                     ^
mm/swap.c:313:3: error: call to undeclared function 'trace_mm_lru_activate'; ISO C99 and later do not support implicit function declarations [-Wimplicit-function-declaration]
  313 |                 trace_mm_lru_activate(folio);
      |                 ^
./include/linux/skbuff.h:4893:13: error: call to undeclared function 'csum_unfold'; ISO C99 and later do not support implicit function declarations [-Wimplicit-function-declaration]
 4893 |         partial = ~csum_unfold(*(__force __sum16 *)(csum_start +
      |                    ^
./include/linux/skbuff.h:4893:13: note: did you mean 'csum_fold'?
mm/page-writeback.c:2267:2: error: call to undeclared function 'trace_writeback_dirty_folio'; ISO C99 and later do not support implicit function declarations [-Wimplicit-function-declaration]
 2267 |         trace_writeback_dirty_folio(folio, mapping);
      |         ^
./include/net/checksum.h:10:23: note: 'csum_fold' declared here
   10 | static inline __sum16 csum_fold(__wsum csum)
      |                       ^
In file included from fs/file.c:23:
In file included from ./include/net/sock.h:46:
./include/linux/netdevice.h:1244:17: warning: declaration of 'struct rtnl_link_stats64' will not be visible outside of this function [-Wvisibility]
 1244 |                                                    struct rtnl_link_stats64 *storage);
      |                                                           ^
./include/linux/netdevice.h:1269:19: warning: declaration of 'struct ifla_vf_info' will not be visible outside of this function [-Wvisibility]
 1269 |                                                      struct ifla_vf_info *ivf);
      |                                                             ^
./include/linux/netdevice.h:1274:18: warning: declaration of 'struct ifla_vf_stats' will not be visible outside of this function [-Wvisibility]
 1274 |                                                     struct ifla_vf_stats
      |                                                            ^
./include/linux/netdevice.h:1283:17: warning: declaration of 'struct ifla_vf_guid' will not be visible outside of this function [-Wvisibility]
 1283 |                                                    struct ifla_vf_guid *node_guid,
      |                                                           ^
./include/linux/netdevice.h:2033:2: error: unknown type name 'possible_net_t'
 2033 |         possible_net_t                  nd_net;
      |         ^
mm/page-writeback.c:2740:3: error: call to undeclared function 'trace_folio_wait_writeback'; ISO C99 and later do not support implicit function declarations [-Wimplicit-function-declaration]
 2740 |                 trace_folio_wait_writeback(folio, folio_mapping(folio));
      |                 ^
mm/page-writeback.c:2740:3: note: did you mean 'folio_wait_writeback'?
mm/page-writeback.c:2737:6: note: 'folio_wait_writeback' declared here
 2737 | void folio_wait_writeback(struct folio *folio)
      |      ^
 2738 | {
 2739 |         while (folio_test_writeback(folio)) {
 2740 |                 trace_folio_wait_writeback(folio, folio_mapping(folio));
      |                 ~~~~~~~~~~~~~~~~~~~~~~~~~~
      |                 folio_wait_writeback
mm/page-writeback.c:2762:3: error: call to undeclared function 'trace_folio_wait_writeback'; ISO C99 and later do not support implicit function declarations [-Wimplicit-function-declaration]
 2762 |                 trace_folio_wait_writeback(folio, folio_mapping(folio));
      |                 ^
./include/linux/netdevice.h:2271:9: error: call to undeclared function 'read_pnet'; ISO C99 and later do not support implicit function declarations [-Wimplicit-function-declaration]
 2271 |         return read_pnet(&dev->nd_net);
      |                ^
./include/linux/netdevice.h:2271:9: note: did you mean 'read_pkru'?
./arch/x86/include/asm/pkru.h:30:19: note: 'read_pkru' declared here
   30 | static inline u32 read_pkru(void)
      |                   ^
In file included from fs/file.c:23:
In file included from ./include/net/sock.h:46:
./include/linux/netdevice.h:2277:2: error: call to undeclared function 'write_pnet'; ISO C99 and later do not support implicit function declarations [-Wimplicit-function-declaration]
 2277 |         write_pnet(&dev->nd_net, net);
      |         ^
./include/linux/netdevice.h:2277:2: note: did you mean 'write_pkru'?
./arch/x86/include/asm/pkru.h:37:20: note: 'write_pkru' declared here
   37 | static inline void write_pkru(u32 pkru)
      |                    ^
mm/swap.c:880:2: error: call to undeclared function 'trace_mm_lru_insertion'; ISO C99 and later do not support implicit function declarations [-Wimplicit-function-declaration]
  880 |         trace_mm_lru_insertion(folio);
      |         ^
In file included from fs/file.c:23:
In file included from ./include/net/sock.h:46:
./include/linux/netdevice.h:2707:21: error: no member named 'dev_base_head' in 'struct net'
 2707 |         return lh == &net->dev_base_head ? NULL : net_device_entry(lh);
      |                       ~~~  ^
./include/linux/netdevice.h:2717:21: error: no member named 'dev_base_head' in 'struct net'
 2717 |         return lh == &net->dev_base_head ? NULL : net_device_entry(lh);
      |                       ~~~  ^
./include/linux/netdevice.h:2722:26: error: no member named 'dev_base_head' in 'struct net'
 2722 |         return list_empty(&net->dev_base_head) ? NULL :
      |                            ~~~  ^
./include/linux/netdevice.h:2723:25: error: no member named 'dev_base_head' in 'struct net'
 2723 |                 net_device_entry(net->dev_base_head.next);
      |                                  ~~~  ^
./include/linux/netdevice.h:2698:41: note: expanded from macro 'net_device_entry'
 2698 | #define net_device_entry(lh)    list_entry(lh, struct net_device, dev_list)
      |                                            ^~
./include/linux/list.h:513:15: note: expanded from macro 'list_entry'
  513 |         container_of(ptr, type, member)
      |                      ^~~
./include/linux/container_of.h:18:26: note: expanded from macro 'container_of'
   18 |         void *__mptr = (void *)(ptr);                                   \
      |                                 ^~~
In file included from fs/file.c:23:
In file included from ./include/net/sock.h:46:
./include/linux/netdevice.h:2723:25: error: no member named 'dev_base_head' in 'struct net'
 2723 |                 net_device_entry(net->dev_base_head.next);
      |                                  ~~~  ^
./include/linux/netdevice.h:2698:41: note: expanded from macro 'net_device_entry'
 2698 | #define net_device_entry(lh)    list_entry(lh, struct net_device, dev_list)
      |                                            ^~
./include/linux/list.h:513:15: note: expanded from macro 'list_entry'
  513 |         container_of(ptr, type, member)
      |                      ^~~
./include/linux/container_of.h:19:30: note: expanded from macro 'container_of'
   19 |         static_assert(__same_type(*(ptr), ((type *)0)->member) ||       \
      |                                     ^~~
././include/linux/compiler_types.h:288:63: note: expanded from macro '__same_type'
  288 | #define __same_type(a, b) __builtin_types_compatible_p(typeof(a), typeof(b))
      |                                                               ^
./include/linux/build_bug.h:77:50: note: expanded from macro 'static_assert'
   77 | #define static_assert(expr, ...) __static_assert(expr, ##__VA_ARGS__, #expr)
      |                                                  ^~~~
./include/linux/build_bug.h:78:56: note: expanded from macro '__static_assert'
   78 | #define __static_assert(expr, msg, ...) _Static_assert(expr, msg)
      |                                                        ^~~~
In file included from fs/file.c:23:
In file included from ./include/net/sock.h:46:
./include/linux/netdevice.h:2723:25: error: no member named 'dev_base_head' in 'struct net'
 2723 |                 net_device_entry(net->dev_base_head.next);
      |                                  ~~~  ^
./include/linux/netdevice.h:2698:41: note: expanded from macro 'net_device_entry'
 2698 | #define net_device_entry(lh)    list_entry(lh, struct net_device, dev_list)
      |                                            ^~
./include/linux/list.h:513:15: note: expanded from macro 'list_entry'
  513 |         container_of(ptr, type, member)
      |                      ^~~
./include/linux/container_of.h:20:23: note: expanded from macro 'container_of'
   20 |                       __same_type(*(ptr), void),                        \
      |                                     ^~~
././include/linux/compiler_types.h:288:63: note: expanded from macro '__same_type'
  288 | #define __same_type(a, b) __builtin_types_compatible_p(typeof(a), typeof(b))
      |                                                               ^
./include/linux/build_bug.h:77:50: note: expanded from macro 'static_assert'
   77 | #define static_assert(expr, ...) __static_assert(expr, ##__VA_ARGS__, #expr)
      |                                                  ^~~~
./include/linux/build_bug.h:78:56: note: expanded from macro '__static_assert'
   78 | #define __static_assert(expr, msg, ...) _Static_assert(expr, msg)
      |                                                        ^~~~
In file included from fs/file.c:23:
In file included from ./include/net/sock.h:46:
./include/linux/netdevice.h:2728:61: error: no member named 'dev_base_head' in 'struct net'
 2728 |         struct list_head *lh = rcu_dereference(list_next_rcu(&net->dev_base_head));
      |                                                               ~~~  ^
./include/linux/rculist.h:32:62: note: expanded from macro 'list_next_rcu'
   32 | #define list_next_rcu(list)     (*((struct list_head __rcu **)(&(list)->next)))
      |                                                                  ^~~~
./include/linux/rcupdate.h:448:50: note: expanded from macro 'rcu_dereference'
  448 | #define rcu_dereference(p) rcu_dereference_check(p, 0)
      |                                                  ^
./include/linux/rcupdate.h:376:27: note: expanded from macro 'rcu_dereference_check'
  376 |         __rcu_dereference_check((p), __UNIQUE_ID(rcu), \
      |                                  ^
./include/linux/rcupdate.h:236:10: note: expanded from macro '__rcu_dereference_check'
  236 |         typeof(*p) *local = (typeof(*p) *__force)READ_ONCE(p); \
      |                 ^
In file included from fs/file.c:23:
In file included from ./include/net/sock.h:46:
./include/linux/netdevice.h:2728:61: error: no member named 'dev_base_head' in 'struct net'
 2728 |         struct list_head *lh = rcu_dereference(list_next_rcu(&net->dev_base_head));
      |                                                               ~~~  ^
./include/linux/rculist.h:32:62: note: expanded from macro 'list_next_rcu'
   32 | #define list_next_rcu(list)     (*((struct list_head __rcu **)(&(list)->next)))
      |                                                                  ^~~~
./include/linux/rcupdate.h:448:50: note: expanded from macro 'rcu_dereference'
  448 | #define rcu_dereference(p) rcu_dereference_check(p, 0)
      |                                                  ^
./include/linux/rcupdate.h:376:27: note: expanded from macro 'rcu_dereference_check'
  376 |         __rcu_dereference_check((p), __UNIQUE_ID(rcu), \
      |                                  ^
./include/linux/rcupdate.h:236:31: note: expanded from macro '__rcu_dereference_check'
  236 |         typeof(*p) *local = (typeof(*p) *__force)READ_ONCE(p); \
      |                                      ^
fatal error: too many errors emitted, stopping now [-ferror-limit=]
kernel/fork.c:1537:2: error: call to undeclared function 'poll_wait'; ISO C99 and later do not support implicit function declarations [-Wimplicit-function-declaration]
 1537 |         poll_wait(file, &pid->wait_pidfd, pts);
      |         ^
6 warnings and 8 errors generated.
kernel/fork.c:1545:16: error: use of undeclared identifier 'EPOLLIN'
 1545 |                 poll_flags = EPOLLIN | EPOLLRDNORM;
      |                              ^
kernel/fork.c:1545:26: error: use of undeclared identifier 'EPOLLRDNORM'
 1545 |                 poll_flags = EPOLLIN | EPOLLRDNORM;
      |                                        ^
4 warnings and 2 errors generated.
6 warnings and 20 errors generated.
make[1]: *** [scripts/Makefile.build:249: mm/page-writeback.o] Error 1
make[1]: *** [scripts/Makefile.build:249: mm/swap.o] Error 1
make[2]: *** [scripts/Makefile.build:249: drivers/base/core.o] Error 1
  CC      mm/vmscan.o
8 warnings and 3 errors generated.
  CC      lib/kobject_uevent.o
make[1]: *** [scripts/Makefile.build:249: kernel/fork.o] Error 1
  CC      kernel/panic.o
  CC      drivers/base/property.o
10 warnings and 20 errors generated.
make[1]: *** [scripts/Makefile.build:249: fs/file.o] Error 1
  CC      kernel/exit.o
make[1]: Target '__build' not remade because of errors.
make: *** [Makefile:1839: fs] Error 2
  CC      kernel/sysctl.o
In file included from kernel/panic.c:16:
In file included from ./include/trace/events/error_report.h:13:
In file included from ./include/linux/tracepoint.h:22:
In file included from ./include/linux/static_call.h:135:
In file included from ./include/linux/cpu.h:17:
In file included from ./include/linux/node.h:18:
In file included from ./include/linux/device.h:30:
./include/linux/device/bus.h:190:63: warning: declaration of 'struct device_node' will not be visible outside of this function [-Wvisibility]
  190 | bus_find_device_by_of_node(struct bus_type *bus, const struct device_node *np)
      |                                                               ^
In file included from kernel/panic.c:16:
In file included from ./include/trace/events/error_report.h:13:
In file included from ./include/linux/tracepoint.h:22:
In file included from ./include/linux/static_call.h:135:
In file included from ./include/linux/cpu.h:17:
In file included from ./include/linux/node.h:18:
In file included from ./include/linux/device.h:31:
./include/linux/device/class.h:140:64: warning: declaration of 'struct device_node' will not be visible outside of this function [-Wvisibility]
  140 | class_find_device_by_of_node(struct class *class, const struct device_node *np)
      |                                                                ^
In file included from kernel/panic.c:16:
In file included from ./include/trace/events/error_report.h:13:
In file included from ./include/linux/tracepoint.h:22:
In file included from ./include/linux/static_call.h:135:
In file included from ./include/linux/cpu.h:17:
In file included from ./include/linux/node.h:18:
In file included from ./include/linux/device.h:32:
./include/linux/device/driver.h:185:23: warning: declaration of 'struct device_node' will not be visible outside of this function [-Wvisibility]
  185 |                               const struct device_node *np)
      |                                            ^
kernel/panic.c:244:2: error: call to undeclared function 'kgdb_panic'; ISO C99 and later do not support implicit function declarations [-Wimplicit-function-declaration]
  244 |         kgdb_panic(buf);
      |         ^
In file included from mm/vmscan.c:20:
In file included from ./include/linux/swap.h:9:
In file included from ./include/linux/memcontrol.h:13:
./include/linux/cgroup.h:41:44: warning: declaration of 'struct cgroupstats' will not be visible outside of this function [-Wvisibility]
   41 | static inline int cgroupstats_build(struct cgroupstats *stats,
      |                                            ^
kernel/panic.c:280:2: error: call to undeclared function 'kmsg_dump'; ISO C99 and later do not support implicit function declarations [-Wimplicit-function-declaration]
  280 |         kmsg_dump(KMSG_DUMP_PANIC);
      |         ^
In file included from lib/kobject_uevent.c:23:
In file included from ./include/linux/skbuff.h:31:
In file included from ./include/linux/dma-mapping.h:7:
In file included from ./include/linux/device.h:30:
./include/linux/device/bus.h:190:63: warning: declaration of 'struct device_node' will not be visible outside of this function [-Wvisibility]
  190 | bus_find_device_by_of_node(struct bus_type *bus, const struct device_node *np)
      |                                                               ^
kernel/panic.c:280:12: error: use of undeclared identifier 'KMSG_DUMP_PANIC'
  280 |         kmsg_dump(KMSG_DUMP_PANIC);
      |                   ^
In file included from lib/kobject_uevent.c:23:
In file included from ./include/linux/skbuff.h:31:
In file included from ./include/linux/dma-mapping.h:7:
In file included from ./include/linux/device.h:31:
./include/linux/device/class.h:140:64: warning: declaration of 'struct device_node' will not be visible outside of this function [-Wvisibility]
  140 | class_find_device_by_of_node(struct class *class, const struct device_node *np)
      |                                                                ^
kernel/panic.c:550:2: error: call to undeclared function 'kmsg_dump'; ISO C99 and later do not support implicit function declarations [-Wimplicit-function-declaration]
  550 |         kmsg_dump(KMSG_DUMP_OOPS);
      |         ^
In file included from mm/vmscan.c:20:
In file included from ./include/linux/swap.h:9:
In file included from ./include/linux/memcontrol.h:22:
In file included from ./include/linux/writeback.h:13:
In file included from ./include/linux/blk_types.h:11:
In file included from ./include/linux/device.h:30:
./include/linux/device/bus.h:190:63: warning: declaration of 'struct device_node' will not be visible outside of this function [-Wvisibility]
  190 | bus_find_device_by_of_node(struct bus_type *bus, const struct device_node *np)
      |                                                               ^
In file included from mm/vmscan.c:20:
In file included from ./include/linux/swap.h:9:
In file included from ./include/linux/memcontrol.h:22:
In file included from ./include/linux/writeback.h:13:
In file included from ./include/linux/blk_types.h:11:
In file included from ./include/linux/device.h:31:
./include/linux/device/class.h:140:64: warning: declaration of 'struct device_node' will not be visible outside of this function [-Wvisibility]
  140 | class_find_device_by_of_node(struct class *class, const struct device_node *np)
      |                                                                ^
In file included from mm/vmscan.c:20:
In file included from ./include/linux/swap.h:9:
In file included from ./include/linux/memcontrol.h:22:
In file included from ./include/linux/writeback.h:13:
In file included from ./include/linux/blk_types.h:11:
In file included from ./include/linux/device.h:32:
./include/linux/device/driver.h:185:23: warning: declaration of 'struct device_node' will not be visible outside of this function [-Wvisibility]
  185 |                               const struct device_node *np)
      |                                            ^
kernel/panic.c:550:12: error: use of undeclared identifier 'KMSG_DUMP_OOPS'
  550 |         kmsg_dump(KMSG_DUMP_OOPS);
      |                   ^
3 warnings and 5 errors generated.
make[1]: *** [scripts/Makefile.build:249: kernel/panic.o] Error 1
In file included from lib/kobject_uevent.c:23:
In file included from ./include/linux/skbuff.h:31:
In file included from ./include/linux/dma-mapping.h:7:
In file included from ./include/linux/device.h:32:
./include/linux/device/driver.h:185:23: warning: declaration of 'struct device_node' will not be visible outside of this function [-Wvisibility]
  185 |                               const struct device_node *np)
      |                                            ^
In file included from kernel/exit.c:21:
In file included from ./include/linux/tty.h:10:
In file included from ./include/linux/tty_driver.h:9:
In file included from ./include/linux/cdev.h:8:
In file included from ./include/linux/device.h:30:
./include/linux/device/bus.h:190:63: warning: declaration of 'struct device_node' will not be visible outside of this function [-Wvisibility]
  190 | bus_find_device_by_of_node(struct bus_type *bus, const struct device_node *np)
      |                                                               ^
In file included from kernel/exit.c:21:
In file included from ./include/linux/tty.h:10:
In file included from ./include/linux/tty_driver.h:9:
In file included from ./include/linux/cdev.h:8:
In file included from ./include/linux/device.h:31:
./include/linux/device/class.h:140:64: warning: declaration of 'struct device_node' will not be visible outside of this function [-Wvisibility]
  140 | class_find_device_by_of_node(struct class *class, const struct device_node *np)
      |                                                                ^
In file included from kernel/exit.c:21:
In file included from ./include/linux/tty.h:10:
In file included from ./include/linux/tty_driver.h:9:
In file included from ./include/linux/cdev.h:8:
In file included from ./include/linux/device.h:32:
./include/linux/device/driver.h:185:23: warning: declaration of 'struct device_node' will not be visible outside of this function [-Wvisibility]
  185 |                               const struct device_node *np)
      |                                            ^
In file included from mm/vmscan.c:28:
./include/linux/blkdev.h:281:39: warning: declaration of 'struct blk_zone' will not be visible outside of this function [-Wvisibility]
  281 | typedef int (*report_zones_cb)(struct blk_zone *zone, unsigned int idx,
      |                                       ^
In file included from kernel/exit.c:26:
./include/linux/tsacct_kern.h:13:13: warning: declaration of 'struct taskstats' will not be visible outside of this function [-Wvisibility]
   13 |                                  struct taskstats *stats, struct task_struct *tsk)
      |                                         ^
./include/linux/tsacct_kern.h:16:41: warning: declaration of 'struct taskstats' will not be visible outside of this function [-Wvisibility]
   16 | static inline void xacct_add_tsk(struct taskstats *stats, struct task_struct *p)
      |                                         ^
In file included from kernel/sysctl.c:24:
In file included from ./include/linux/swap.h:9:
In file included from ./include/linux/memcontrol.h:13:
./include/linux/cgroup.h:41:44: warning: declaration of 'struct cgroupstats' will not be visible outside of this function [-Wvisibility]
   41 | static inline int cgroupstats_build(struct cgroupstats *stats,
      |                                            ^
In file included from lib/kobject_uevent.c:23:
./include/linux/skbuff.h:1487:31: warning: declaration of 'struct ts_config' will not be visible outside of this function [-Wvisibility]
 1487 |                            unsigned int to, struct ts_config *config);
      |                                                    ^
In file included from kernel/sysctl.c:24:
In file included from ./include/linux/swap.h:9:
In file included from ./include/linux/memcontrol.h:22:
In file included from ./include/linux/writeback.h:13:
In file included from ./include/linux/blk_types.h:11:
In file included from ./include/linux/device.h:30:
./include/linux/device/bus.h:190:63: warning: declaration of 'struct device_node' will not be visible outside of this function [-Wvisibility]
  190 | bus_find_device_by_of_node(struct bus_type *bus, const struct device_node *np)
      |                                                               ^
In file included from kernel/sysctl.c:24:
In file included from ./include/linux/swap.h:9:
In file included from ./include/linux/memcontrol.h:22:
In file included from ./include/linux/writeback.h:13:
In file included from ./include/linux/blk_types.h:11:
In file included from ./include/linux/device.h:31:
./include/linux/device/class.h:140:64: warning: declaration of 'struct device_node' will not be visible outside of this function [-Wvisibility]
  140 | class_find_device_by_of_node(struct class *class, const struct device_node *np)
      |                                                                ^
In file included from kernel/sysctl.c:24:
In file included from ./include/linux/swap.h:9:
In file included from ./include/linux/memcontrol.h:22:
In file included from ./include/linux/writeback.h:13:
In file included from ./include/linux/blk_types.h:11:
In file included from ./include/linux/device.h:32:
./include/linux/device/driver.h:185:23: warning: declaration of 'struct device_node' will not be visible outside of this function [-Wvisibility]
  185 |                               const struct device_node *np)
      |                                            ^
  CC      mm/backing-dev.o
In file included from mm/vmscan.c:45:
./include/linux/delayacct.h:27:44: warning: declaration of 'struct taskstats' will not be visible outside of this function [-Wvisibility]
   27 | static inline int delayacct_add_tsk(struct taskstats *d,
      |                                            ^
./include/linux/skbuff.h:3674:16: error: call to undeclared function 'csum_block_add'; ISO C99 and later do not support implicit function declarations [-Wimplicit-function-declaration]
 3674 |                         skb->csum = csum_block_add(skb->csum, csum, off);
      |                                     ^
In file included from kernel/exit.c:40:
./include/linux/delayacct.h:27:44: warning: declaration of 'struct taskstats' will not be visible outside of this function [-Wvisibility]
   27 | static inline int delayacct_add_tsk(struct taskstats *d,
      |                                            ^
In file included from drivers/base/property.c:18:
In file included from ./include/linux/phy.h:16:
In file included from ./include/linux/ethtool.h:18:
In file included from ./include/linux/netlink.h:7:
./include/linux/skbuff.h:1487:31: warning: declaration of 'struct ts_config' will not be visible outside of this function [-Wvisibility]
 1487 |                            unsigned int to, struct ts_config *config);
      |                                                    ^
In file included from mm/vmscan.c:52:
In file included from ./include/linux/psi.h:8:
./include/linux/poll.h:136:9: warning: '__POLL_MAP' macro redefined [-Wmacro-redefined]
  136 | #define __POLL_MAP(v, from, to) ((v & to) ? from : 0)
      |         ^
./include/linux/poll.h:123:9: note: previous definition is here
  123 | #define __POLL_MAP(v, from, to) \
      |         ^
In file included from kernel/exit.c:41:
./include/linux/cgroup.h:41:44: warning: declaration of 'struct cgroupstats' will not be visible outside of this function [-Wvisibility]
   41 | static inline int cgroupstats_build(struct cgroupstats *stats,
      |                                            ^
In file included from kernel/exit.c:42:
./include/linux/syscalls.h:131:49: warning: declaration of 'struct trace_event_call' will not be visible outside of this function [-Wvisibility]
  131 | static inline int is_syscall_trace_event(struct trace_event_call *tp_event)
      |                                                 ^
./include/linux/skbuff.h:3746:15: error: call to undeclared function 'csum_block_sub'; ISO C99 and later do not support implicit function declarations [-Wimplicit-function-declaration]
 3746 |                 skb->csum = csum_block_sub(skb->csum,
      |                             ^
In file included from kernel/exit.c:49:
./include/linux/audit.h:267:41: warning: declaration of 'struct kern_ipc_perm' will not be visible outside of this function [-Wvisibility]
  267 | static inline void audit_ipc_obj(struct kern_ipc_perm *ipcp)
      |                                         ^
./include/linux/skbuff.h:3767:15: error: call to undeclared function 'wsum_negate'; ISO C99 and later do not support implicit function declarations [-Wimplicit-function-declaration]
 3767 |                 skb->csum = wsum_negate(csum_partial(start, len,
      |                             ^
./include/linux/skbuff.h:3779:15: error: call to undeclared function 'csum_block_add'; ISO C99 and later do not support implicit function declarations [-Wimplicit-function-declaration]
 3779 |                 skb->csum = csum_block_add(skb->csum,
      |                             ^
./include/linux/skbuff.h:3674:16: error: call to undeclared function 'csum_block_add'; ISO C99 and later do not support implicit function declarations [-Wimplicit-function-declaration]
 3674 |                         skb->csum = csum_block_add(skb->csum, csum, off);
      |                                     ^
./include/linux/skbuff.h:4450:18: error: call to undeclared function 'csum_add'; ISO C99 and later do not support implicit function declarations [-Wimplicit-function-declaration]
 4450 |                 if (!csum_fold(csum_add(psum, skb->csum))) {
      |                                ^
mm/vmscan.c:476:2: error: call to undeclared function 'trace_mm_shrink_slab_start'; ISO C99 and later do not support implicit function declarations [-Wimplicit-function-declaration]
  476 |         trace_mm_shrink_slab_start(shrinker, shrinkctl, nr,
      |         ^
./include/linux/skbuff.h:3746:15: error: call to undeclared function 'csum_block_sub'; ISO C99 and later do not support implicit function declarations [-Wimplicit-function-declaration]
 3746 |                 skb->csum = csum_block_sub(skb->csum,
      |                             ^
In file included from kernel/exit.c:52:
./include/linux/blkdev.h:281:39: warning: declaration of 'struct blk_zone' will not be visible outside of this function [-Wvisibility]
  281 | typedef int (*report_zones_cb)(struct blk_zone *zone, unsigned int idx,
      |                                       ^
./include/linux/skbuff.h:3767:15: error: call to undeclared function 'wsum_negate'; ISO C99 and later do not support implicit function declarations [-Wimplicit-function-declaration]
 3767 |                 skb->csum = wsum_negate(csum_partial(start, len,
      |                             ^
./include/linux/skbuff.h:3779:15: error: call to undeclared function 'csum_block_add'; ISO C99 and later do not support implicit function declarations [-Wimplicit-function-declaration]
 3779 |                 skb->csum = csum_block_add(skb->csum,
      |                             ^
./include/linux/skbuff.h:4556:10: error: call to undeclared function 'remcsum_adjust'; ISO C99 and later do not support implicit function declarations [-Wimplicit-function-declaration]
 4556 |         delta = remcsum_adjust(ptr, skb->csum, start, offset);
      |                 ^
./include/linux/skbuff.h:4559:14: error: call to undeclared function 'csum_add'; ISO C99 and later do not support implicit function declarations [-Wimplicit-function-declaration]
 4559 |         skb->csum = csum_add(skb->csum, delta);
      |                     ^
./include/linux/skbuff.h:4450:18: error: call to undeclared function 'csum_add'; ISO C99 and later do not support implicit function declarations [-Wimplicit-function-declaration]
 4450 |                 if (!csum_fold(csum_add(psum, skb->csum))) {
      |                                ^
./include/linux/skbuff.h:4556:10: error: call to undeclared function 'remcsum_adjust'; ISO C99 and later do not support implicit function declarations [-Wimplicit-function-declaration]
 4556 |         delta = remcsum_adjust(ptr, skb->csum, start, offset);
      |                 ^
./include/linux/skbuff.h:4559:14: error: call to undeclared function 'csum_add'; ISO C99 and later do not support implicit function declarations [-Wimplicit-function-declaration]
 4559 |         skb->csum = csum_add(skb->csum, delta);
      |                     ^
mm/vmscan.c:528:2: error: call to undeclared function 'trace_mm_shrink_slab_end'; ISO C99 and later do not support implicit function declarations [-Wimplicit-function-declaration]
  528 |         trace_mm_shrink_slab_end(shrinker, shrinkctl->nid, freed, nr, new_nr, total_scan);
      |         ^
./include/linux/skbuff.h:4893:13: error: call to undeclared function 'csum_unfold'; ISO C99 and later do not support implicit function declarations [-Wimplicit-function-declaration]
 4893 |         partial = ~csum_unfold(*(__force __sum16 *)(csum_start +
      |                    ^
./include/linux/skbuff.h:4893:13: note: did you mean 'csum_fold'?
./include/net/checksum.h:10:23: note: 'csum_fold' declared here
   10 | static inline __sum16 csum_fold(__wsum csum)
      |                       ^
./include/linux/skbuff.h:4893:13: error: call to undeclared function 'csum_unfold'; ISO C99 and later do not support implicit function declarations [-Wimplicit-function-declaration]
 4893 |         partial = ~csum_unfold(*(__force __sum16 *)(csum_start +
      |                    ^
./include/linux/skbuff.h:4893:13: note: did you mean 'csum_fold'?
./include/net/checksum.h:10:23: note: 'csum_fold' declared here
   10 | static inline __sum16 csum_fold(__wsum csum)
      |                       ^
mm/vmscan.c:762:2: error: call to undeclared function 'trace_mm_vmscan_throttled'; ISO C99 and later do not support implicit function declarations [-Wimplicit-function-declaration]
  762 |         trace_mm_vmscan_throttled(pgdat->node_id, jiffies_to_usecs(timeout),
      |         ^
In file included from lib/kobject_uevent.c:28:
In file included from ./include/net/sock.h:46:
./include/linux/netdevice.h:1244:17: warning: declaration of 'struct rtnl_link_stats64' will not be visible outside of this function [-Wvisibility]
 1244 |                                                    struct rtnl_link_stats64 *storage);
      |                                                           ^
./include/linux/netdevice.h:1269:19: warning: declaration of 'struct ifla_vf_info' will not be visible outside of this function [-Wvisibility]
 1269 |                                                      struct ifla_vf_info *ivf);
      |                                                             ^
./include/linux/netdevice.h:1274:18: warning: declaration of 'struct ifla_vf_stats' will not be visible outside of this function [-Wvisibility]
 1274 |                                                     struct ifla_vf_stats
      |                                                            ^
./include/linux/netdevice.h:1283:17: warning: declaration of 'struct ifla_vf_guid' will not be visible outside of this function [-Wvisibility]
 1283 |                                                    struct ifla_vf_guid *node_guid,
      |                                                           ^
In file included from kernel/sysctl.c:35:
In file included from ./include/linux/filter.h:9:
./include/linux/bpf.h:769:15: error: use of undeclared identifier 'KSYM_NAME_LEN'
  769 |         char                     name[KSYM_NAME_LEN];
      |                                       ^
mm/vmscan.c:871:3: error: call to undeclared function 'trace_mm_vmscan_write_folio'; ISO C99 and later do not support implicit function declarations [-Wimplicit-function-declaration]
  871 |                 trace_mm_vmscan_write_folio(folio);
      |                 ^
./include/linux/netdevice.h:2033:2: error: unknown type name 'possible_net_t'
 2033 |         possible_net_t                  nd_net;
      |         ^
./include/linux/netdevice.h:2271:9: error: call to undeclared function 'read_pnet'; ISO C99 and later do not support implicit function declarations [-Wimplicit-function-declaration]
 2271 |         return read_pnet(&dev->nd_net);
      |                ^
./include/linux/netdevice.h:2271:9: note: did you mean 'read_pkru'?
./arch/x86/include/asm/pkru.h:30:19: note: 'read_pkru' declared here
   30 | static inline u32 read_pkru(void)
      |                   ^
In file included from lib/kobject_uevent.c:28:
In file included from ./include/net/sock.h:46:
./include/linux/netdevice.h:2277:2: error: call to undeclared function 'write_pnet'; ISO C99 and later do not support implicit function declarations [-Wimplicit-function-declaration]
 2277 |         write_pnet(&dev->nd_net, net);
      |         ^
./include/linux/netdevice.h:2277:2: note: did you mean 'write_pkru'?
./arch/x86/include/asm/pkru.h:37:20: note: 'write_pkru' declared here
   37 | static inline void write_pkru(u32 pkru)
      |                    ^
In file included from lib/kobject_uevent.c:28:
In file included from ./include/net/sock.h:46:
./include/linux/netdevice.h:2707:21: error: no member named 'dev_base_head' in 'struct net'
 2707 |         return lh == &net->dev_base_head ? NULL : net_device_entry(lh);
      |                       ~~~  ^
./include/linux/netdevice.h:2717:21: error: no member named 'dev_base_head' in 'struct net'
 2717 |         return lh == &net->dev_base_head ? NULL : net_device_entry(lh);
      |                       ~~~  ^
./include/linux/netdevice.h:2722:26: error: no member named 'dev_base_head' in 'struct net'
 2722 |         return list_empty(&net->dev_base_head) ? NULL :
      |                            ~~~  ^
./include/linux/netdevice.h:2723:25: error: no member named 'dev_base_head' in 'struct net'
 2723 |                 net_device_entry(net->dev_base_head.next);
      |                                  ~~~  ^
./include/linux/netdevice.h:2698:41: note: expanded from macro 'net_device_entry'
 2698 | #define net_device_entry(lh)    list_entry(lh, struct net_device, dev_list)
      |                                            ^~
./include/linux/list.h:513:15: note: expanded from macro 'list_entry'
  513 |         container_of(ptr, type, member)
      |                      ^~~
./include/linux/container_of.h:18:26: note: expanded from macro 'container_of'
   18 |         void *__mptr = (void *)(ptr);                                   \
      |                                 ^~~
In file included from lib/kobject_uevent.c:28:
In file included from ./include/net/sock.h:46:
./include/linux/netdevice.h:2723:25: error: no member named 'dev_base_head' in 'struct net'
 2723 |                 net_device_entry(net->dev_base_head.next);
      |                                  ~~~  ^
./include/linux/netdevice.h:2698:41: note: expanded from macro 'net_device_entry'
 2698 | #define net_device_entry(lh)    list_entry(lh, struct net_device, dev_list)
      |                                            ^~
./include/linux/list.h:513:15: note: expanded from macro 'list_entry'
  513 |         container_of(ptr, type, member)
      |                      ^~~
./include/linux/container_of.h:19:30: note: expanded from macro 'container_of'
   19 |         static_assert(__same_type(*(ptr), ((type *)0)->member) ||       \
      |                                     ^~~
././include/linux/compiler_types.h:288:63: note: expanded from macro '__same_type'
  288 | #define __same_type(a, b) __builtin_types_compatible_p(typeof(a), typeof(b))
      |                                                               ^
./include/linux/build_bug.h:77:50: note: expanded from macro 'static_assert'
   77 | #define static_assert(expr, ...) __static_assert(expr, ##__VA_ARGS__, #expr)
      |                                                  ^~~~
./include/linux/build_bug.h:78:56: note: expanded from macro '__static_assert'
   78 | #define __static_assert(expr, msg, ...) _Static_assert(expr, msg)
      |                                                        ^~~~
In file included from lib/kobject_uevent.c:28:
In file included from ./include/net/sock.h:46:
./include/linux/netdevice.h:2723:25: error: no member named 'dev_base_head' in 'struct net'
 2723 |                 net_device_entry(net->dev_base_head.next);
      |                                  ~~~  ^
./include/linux/netdevice.h:2698:41: note: expanded from macro 'net_device_entry'
 2698 | #define net_device_entry(lh)    list_entry(lh, struct net_device, dev_list)
      |                                            ^~
./include/linux/list.h:513:15: note: expanded from macro 'list_entry'
  513 |         container_of(ptr, type, member)
      |                      ^~~
./include/linux/container_of.h:20:23: note: expanded from macro 'container_of'
   20 |                       __same_type(*(ptr), void),                        \
      |                                     ^~~
././include/linux/compiler_types.h:288:63: note: expanded from macro '__same_type'
  288 | #define __same_type(a, b) __builtin_types_compatible_p(typeof(a), typeof(b))
      |                                                               ^
./include/linux/build_bug.h:77:50: note: expanded from macro 'static_assert'
   77 | #define static_assert(expr, ...) __static_assert(expr, ##__VA_ARGS__, #expr)
      |                                                  ^~~~
./include/linux/build_bug.h:78:56: note: expanded from macro '__static_assert'
   78 | #define __static_assert(expr, msg, ...) _Static_assert(expr, msg)
      |                                                        ^~~~
In file included from lib/kobject_uevent.c:28:
In file included from ./include/net/sock.h:46:
./include/linux/netdevice.h:2728:61: error: no member named 'dev_base_head' in 'struct net'
 2728 |         struct list_head *lh = rcu_dereference(list_next_rcu(&net->dev_base_head));
      |                                                               ~~~  ^
./include/linux/rculist.h:32:62: note: expanded from macro 'list_next_rcu'
   32 | #define list_next_rcu(list)     (*((struct list_head __rcu **)(&(list)->next)))
      |                                                                  ^~~~
./include/linux/rcupdate.h:448:50: note: expanded from macro 'rcu_dereference'
  448 | #define rcu_dereference(p) rcu_dereference_check(p, 0)
      |                                                  ^
./include/linux/rcupdate.h:376:27: note: expanded from macro 'rcu_dereference_check'
  376 |         __rcu_dereference_check((p), __UNIQUE_ID(rcu), \
      |                                  ^
./include/linux/rcupdate.h:236:10: note: expanded from macro '__rcu_dereference_check'
  236 |         typeof(*p) *local = (typeof(*p) *__force)READ_ONCE(p); \
      |                 ^
In file included from lib/kobject_uevent.c:28:
In file included from ./include/net/sock.h:46:
./include/linux/netdevice.h:2728:61: error: no member named 'dev_base_head' in 'struct net'
 2728 |         struct list_head *lh = rcu_dereference(list_next_rcu(&net->dev_base_head));
      |                                                               ~~~  ^
./include/linux/rculist.h:32:62: note: expanded from macro 'list_next_rcu'
   32 | #define list_next_rcu(list)     (*((struct list_head __rcu **)(&(list)->next)))
      |                                                                  ^~~~
./include/linux/rcupdate.h:448:50: note: expanded from macro 'rcu_dereference'
  448 | #define rcu_dereference(p) rcu_dereference_check(p, 0)
      |                                                  ^
./include/linux/rcupdate.h:376:27: note: expanded from macro 'rcu_dereference_check'
  376 |         __rcu_dereference_check((p), __UNIQUE_ID(rcu), \
      |                                  ^
./include/linux/rcupdate.h:236:31: note: expanded from macro '__rcu_dereference_check'
  236 |         typeof(*p) *local = (typeof(*p) *__force)READ_ONCE(p); \
      |                                      ^
fatal error: too many errors emitted, stopping now [-ferror-limit=]
mm/vmscan.c:1815:2: error: call to undeclared function 'trace_mm_vmscan_lru_isolate'; ISO C99 and later do not support implicit function declarations [-Wimplicit-function-declaration]
 1815 |         trace_mm_vmscan_lru_isolate(sc->reclaim_idx, sc->order, nr_to_scan,
      |         ^
1 warning and 8 errors generated.
mm/vmscan.c:2078:2: error: call to undeclared function 'trace_mm_vmscan_lru_shrink_inactive'; ISO C99 and later do not support implicit function declarations [-Wimplicit-function-declaration]
 2078 |         trace_mm_vmscan_lru_shrink_inactive(pgdat->node_id,
      |         ^
make[2]: *** [scripts/Makefile.build:249: drivers/base/property.o] Error 1
make[2]: Target '__build' not remade because of errors.
make[1]: *** [scripts/Makefile.build:466: drivers/base] Error 2
mm/vmscan.c:2195:2: error: call to undeclared function 'trace_mm_vmscan_lru_shrink_active'; ISO C99 and later do not support implicit function declarations [-Wimplicit-function-declaration]
 2195 |         trace_mm_vmscan_lru_shrink_active(pgdat->node_id, nr_taken, nr_activate,
      |         ^
In file included from kernel/sysctl.c:35:
In file included from ./include/linux/filter.h:12:
./include/linux/skbuff.h:1487:31: warning: declaration of 'struct ts_config' will not be visible outside of this function [-Wvisibility]
 1487 |                            unsigned int to, struct ts_config *config);
      |                                                    ^
make[1]: Target '__build' not remade because of errors.
make: *** [Makefile:1839: drivers] Error 2
  CC      mm/percpu.o
mm/vmscan.c:3425:2: error: call to undeclared function 'trace_mm_vmscan_direct_reclaim_begin'; ISO C99 and later do not support implicit function declarations [-Wimplicit-function-declaration]
 3425 |         trace_mm_vmscan_direct_reclaim_begin(order, sc.gfp_mask);
      |         ^
kernel/exit.c:667:5: warning: '/*' within block comment [-Wcomment]
  667 |         /* /* trace_sched_process_exit( */tsk); */
      |            ^
kernel/exit.c:667:39: error: extraneous ')' before ';'
  667 |         /* /* trace_sched_process_exit( */tsk); */
      |                                              ^
kernel/exit.c:667:43: error: expected expression
  667 |         /* /* trace_sched_process_exit( */tsk); */
      |                                                  ^
kernel/exit.c:667:36: warning: expression result unused [-Wunused-value]
  667 |         /* /* trace_sched_process_exit( */tsk); */
      |                                           ^~~
mm/vmscan.c:3429:2: error: call to undeclared function 'trace_mm_vmscan_direct_reclaim_end'; ISO C99 and later do not support implicit function declarations [-Wimplicit-function-declaration]
 3429 |         trace_mm_vmscan_direct_reclaim_end(nr_reclaimed);
      |         ^
kernel/exit.c:1367:5: warning: '/*' within block comment [-Wcomment]
 1367 |         /* /* trace_sched_process_wait( */wo->wo_pid); */
      |            ^
kernel/exit.c:1367:46: error: extraneous ')' before ';'
 1367 |         /* /* trace_sched_process_wait( */wo->wo_pid); */
      |                                                     ^
kernel/exit.c:1367:50: error: expected expression
 1367 |         /* /* trace_sched_process_wait( */wo->wo_pid); */
      |                                                         ^
kernel/exit.c:1367:40: warning: expression result unused [-Wunused-value]
 1367 |         /* /* trace_sched_process_wait( */wo->wo_pid); */
      |                                           ~~  ^~~~~~
./include/linux/skbuff.h:3674:16: error: call to undeclared function 'csum_block_add'; ISO C99 and later do not support implicit function declarations [-Wimplicit-function-declaration]
 3674 |                         skb->csum = csum_block_add(skb->csum, csum, off);
      |                                     ^
14 warnings and 4 errors generated.
./include/linux/skbuff.h:3746:15: error: call to undeclared function 'csum_block_sub'; ISO C99 and later do not support implicit function declarations [-Wimplicit-function-declaration]
 3746 |                 skb->csum = csum_block_sub(skb->csum,
      |                             ^
mm/vmscan.c:3941:3: error: call to undeclared function 'trace_mm_vmscan_kswapd_sleep'; ISO C99 and later do not support implicit function declarations [-Wimplicit-function-declaration]
 3941 |                 trace_mm_vmscan_kswapd_sleep(pgdat->node_id);
      |                 ^
make[1]: *** [scripts/Makefile.build:249: kernel/exit.o] Error 1
./include/linux/skbuff.h:3767:15: error: call to undeclared function 'wsum_negate'; ISO C99 and later do not support implicit function declarations [-Wimplicit-function-declaration]
 3767 |                 skb->csum = wsum_negate(csum_partial(start, len,
      |                             ^
./include/linux/skbuff.h:3779:15: error: call to undeclared function 'csum_block_add'; ISO C99 and later do not support implicit function declarations [-Wimplicit-function-declaration]
 3779 |                 skb->csum = csum_block_add(skb->csum,
      |                             ^
  CC      kernel/signal.o
./include/linux/skbuff.h:4450:18: error: call to undeclared function 'csum_add'; ISO C99 and later do not support implicit function declarations [-Wimplicit-function-declaration]
 4450 |                 if (!csum_fold(csum_add(psum, skb->csum))) {
      |                                ^
mm/vmscan.c:4045:3: error: call to undeclared function 'trace_mm_vmscan_kswapd_wake'; ISO C99 and later do not support implicit function declarations [-Wimplicit-function-declaration]
 4045 |                 trace_mm_vmscan_kswapd_wake(pgdat->node_id, highest_zoneidx,
      |                 ^
./include/linux/skbuff.h:4556:10: error: call to undeclared function 'remcsum_adjust'; ISO C99 and later do not support implicit function declarations [-Wimplicit-function-declaration]
 4556 |         delta = remcsum_adjust(ptr, skb->csum, start, offset);
      |                 ^
./include/linux/skbuff.h:4559:14: error: call to undeclared function 'csum_add'; ISO C99 and later do not support implicit function declarations [-Wimplicit-function-declaration]
 4559 |         skb->csum = csum_add(skb->csum, delta);
      |                     ^
mm/vmscan.c:4105:2: error: call to undeclared function 'trace_mm_vmscan_wakeup_kswapd'; ISO C99 and later do not support implicit function declarations [-Wimplicit-function-declaration]
 4105 |         trace_mm_vmscan_wakeup_kswapd(pgdat->node_id, highest_zoneidx, order,
      |         ^
./include/linux/skbuff.h:4893:13: error: call to undeclared function 'csum_unfold'; ISO C99 and later do not support implicit function declarations [-Wimplicit-function-declaration]
 4893 |         partial = ~csum_unfold(*(__force __sum16 *)(csum_start +
      |                    ^
./include/linux/skbuff.h:4893:13: note: did you mean 'csum_fold'?
./include/net/checksum.h:10:23: note: 'csum_fold' declared here
   10 | static inline __sum16 csum_fold(__wsum csum)
      |                       ^
In file included from kernel/sysctl.c:35:
In file included from ./include/linux/filter.h:20:
In file included from ./include/linux/if_vlan.h:10:
./include/linux/netdevice.h:1244:17: warning: declaration of 'struct rtnl_link_stats64' will not be visible outside of this function [-Wvisibility]
 1244 |                                                    struct rtnl_link_stats64 *storage);
      |                                                           ^
./include/linux/netdevice.h:1269:19: warning: declaration of 'struct ifla_vf_info' will not be visible outside of this function [-Wvisibility]
 1269 |                                                      struct ifla_vf_info *ivf);
      |                                                             ^
./include/linux/netdevice.h:1274:18: warning: declaration of 'struct ifla_vf_stats' will not be visible outside of this function [-Wvisibility]
 1274 |                                                     struct ifla_vf_stats
      |                                                            ^
./include/linux/netdevice.h:1283:17: warning: declaration of 'struct ifla_vf_guid' will not be visible outside of this function [-Wvisibility]
 1283 |                                                    struct ifla_vf_guid *node_guid,
      |                                                           ^
7 warnings and 12 errors generated.
./include/linux/netdevice.h:2033:2: error: unknown type name 'possible_net_t'
 2033 |         possible_net_t                  nd_net;
      |         ^
8 warnings and 20 errors generated.
make[1]: *** [scripts/Makefile.build:249: mm/vmscan.o] Error 1
./include/linux/netdevice.h:2271:9: error: call to undeclared function 'read_pnet'; ISO C99 and later do not support implicit function declarations [-Wimplicit-function-declaration]
 2271 |         return read_pnet(&dev->nd_net);
      |                ^
./include/linux/netdevice.h:2271:9: note: did you mean 'read_pkru'?
./arch/x86/include/asm/pkru.h:30:19: note: 'read_pkru' declared here
   30 | static inline u32 read_pkru(void)
      |                   ^
make[1]: *** [scripts/Makefile.build:250: lib/kobject_uevent.o] Error 1
In file included from kernel/sysctl.c:35:
In file included from ./include/linux/filter.h:20:
In file included from ./include/linux/if_vlan.h:10:
./include/linux/netdevice.h:2277:2: error: call to undeclared function 'write_pnet'; ISO C99 and later do not support implicit function declarations [-Wimplicit-function-declaration]
 2277 |         write_pnet(&dev->nd_net, net);
      |         ^
./include/linux/netdevice.h:2277:2: note: did you mean 'write_pkru'?
./arch/x86/include/asm/pkru.h:37:20: note: 'write_pkru' declared here
   37 | static inline void write_pkru(u32 pkru)
      |                    ^
In file included from kernel/sysctl.c:35:
In file included from ./include/linux/filter.h:20:
In file included from ./include/linux/if_vlan.h:10:
./include/linux/netdevice.h:2707:21: error: no member named 'dev_base_head' in 'struct net'
 2707 |         return lh == &net->dev_base_head ? NULL : net_device_entry(lh);
      |                       ~~~  ^
./include/linux/netdevice.h:2717:21: error: no member named 'dev_base_head' in 'struct net'
 2717 |         return lh == &net->dev_base_head ? NULL : net_device_entry(lh);
      |                       ~~~  ^
./include/linux/netdevice.h:2722:26: error: no member named 'dev_base_head' in 'struct net'
 2722 |         return list_empty(&net->dev_base_head) ? NULL :
      |                            ~~~  ^
./include/linux/netdevice.h:2723:25: error: no member named 'dev_base_head' in 'struct net'
 2723 |                 net_device_entry(net->dev_base_head.next);
      |                                  ~~~  ^
./include/linux/netdevice.h:2698:41: note: expanded from macro 'net_device_entry'
 2698 | #define net_device_entry(lh)    list_entry(lh, struct net_device, dev_list)
      |                                            ^~
./include/linux/list.h:513:15: note: expanded from macro 'list_entry'
  513 |         container_of(ptr, type, member)
      |                      ^~~
./include/linux/container_of.h:18:26: note: expanded from macro 'container_of'
   18 |         void *__mptr = (void *)(ptr);                                   \
      |                                 ^~~
In file included from kernel/sysctl.c:35:
In file included from ./include/linux/filter.h:20:
In file included from ./include/linux/if_vlan.h:10:
./include/linux/netdevice.h:2723:25: error: no member named 'dev_base_head' in 'struct net'
 2723 |                 net_device_entry(net->dev_base_head.next);
      |                                  ~~~  ^
./include/linux/netdevice.h:2698:41: note: expanded from macro 'net_device_entry'
 2698 | #define net_device_entry(lh)    list_entry(lh, struct net_device, dev_list)
      |                                            ^~
./include/linux/list.h:513:15: note: expanded from macro 'list_entry'
  513 |         container_of(ptr, type, member)
      |                      ^~~
./include/linux/container_of.h:19:30: note: expanded from macro 'container_of'
   19 |         static_assert(__same_type(*(ptr), ((type *)0)->member) ||       \
      |                                     ^~~
././include/linux/compiler_types.h:288:63: note: expanded from macro '__same_type'
  288 | #define __same_type(a, b) __builtin_types_compatible_p(typeof(a), typeof(b))
      |                                                               ^
./include/linux/build_bug.h:77:50: note: expanded from macro 'static_assert'
   77 | #define static_assert(expr, ...) __static_assert(expr, ##__VA_  CC      lib/vsprintf.o
ARGS__, #expr)
      |                                                  ^~~~
./include/linux/build_bug.h:78:56: note: expanded from macro '__static_assert'
   78 | #define __static_assert(expr, msg, ...) _Static_assert(expr, msg)
      |                                                        ^~~~
In file included from kernel/sysctl.c:35:
In file included from ./include/linux/filter.h:20:
In file included from ./include/linux/if_vlan.h:10:
./include/linux/netdevice.h:2723:25: error: no member named 'dev_base_head' in 'struct net'
 2723 |                 net_device_entry(net->dev_base_head.next);
      |                                  ~~~  ^
./include/linux/netdevice.h:2698:41: note: expanded from macro 'net_device_entry'
 2698 | #define net_device_entry(lh)    list_entry(lh, struct net_device, dev_list)
      |                                            ^~
./include/linux/list.h:513:15: note: expanded from macro 'list_entry'
  513 |         container_of(ptr, type, member)
      |                      ^~~
./include/linux/container_of.h:20:23: note: expanded from macro 'container_of'
   20 |                       __same_type(*(ptr), void),                        \
      |                                     ^~~
././include/linux/compiler_types.h:288:63: note: expanded from macro '__same_type'
  288 | #define __same_type(a, b) __builtin_types_compatible_p(typeof(a), typeof(b))
      |                                                               ^
./include/linux/build_bug.h:77:50: note: expanded from macro 'static_assert'
   77 | #define static_assert(expr, ...) __static_assert(expr, ##__VA_ARGS__, #expr)
      |                                                  ^~~~
./include/linux/build_bug.h:78:56: note: expanded from macro '__static_assert'
   78 | #define __static_assert(expr, msg, ...) _Static_assert(expr, msg)
      |                                                        ^~~~
In file included from kernel/sysctl.c:35:
In file included from ./include/linux/filter.h:20:
In file included from ./include/linux/if_vlan.h:10:
./include/linux/netdevice.h:2728:61: error: no member named 'dev_base_head' in 'struct net'
 2728 |         struct list_head *lh = rcu_dereference(list_next_rcu(&net->dev_base_head));
      |                                                               ~~~  ^
./include/linux/rculist.h:32:62: note: expanded from macro 'list_next_rcu'
   32 | #define list_next_rcu(list)     (*((struct list_head __rcu **)(&(list)->next)))
      |                                                                  ^~~~
./include/linux/rcupdate.h:448:50: note: expanded from macro 'rcu_dereference'
  448 | #define rcu_dereference(p) rcu_dereference_check(p, 0)
      |                                                  ^
./include/linux/rcupdate.h:376:27: note: expanded from macro 'rcu_dereference_check'
  376 |         __rcu_dereference_check((p), __UNIQUE_ID(rcu), \
      |                                  ^
./include/linux/rcupdate.h:236:10: note: expanded from macro '__rcu_dereference_check'
  236 |         typeof(*p) *local = (typeof(*p) *__force)READ_ONCE(p); \
      |                 ^
fatal error: too many errors emitted, stopping now [-ferror-limit=]
  CC      kernel/pid.o
9 warnings and 20 errors generated.
make[1]: *** [scripts/Makefile.build:249: kernel/sysctl.o] Error 1
  CC      mm/debug.o
In file included from mm/backing-dev.c:3:
In file included from ./include/linux/blkdev.h:9:
In file included from ./include/linux/blk_types.h:11:
In file included from ./include/linux/device.h:30:
./include/linux/device/bus.h:190:63: warning: declaration of 'struct device_node' will not be visible outside of this function [-Wvisibility]
  190 | bus_find_device_by_of_node(struct bus_type *bus, const struct device_node *np)
      |                                                               ^
In file included from mm/backing-dev.c:3:
In file included from ./include/linux/blkdev.h:9:
In file included from ./include/linux/blk_types.h:11:
In file included from ./include/linux/device.h:31:
./include/linux/device/class.h:140:64: warning: declaration of 'struct device_node' will not be visible outside of this function [-Wvisibility]
  140 | class_find_device_by_of_node(struct class *class, const struct device_node *np)
      |                                                                ^
In file included from mm/backing-dev.c:3:
In file included from ./include/linux/blkdev.h:9:
In file included from ./include/linux/blk_types.h:11:
In file included from ./include/linux/device.h:32:
./include/linux/device/driver.h:185:23: warning: declaration of 'struct device_node' will not be visible outside of this function [-Wvisibility]
  185 |                               const struct device_node *np)
      |                                            ^
In file included from kernel/signal.c:26:
In file included from ./include/linux/tty.h:10:
In file included from ./include/linux/tty_driver.h:9:
In file included from ./include/linux/cdev.h:8:
In file included from ./include/linux/device.h:30:
./include/linux/device/bus.h:190:63: warning: declaration of 'struct device_node' will not be visible outside of this function [-Wvisibility]
  190 | bus_find_device_by_of_node(struct bus_type *bus, const struct device_node *np)
      |                                                               ^
In file included from kernel/signal.c:26:
In file included from ./include/linux/tty.h:10:
In file included from ./include/linux/tty_driver.h:9:
In file included from ./include/linux/cdev.h:8:
In file included from ./include/linux/device.h:31:
./include/linux/device/class.h:140:64: warning: declaration of 'struct device_node' will not be visible outside of this function [-Wvisibility]
  140 | class_find_device_by_of_node(struct class *class, const struct device_node *np)
      |                                                                ^
In file included from mm/backing-dev.c:3:
./include/linux/blkdev.h:281:39: warning: declaration of 'struct blk_zone' will not be visible outside of this function [-Wvisibility]
  281 | typedef int (*report_zones_cb)(struct blk_zone *zone, unsigned int idx,
      |                                       ^
In file included from kernel/signal.c:26:
In file included from ./include/linux/tty.h:10:
In file included from ./include/linux/tty_driver.h:9:
In file included from ./include/linux/cdev.h:8:
In file included from ./include/linux/device.h:32:
./include/linux/device/driver.h:185:23: warning: declaration of 'struct device_node' will not be visible outside of this function [-Wvisibility]
  185 |                               const struct device_node *np)
      |                                            ^
In file included from kernel/pid.c:38:
./include/linux/syscalls.h:131:49: warning: declaration of 'struct trace_event_call' will not be visible outside of this function [-Wvisibility]
  131 | static inline int is_syscall_trace_event(struct trace_event_call *tp_event)
      |                                                 ^
kernel/pid.c:521:12: error: variable has incomplete type 'struct fd'
  521 |         struct fd f;
      |                   ^
kernel/pid.c:521:9: note: forward declaration of 'struct fd'
  521 |         struct fd f;
      |                ^
kernel/pid.c:524:6: error: call to undeclared function 'fdget'; ISO C99 and later do not support implicit function declarations [-Wimplicit-function-declaration]
  524 |         f = fdget(fd);
      |             ^
kernel/pid.c:524:6: note: did you mean 'dget'?
./include/linux/dcache.h:306:30: note: 'dget' declared here
  306 | static inline struct dentry *dget(struct dentry *dentry)
      |                              ^
kernel/pid.c:534:2: error: call to undeclared function 'fdput'; ISO C99 and later do not support implicit function declarations [-Wimplicit-function-declaration]
  534 |         fdput(f);
      |         ^
kernel/pid.c:534:2: note: did you mean 'dput'?
./include/linux/dcache.h:360:13: note: 'dput' declared here
  360 | extern void dput(struct dentry *);
      |             ^
kernel/pid.c:673:10: error: call to undeclared function 'fget_task'; ISO C99 and later do not support implicit function declarations [-Wimplicit-function-declaration]
  673 |                 file = fget_task(task, fd);
      |                        ^
kernel/pid.c:673:10: note: did you mean 'free_task'?
./include/linux/sched/task.h:93:13: note: 'free_task' declared here
   93 | extern void free_task(struct task_struct *tsk);
      |             ^
kernel/pid.c:673:8: error: incompatible integer to pointer conversion assigning to 'struct file *' from 'int' [-Wint-conversion]
  673 |                 file = fget_task(task, fd);
      |                      ^ ~~~~~~~~~~~~~~~~~~~
kernel/pid.c:697:8: error: call to undeclared function 'receive_fd'; ISO C99 and later do not support implicit function declarations [-Wimplicit-function-declaration]
  697 |         ret = receive_fd(file, O_CLOEXEC);
      |               ^
kernel/pid.c:698:2: error: call to undeclared function 'fput'; ISO C99 and later do not support implicit function declarations [-Wimplicit-function-declaration]
  698 |         fput(file);
      |         ^
kernel/pid.c:723:12: error: variable has incomplete type 'struct fd'
  723 |         struct fd f;
      |                   ^
kernel/pid.c:723:9: note: forward declaration of 'struct fd'
  723 |         struct fd f;
      |                ^
kernel/pid.c:730:6: error: call to undeclared function 'fdget'; ISO C99 and later do not support implicit function declarations [-Wimplicit-function-declaration]
  730 |         f = fdget(pidfd);
      |             ^
kernel/pid.c:740:2: error: call to undeclared function 'fdput'; ISO C99 and later do not support implicit function declarations [-Wimplicit-function-declaration]
  740 |         fdput(f);
      |         ^
1 warning and 10 errors generated.
make[1]: *** [scripts/Makefile.build:249: kernel/pid.o] Error 1
  CC      kernel/extable.o
mm/backing-dev.c:420:2: error: call to undeclared function 'trace_writeback_bdi_register'; ISO C99 and later do not support implicit function declarations [-Wimplicit-function-declaration]
  420 |         trace_writeback_bdi_register(bdi);
      |         ^
4 warnings and 1 error generated.
In file included from kernel/signal.c:30:
./include/linux/syscalls.h:131:49: warning: declaration of 'struct trace_event_call' will not be visible outside of this function [-Wvisibility]
  131 | static inline int is_syscall_trace_event(struct trace_event_call *tp_event)
      |                                                 ^
./include/linux/syscalls.h:327:15: warning: declaration of 'struct ipc_namespace' will not be visible outside of this function [-Wvisibility]
  327 |                      struct ipc_namespace *ns);
      |                             ^
make[1]: *** [scripts/Makefile.build:249: mm/backing-dev.o] Error 1
In file included from mm/percpu.c:90:
In file included from ./include/linux/memcontrol.h:13:
./include/linux/cgroup.h:41:44: warning: declaration of 'struct cgroupstats' will not be visible outside of this function [-Wvisibility]
   41 | static inline int cgroupstats_build(struct cgroupstats *stats,
      |                                            ^
  CC      kernel/kthread.o
In file included from kernel/signal.c:46:
./include/linux/cgroup.h:41:44: warning: declaration of 'struct cgroupstats' will not be visible outside of this function [-Wvisibility]
   41 | static inline int cgroupstats_build(struct cgroupstats *stats,
      |                                            ^
In file included from mm/percpu.c:90:
In file included from ./include/linux/memcontrol.h:22:
In file included from ./include/linux/writeback.h:13:
In file included from ./include/linux/blk_types.h:11:
In file included from ./include/linux/device.h:30:
./include/linux/device/bus.h:190:63: warning: declaration of 'struct device_node' will not be visible outside of this function [-Wvisibility]
  190 | bus_find_device_by_of_node(struct bus_type *bus, const struct device_node *np)
      |                                                               ^
In file included from mm/percpu.c:90:
In file included from ./include/linux/memcontrol.h:22:
In file included from ./include/linux/writeback.h:13:
In file included from ./include/linux/blk_types.h:11:
In file included from ./include/linux/device.h:31:
./include/linux/device/class.h:140:64: warning: declaration of 'struct device_node' will not be visible outside of this function [-Wvisibility]
  140 | class_find_device_by_of_node(struct class *class, const struct device_node *np)
      |                                                                ^
In file included from mm/percpu.c:90:
In file included from ./include/linux/memcontrol.h:22:
In file included from ./include/linux/writeback.h:13:
In file included from ./include/linux/blk_types.h:11:
In file included from ./include/linux/device.h:32:
./include/linux/device/driver.h:185:23: warning: declaration of 'struct device_node' will not be visible outside of this function [-Wvisibility]
  185 |                               const struct device_node *np)
      |                                            ^
In file included from mm/debug.c:11:
In file included from ./include/linux/trace_events.h:6:
In file included from ./include/linux/ring_buffer.h:7:
./include/linux/poll.h:136:9: warning: '__POLL_MAP' macro redefined [-Wmacro-redefined]
  136 | #define __POLL_MAP(v, from, to) ((v & to) ? from : 0)
      |         ^
./include/linux/poll.h:123:9: note: previous definition is here
  123 | #define __POLL_MAP(v, from, to) \
      |         ^
kernel/signal.c:1010:11: error: use of undeclared identifier 'TRACE_SIGNAL_IGNORED'
 1010 |         result = TRACE_SIGNAL_IGNORED;
      |                  ^
kernel/signal.c:1020:11: error: use of undeclared identifier 'TRACE_SIGNAL_ALREADY_PENDING'
 1020 |         result = TRACE_SIGNAL_ALREADY_PENDING;
      |                  ^
In file included from mm/debug.c:11:
In file included from ./include/linux/trace_events.h:10:
In file included from ./include/linux/perf_event.h:24:
In file included from ./arch/x86/include/asm/perf_event.h:5:
In file included from ./include/linux/static_call.h:135:
In file included from ./include/linux/cpu.h:17:
In file included from ./include/linux/node.h:18:
In file included from ./include/linux/device.h:30:
./include/linux/device/bus.h:190:63: warning: declaration of 'struct device_node' will not be visible outside of this function [-Wvisibility]
  190 | bus_find_device_by_of_node(struct bus_type *bus, const struct device_node *np)
      |                                                               ^
In file included from mm/debug.c:11:
In file included from ./include/linux/trace_events.h:10:
In file included from ./include/linux/perf_event.h:24:
In file included from ./arch/x86/include/asm/perf_event.h:5:
In file included from ./include/linux/static_call.h:135:
In file included from ./include/linux/cpu.h:17:
In file included from ./include/linux/node.h:18:
In file included from ./include/linux/device.h:31:
./include/linux/device/class.h:140:64: warning: declaration of 'struct device_node' will not be visible outside of this function [-Wvisibility]
  140 | class_find_device_by_of_node(struct class *class, const struct device_node *np)
      |                                                                ^
In file included from mm/percpu.c:1550:
mm/percpu-km.c:79:2: error: call to undeclared function 'trace_percpu_create_chunk'; ISO C99 and later do not support implicit function declarations [-Wimplicit-function-declaration]
   79 |         trace_percpu_create_chunk(chunk->base_addr);
      |         ^
mm/percpu-km.c:79:2: note: did you mean 'pcpu_create_chunk'?
mm/percpu-km.c:50:27: note: 'pcpu_create_chunk' declared here
   50 | static struct pcpu_chunk *pcpu_create_chunk(gfp_t gfp)
      |                           ^
kernel/signal.c:1024:11: error: use of undeclared identifier 'TRACE_SIGNAL_DELIVERED'
 1024 |         result = TRACE_SIGNAL_DELIVERED;
      |                  ^
In file included from mm/debug.c:11:
In file included from ./include/linux/trace_events.h:10:
In file included from ./include/linux/perf_event.h:24:
In file included from ./arch/x86/include/asm/perf_event.h:5:
In file included from ./include/linux/static_call.h:135:
In file included from ./include/linux/cpu.h:17:
In file included from ./include/linux/node.h:18:
In file included from ./include/linux/device.h:32:
./include/linux/device/driver.h:185:23: warning: declaration of 'struct device_node' will not be visible outside of this function [-Wvisibility]
  185 |                               const struct device_node *np)
      |                                            ^
mm/percpu-km.c:92:2: error: call to undeclared function 'trace_percpu_destroy_chunk'; ISO C99 and later do not support implicit function declarations [-Wimplicit-function-declaration]
   92 |         trace_percpu_destroy_chunk(chunk->base_addr);
      |         ^
mm/percpu-km.c:92:2: note: did you mean 'pcpu_destroy_chunk'?
mm/percpu-km.c:84:13: note: 'pcpu_destroy_chunk' declared here
   84 | static void pcpu_destroy_chunk(struct pcpu_chunk *chunk)
      |             ^
   85 | {
   86 |         const int nr_pages = pcpu_group_sizes[0] >> PAGE_SHIFT;
   87 | 
   88 |         if (!chunk)
   89 |                 return;
   90 | 
   91 |         pcpu_stats_chunk_dealloc();
   92 |         trace_percpu_destroy_chunk(chunk->base_addr);
      |         ~~~~~~~~~~~~~~~~~~~~~~~~~~
      |         pcpu_destroy_chunk
kernel/signal.c:1082:12: error: use of undeclared identifier 'TRACE_SIGNAL_OVERFLOW_FAIL'
 1082 |                 result = TRACE_SIGNAL_OVERFLOW_FAIL;
      |                          ^
In file included from lib/vsprintf.c:36:
In file included from ./include/linux/rtc.h:37:
In file included from ./include/linux/device.h:30:
./include/linux/device/bus.h:190:63: warning: declaration of 'struct device_node' will not be visible outside of this function [-Wvisibility]
  190 | bus_find_device_by_of_node(struct bus_type *bus, const struct device_node *np)
      |                                                               ^
In file included from lib/vsprintf.c:36:
In file included from ./include/linux/rtc.h:37:
In file included from ./include/linux/device.h:31:
./include/linux/device/class.h:140:64: warning: declaration of 'struct device_node' will not be visible outside of this function [-Wvisibility]
  140 | class_find_device_by_of_node(struct class *class, const struct device_node *np)
      |                                                                ^
In file included from lib/vsprintf.c:36:
In file included from ./include/linux/rtc.h:37:
In file included from ./include/linux/device.h:32:
./include/linux/device/driver.h:185:23: warning: declaration of 'struct device_node' will not be visible outside of this function [-Wvisibility]
  185 |                               const struct device_node *np)
      |                                            ^
kernel/signal.c:1090:12: error: use of undeclared identifier 'TRACE_SIGNAL_LOSE_INFO'
 1090 |                 result = TRACE_SIGNAL_LOSE_INFO;
      |                          ^
mm/percpu.c:1779:2: error: call to undeclared function 'trace_percpu_alloc_percpu'; ISO C99 and later do not support implicit function declarations [-Wimplicit-function-declaration]
 1779 |         trace_percpu_alloc_percpu(_RET_IP_, reserved, is_atomic, size, align,
      |         ^
In file included from lib/vsprintf.c:36:
In file included from ./include/linux/rtc.h:40:
./include/linux/poll.h:136:9: warning: '__POLL_MAP' macro redefined [-Wmacro-redefined]
  136 | #define __POLL_MAP(v, from, to) ((v & to) ? from : 0)
      |         ^
./include/linux/poll.h:123:9: note: previous definition is here
  123 | #define __POLL_MAP(v, from, to) \
      |         ^
In file included from lib/vsprintf.c:36:
./include/linux/rtc.h:223:15: warning: declaration of 'struct nvmem_config' will not be visible outside of this function [-Wvisibility]
  223 |                                           struct nvmem_config *nvmem_config)
      |                                                  ^
In file included from mm/debug.c:11:
In file included from ./include/linux/trace_events.h:10:
In file included from ./include/linux/perf_event.h:55:
./include/linux/cgroup.h:41:44: warning: declaration of 'struct cgroupstats' will not be visible outside of this function [-Wvisibility]
   41 | static inline int cgroupstats_build(struct cgroupstats *stats,
      |                                            ^
mm/percpu.c:1790:2: error: call to undeclared function 'trace_percpu_alloc_percpu_fail'; ISO C99 and later do not support implicit function declarations [-Wimplicit-function-declaration]
 1790 |         trace_percpu_alloc_percpu_fail(reserved, is_atomic, size, align);
      |         ^
lib/vsprintf.c:40:10: fatal error: 'net/addrconf.h' file not found
   40 | #include <net/addrconf.h>
      |          ^~~~~~~~~~~~~~~~
kernel/signal.c:1866:11: error: use of undeclared identifier 'TRACE_SIGNAL_IGNORED'
 1866 |         result = TRACE_SIGNAL_IGNORED;
      |                  ^
kernel/signal.c:1878:12: error: use of undeclared identifier 'TRACE_SIGNAL_ALREADY_PENDING'
 1878 |                 result = TRACE_SIGNAL_ALREADY_PENDING;
      |                          ^
mm/percpu.c:2196:2: error: call to undeclared function 'trace_percpu_free_percpu'; ISO C99 and later do not support implicit function declarations [-Wimplicit-function-declaration]
 2196 |         trace_percpu_free_percpu(chunk->base_addr, off, ptr);
      |         ^
mm/percpu.c:2645:2: error: call to undeclared function 'trace_percpu_create_chunk'; ISO C99 and later do not support implicit function declarations [-Wimplicit-function-declaration]
 2645 |         trace_percpu_create_chunk(base_addr);
      |         ^
kernel/signal.c:1888:11: error: use of undeclared identifier 'TRACE_SIGNAL_DELIVERED'
 1888 |         result = TRACE_SIGNAL_DELIVERED;
      |                  ^
4 warnings and 6 errors generated.
kernel/signal.c:2586:4: error: call to undeclared function 'trace_signal_deliver'; ISO C99 and later do not support implicit function declarations [-Wimplicit-function-declaration]
 2586 |                         trace_signal_deliver(SIGKILL, SEND_SIG_NOINFO,
      |                         ^
kernel/signal.c:2586:4: note: did you mean 'rseq_signal_deliver'?
./include/linux/sched.h:1550:20: note: 'rseq_signal_deliver' declared here
 1550 | static inline void rseq_signal_deliver(struct ksignal *ksig,
      |                    ^
make[1]: *** [scripts/Makefile.build:249: mm/percpu.o] Error 1
  CC      mm/memory.o
5 warnings and 1 error generated.
mm/debug.c:29:2: error: use of undeclared identifier 'MIGRATE_REASON'; did you mean 'MIGRATE_ASYNC'?
   29 |         MIGRATE_REASON
      |         ^~~~~~~~~~~~~~
      |         MIGRATE_ASYNC
./include/linux/migrate_mode.h:16:2: note: 'MIGRATE_ASYNC' declared here
   16 |         MIGRATE_ASYNC,
      |         ^
mm/debug.c:29:2: warning: expression which evaluates to zero treated as a null pointer constant of type 'const char *' [-Wnon-literal-null-conversion]
   29 |         MIGRATE_REASON
      |         ^~~~~~~~~~~~~~
make[1]: *** [scripts/Makefile.build:249: lib/vsprintf.o] Error 1
6 warnings and 9 errors generated.
  CC      lib/iov_iter.o
mm/debug.c:33:2: error: use of undeclared identifier '__def_pageflag_names'; did you mean 'pageflag_names'?
   33 |         __def_pageflag_names,
      |         ^~~~~~~~~~~~~~~~~~~~
      |         pageflag_names
mm/debug.c:32:32: note: 'pageflag_names' declared here
   32 | const struct trace_print_flags pageflag_names[] = {
      |                                ^
mm/debug.c:33:2: error: incompatible pointer to integer conversion initializing 'unsigned long' with an expression of type 'const struct trace_print_flags[]' [-Wint-conversion]
   33 |         __def_pageflag_names,
      |         ^~~~~~~~~~~~~~~~~~~~
mm/debug.c:34:6: warning: make[1]: *** [scripts/Makefile.build:249: kernel/signal.o] Error 1
excess elements in scalar initializer [-Wexcess-initializers]
   34 |         {0, NULL}
      |             ^~~~
./include/linux/stddef.h:8:14: note: expanded from macro 'NULL'
    8 | #define NULL ((void *)0)
      |              ^~~~~~~~~~~
mm/debug.c:33:2: warning: suggest braces around initialization of subobject [-Wmissing-braces]
   33 |         __def_pageflag_names,
      |         ^~~~~~~~~~~~~~~~~~~~~
      |         {
   34 |         {0, NULL}
      |         ~~~~~~~~~
      |                  }
  CC      kernel/nsproxy.o
mm/debug.c:38:2: error: use of undeclared identifier '__def_gfpflag_names'; did you mean 'gfpflag_names'?
   38 |         __def_gfpflag_names,
      |         ^~~~~~~~~~~~~~~~~~~
      |         gfpflag_names
mm/debug.c:37:32: note: 'gfpflag_names' declared here
   37 | const struct trace_print_flags gfpflag_names[] = {
      |                                ^
mm/debug.c:38:2: error: incompatible pointer to integer conversion initializing 'unsigned long' with an expression of type 'const struct trace_print_flags[]' [-Wint-conversion]
   38 |         __def_gfpflag_names,
      |         ^~~~~~~~~~~~~~~~~~~
mm/debug.c:39:6: warning: excess elements in scalar initializer [-Wexcess-initializers]
   39 |         {0, NULL}
      |             ^~~~
./include/linux/stddef.h:8:14: note: expanded from macro 'NULL'
    8 | #define NULL ((void *)0)
      |              ^~~~~~~~~~~
mm/debug.c:38:2: warning: suggest braces around initialization of subobject [-Wmissing-braces]
   38 |         __def_gfpflag_names,
      |         ^~~~~~~~~~~~~~~~~~~~
      |         {
   39 |         {0, NULL}
      |         ~~~~~~~~~
      |                  }
mm/debug.c:43:2: error: use of undeclared identifier '__def_vmaflag_names'; did you mean 'vmaflag_names'?
   43 |         __def_vmaflag_names,
      |         ^~~~~~~~~~~~~~~~~~~
      |         vmaflag_names
mm/debug.c:42:32: note: 'vmaflag_names' declared here
   42 | const struct trace_print_flags vmaflag_names[] = {
      |                                ^
mm/debug.c:43:2: error: incompatible pointer to integer conversion initializing 'unsigned long' with an expression of type 'const struct trace_print_flags[]' [-Wint-conversion]
   43 |         __def_vmaflag_names,
      |         ^~~~~~~~~~~~~~~~~~~
mm/debug.c:44:6: warning: excess elements in scalar initializer [-Wexcess-initializers]
   44 |         {0, NULL}
      |             ^~~~
./include/linux/stddef.h:8:14: note: expanded from macro 'NULL'
    8 | #define NULL ((void *)0)
      |              ^~~~~~~~~~~
mm/debug.c:43:2: warning: suggest braces around initialization of subobject [-Wmissing-braces]
   43 |         __def_vmaflag_names,
      |         ^~~~~~~~~~~~~~~~~~~~
      |         {
   44 |         {0, NULL}
      |         ~~~~~~~~~
      |                  }
12 warnings and 7 errors generated.
make[1]: *** [scripts/Makefile.build:249: mm/debug.o] Error 1
  CC      kernel/reboot.o
In file included from kernel/extable.c:8:
In file included from ./include/linux/memory.h:19:
In file included from ./include/linux/node.h:18:
In file included from ./include/linux/device.h:30:
./include/linux/device/bus.h:190:63: warning: declaration of 'struct device_node' will not be visible outside of this function [-Wvisibility]
  190 | bus_find_device_by_of_node(struct bus_type *bus, const struct device_node *np)
      |                                                               ^
In file included from kernel/extable.c:8:
In file included from ./include/linux/memory.h:19:
In file included from ./include/linux/node.h:18:
In file included from ./include/linux/device.h:31:
./include/linux/device/class.h:140:64: warning: declaration of 'struct device_node' will not be visible outside of this function [-Wvisibility]
  140 | class_find_device_by_of_node(struct class *class, const struct device_node *np)
      |                                                                ^
In file included from kernel/extable.c:8:
In file included from ./include/linux/memory.h:19:
In file included from ./include/linux/node.h:18:
In file included from ./include/linux/device.h:32:
./include/linux/device/driver.h:185:23: warning: declaration of 'struct device_node' will not be visible outside of this function [-Wvisibility]
  185 |                               const struct device_node *np)
      |                                            ^
In file included from kernel/extable.c:14:
In file included from ./include/linux/filter.h:12:
./include/linux/skbuff.h:1487:31: warning: declaration of 'struct ts_config' will not be visible outside of this function [-Wvisibility]
 1487 |                            unsigned int to, struct ts_config *config);
      |                                                    ^
In file included from kernel/kthread.c:19:
./include/linux/cgroup.h:41:44: warning: declaration of 'struct cgroupstats' will not be visible outside of this function [-Wvisibility]
   41 | static inline int cgroupstats_build(struct cgroupstats *stats,
      |                                            ^
./include/linux/skbuff.h:3674:16: error: call to undeclared function 'csum_block_add'; ISO C99 and later do not support implicit function declarations [-Wimplicit-function-declaration]
 3674 |                         skb->csum = csum_block_add(skb->csum, csum, off);
      |                                     ^
./include/linux/skbuff.h:3746:15: error: call to undeclared function 'csum_block_sub'; ISO C99 and later do not support implicit function declarations [-Wimplicit-function-declaration]
 3746 |                 skb->csum = csum_block_sub(skb->csum,
      |                             ^
./include/linux/skbuff.h:3767:15: error: call to undeclared function 'wsum_negate'; ISO C99 and later do not support implicit function declarations [-Wimplicit-function-declaration]
 3767 |                 skb->csum = wsum_negate(csum_partial(start, len,
      |                             ^
./include/linux/skbuff.h:3779:15: error: call to undeclared function 'csum_block_add'; ISO C99 and later do not support implicit function declarations [-Wimplicit-function-declaration]
 3779 |                 skb->csum = csum_block_add(skb->csum,
      |                             ^
kernel/kthread.c:687:5: warning: '/*' within block comment [-Wcomment]
  687 |         /* /* trace_sched_kthread_stop( */k); */
      |            ^
kernel/kthread.c:687:37: error: extraneous ')' before ';'
  687 |         /* /* trace_sched_kthread_stop( */k); */
      |                                            ^
kernel/kthread.c:687:41: error: expected expression
  687 |         /* /* trace_sched_kthread_stop( */k); */
      |                                                ^
kernel/kthread.c:698:5: warning: '/*' within block comment [-Wcomment]
  698 |         /* /* trace_sched_kthread_stop_ret( */ret); */
      |            ^
kernel/kthread.c:698:43: error: extraneous ')' before ';'
  698 |         /* /* trace_sched_kthread_stop_ret( */ret); */
      |                                                  ^
kernel/kthread.c:698:47: error: expected expression
  698 |         /* /* trace_sched_kthread_stop_ret( */ret); */
      |                                                      ^
kernel/kthread.c:699:2: error: expected expression
  699 |         return ret;
      |         ^
kernel/kthread.c:687:36: warning: expression result unused [-Wunused-value]
  687 |         /* /* trace_sched_kthread_stop( */k); */
      |                                           ^
kernel/kthread.c:698:40: warning: expression result unused [-Wunused-value]
  698 |         /* /* trace_sched_kthread_stop_ret( */ret); */
      |                                               ^~~
kernel/kthread.c:807:6: warning: '/*' within block comment [-Wcomment]
  807 |                 /* /* trace_sched_kthread_work_execute_start( */work); */
      |                    ^
kernel/kthread.c:807:55: error: extraneous ')' before ';'
  807 |                 /* /* trace_sched_kthread_work_execute_start( */work); */
      |                                                                     ^
kernel/kthread.c:807:59: error: expected expression
  807 |                 /* /* trace_sched_kthread_work_execute_start( */work); */
      |                                                                         ^
kernel/kthread.c:813:6: warning: '/*' within block comment [-Wcomment]
  813 |                 /* /* trace_sched_kthread_work_execute_end( */work, func); */
      |                    ^
kernel/kthread.c:813:59: error: extraneous ')' before ';'
  813 |                 /* /* trace_sched_kthread_work_execute_end( */work, func); */
      |                                                                         ^
kernel/kthread.c:813:63: error: expected expression
  813 |                 /* /* trace_sched_kthread_work_execute_end( */work, func); */
      |                                                                             ^
kernel/kthread.c:814:2: error: expected expression
  814 |         } else if (!freezing(current))
      |         ^
kernel/kthread.c:807:51: warning: expression result unused [-Wunused-value]
  807 |                 /* /* trace_sched_kthread_work_execute_start( */work); */
      |                                                                 ^~~~
kernel/kthread.c:813:49: warning: left operand of comma operator has no effect [-Wunused-value]
  813 |                 /* /* trace_sched_kthread_work_execute_end( */work, func); */
      |                                                               ^~~~
kernel/kthread.c:813:55: warning: expression result unused [-Wunused-value]
  813 |                 /* /* trace_sched_kthread_work_execute_end( */work, func); */
      |                                                                     ^~~~
kernel/kthread.c:960:5: warning: '/*' within block comment [-Wcomment]
  960 |         /* /* trace_sched_kthread_work_queue_work( */worker, work); */
      |            ^
kernel/kthread.c:960:59: error: extraneous ')' before ';'
  960 |         /* /* trace_sched_kthread_work_queue_work( */worker, work); */
      |                                                                  ^
kernel/kthread.c:960:63: error: expected expression
  960 |         /* /* trace_sched_kthread_work_queue_work( */worker, work); */
      |                                                                      ^
kernel/kthread.c:960:47: warning: left operand of comma operator has no effect [-Wunused-value]
  960 |         /* /* trace_sched_kthread_work_queue_work( */worker, work); */
      |                                                      ^~~~~~
kernel/kthread.c:960:55: warning: expression result unused [-Wunused-value]
  960 |         /* /* trace_sched_kthread_work_queue_work( */worker, work); */
      |                                                              ^~~~
./include/linux/skbuff.h:4450:18: error: call to undeclared function 'csum_add'; ISO C99 and later do not support implicit function declarations [-Wimplicit-function-declaration]
 4450 |                 if (!csum_fold(csum_add(psum, skb->csum))) {
      |                                ^
13 warnings and 12 errors generated.
In file included from kernel/nsproxy.c:26:
./include/linux/syscalls.h:131:49: warning: declaration of 'struct trace_event_call' will not be visible outside of this function [-Wvisibility]
  131 | static inline int is_syscall_trace_event(struct trace_event_call *tp_event)
      |                                                 ^
make[1]: *** [scripts/Makefile.build:249: kernel/kthread.o] Error 1
./include/linux/skbuff.h:4556:10: error: call to undeclared function 'remcsum_adjust'; ISO C99 and later do not support implicit function declarations [-Wimplicit-function-declaration]
 4556 |         delta = remcsum_adjust(ptr, skb->csum, start, offset);
      |                 ^
./include/linux/skbuff.h:4559:14: error: call to undeclared function 'csum_add'; ISO C99 and later do not support implicit function declarations [-Wimplicit-function-declaration]
 4559 |         skb->csum = csum_add(skb->csum, delta);
      |                     ^
./include/linux/skbuff.h:4893:13: error: call to undeclared function 'csum_unfold'; ISO C99 and later do not support implicit function declarations [-Wimplicit-function-declaration]
 4893 |         partial = ~csum_unfold(*(__force __sum16 *)(csum_start +
      |                    ^
./include/linux/skbuff.h:4893:13: note: did you mean 'csum_fold'?
./include/net/checksum.h:10:23: note: 'csum_fold' declared here
   10 | static inline __sum16 csum_fold(__wsum csum)
      |                       ^
In file included from kernel/nsproxy.c:27:
./include/linux/cgroup.h:41:44: warning: declaration of 'struct cgroupstats' will not be visible outside of this function [-Wvisibility]
   41 | static inline int cgroupstats_build(struct cgroupstats *stats,
      |                                            ^
In file included from kernel/nsproxy.c:28:
In file included from ./include/linux/perf_event.h:24:
In file included from ./arch/x86/include/asm/perf_event.h:5:
In file included from ./include/linux/static_call.h:135:
In file included from ./include/linux/cpu.h:17:
In file included from ./include/linux/node.h:18:
In file included from ./include/linux/device.h:30:
./include/linux/device/bus.h:190:63: warning: declaration of 'struct device_node' will not be visible outside of this function [-Wvisibility]
  190 | bus_find_device_by_of_node(struct bus_type *bus, const struct device_node *np)
      |                                                               ^
In file included from kernel/nsproxy.c:28:
In file included from ./include/linux/perf_event.h:24:
In file included from ./arch/x86/include/asm/perf_event.h:5:
In file included from ./include/linux/static_call.h:135:
In file included from ./include/linux/cpu.h:17:
In file included from ./include/linux/node.h:18:
In file included from ./include/linux/device.h:31:
./include/linux/device/class.h:140:64: warning: declaration of 'struct device_node' will not be visible outside of this function [-Wvisibility]
  140 | class_find_device_by_of_node(struct class *class, const struct device_node *np)
      |                                                                ^
In file included from kernel/nsproxy.c:28:
In file included from ./include/linux/perf_event.h:24:
In file included from ./arch/x86/include/asm/perf_event.h:5:
In file included from ./include/linux/static_call.h:135:
In file included from ./include/linux/cpu.h:17:
In file included from ./include/linux/node.h:18:
In file included from ./include/linux/device.h:32:
./include/linux/device/driver.h:185:23: warning: declaration of 'struct device_node' will not be visible outside of this function [-Wvisibility]
  185 |                               const struct device_node *np)
      |                                            ^
In file included from kernel/extable.c:14:
In file included from ./include/linux/filter.h:20:
In file included from ./include/linux/if_vlan.h:10:
./include/linux/netdevice.h:1244:17: warning: declaration of 'struct rtnl_link_stats64' will not be visible outside of this function [-Wvisibility]
 1244 |                                                    struct rtnl_link_stats64 *storage);
      |                                                           ^
./include/linux/netdevice.h:1269:19: warning: declaration of 'struct ifla_vf_info' will not be visible outside of this function [-Wvisibility]
 1269 |                                                      struct ifla_vf_info *ivf);
      |                                                             ^
./include/linux/netdevice.h:1274:18: warning: declaration of 'struct ifla_vf_stats' will not be visible outside of this function [-Wvisibility]
 1274 |                                                     struct ifla_vf_stats
      |                                                            ^
./include/linux/netdevice.h:1283:17: warning: declaration of 'struct ifla_vf_guid' will not be visible outside of this function [-Wvisibility]
 1283 |                                                    struct ifla_vf_guid *node_guid,
      |                                                           ^
./include/linux/netdevice.h:2033:2: error: unknown type name 'possible_net_t'
 2033 |         possible_net_t                  nd_net;
      |         ^
./include/linux/netdevice.h:2271:9: error: call to undeclared function 'read_pnet'; ISO C99 and later do not support implicit function declarations [-Wimplicit-function-declaration]
 2271 |         return read_pnet(&dev->nd_net);
      |                ^
./include/linux/netdevice.h:2271:9: note: did you mean 'read_pkru'?
./arch/x86/include/asm/pkru.h:30:19: note: 'read_pkru' declared here
   30 | static inline u32 read_pkru(void)
      |                   ^
In file included from kernel/extable.c:14:
In file included from ./include/linux/filter.h:20:
In file included from ./include/linux/if_vlan.h:10:
./include/linux/netdevice.h:2277:2: error: call to undeclared function 'write_pnet'; ISO C99 and later do not support implicit function declarations [-Wimplicit-function-declaration]
 2277 |         write_pnet(&dev->nd_net, net);
      |         ^
./include/linux/netdevice.h:2277:2: note: did you mean 'write_pkru'?
./arch/x86/include/asm/pkru.h:37:20: note: 'write_pkru' declared here
   37 | static inline void write_pkru(u32 pkru)
      |                    ^
  CC      mm/mmap.o
In file included from kernel/extable.c:14:
In file included from ./include/linux/filter.h:20:
In file included from ./include/linux/if_vlan.h:10:
./include/linux/netdevice.h:2707:21: error: no member named 'dev_base_head' in 'struct net'
 2707 |         return lh == &net->dev_base_head ? NULL : net_device_entry(lh);
      |                       ~~~  ^
./include/linux/netdevice.h:2717:21: error: no member named 'dev_base_head' in 'struct net'
 2717 |         return lh == &net->dev_base_head ? NULL : net_device_entry(lh);
      |                       ~~~  ^
./include/linux/netdevice.h:2722:26: error: no member named 'dev_base_head' in 'struct net'
 2722 |         return list_empty(&net->dev_base_head) ? NULL :
      |                            ~~~  ^
./include/linux/netdevice.h:2723:25: error: no member named 'dev_base_head' in 'struct net'
 2723 |                 net_device_entry(net->dev_base_head.next);
      |                                  ~~~  ^
./include/linux/netdevice.h:2698:41: note: expanded from macro 'net_device_entry'
 2698 | #define net_device_entry(lh)    list_entry(lh, struct net_device, dev_list)
      |                                            ^~
./include/linux/list.h:513:15: note: expanded from macro 'list_entry'
  513 |         container_of(ptr, type, member)
      |                      ^~~
./include/linux/container_of.h:18:26: note: expanded from macro 'container_of'
   18 |         void *__mptr = (void *)(ptr);                                   \
      |                                 ^~~
In file included from kernel/extable.c:14:
In file included from ./include/linux/filter.h:20:
In file included from ./include/linux/if_vlan.h:10:
./include/linux/netdevice.h:2723:25: error: no member named 'dev_base_head' in 'struct net'
 2723 |                 net_device_entry(net->dev_base_head.next);
      |                                  ~~~  ^
./include/linux/netdevice.h:2698:41: note: expanded from macro 'net_device_entry'
 2698 | #define net_device_entry(lh)    list_entry(lh, struct net_device, dev_list)
      |                                            ^~
./include/linux/list.h:513:15: note: expanded from macro 'list_entry'
  513 |         container_of(ptr, type, member)
      |                      ^~~
./include/linux/container_of.h:19:30: note: expanded from macro 'container_of'
   19 |         static_assert(__same_type(*(ptr), ((type *)0)->member) ||       \
      |                                     ^~~
././include/linux/compiler_types.h:288:63: note: expanded from macro '__same_type'
  288 | #define __same_type(a, b) __builtin_types_compatible_p(typeof(a), typeof(b))
      |                                                               ^
./include/linux/build_bug.h:77:50: note: expanded from macro 'static_assert'
   77 | #define static_assert(expr, ...) __static_assert(expr, ##__VA_ARGS__, #expr)
      |                                                  ^~~~
./include/linux/build_bug.h:78:56: note: expanded from macro '__static_assert'
   78 | #define __static_assert(expr, msg, ...) _Static_assert(expr, msg)
      |                                                        ^~~~
In file included from kernel/extable.c:14:
In file included from ./include/linux/filter.h:20:
In file included from ./include/linux/if_vlan.h:10:
./include/linux/netdevice.h:2723:25: error: no member named 'dev_base_head' in 'struct net'
 2723 |                 net_device_entry(net->dev_base_head.next);
      |                                  ~~~  ^
./include/linux/netdevice.h:2698:41: note: expanded from macro 'net_device_entry'
 2698 | #define net_device_entry(lh)    list_entry(lh, struct net_device, dev_list)
      |                                            ^~
./include/linux/list.h:513:15: note: expanded from macro 'list_entry'
  513 |         container_of(ptr, type, member)
      |                      ^~~
./include/linux/container_of.h:20:23: note: expanded from macro 'container_of'
   20 |                       __same_type(*(ptr), void),                        \
      |                                     ^~~
././include/linux/compiler_types.h:288:63: note: expanded from macro '__same_type'
  288 | #define __same_type(a, b) __builtin_types_compatible_p(typeof(a), typeof(b))
      |                                                               ^
./include/linux/build_bug.h:77:50: note: expanded from macro 'static_assert'
   77 | #define static_assert(expr, ...) __static_assert(expr, ##__VA_ARGS__, #expr)
      |                                                  ^~~~
./include/linux/build_bug.h:78:56: note: expanded from macro '__static_assert'
   78 | #define __static_assert(expr, msg, ...) _Static_assert(expr, msg)
      |                                                        ^~~~
In file included from kernel/extable.c:14:
In file included from ./include/linux/filter.h:20:
In file included from ./include/linux/if_vlan.h:10:
./include/linux/netdevice.h:2728:61: error: no member named 'dev_base_head' in 'struct net'
 2728 |         struct list_head *lh = rcu_dereference(list_next_rcu(&net->dev_base_head));
      |                                                               ~~~  ^
./include/linux/rculist.h:32:62: note: expanded from macro 'list_next_rcu'
   32 | #define list_next_rcu(list)     (*((struct list_head __rcu **)(&(list)->next)))
      |                                                                  ^~~~
./include/linux/rcupdate.h:448:50: note: expanded from macro 'rcu_dereference'
  448 | #define rcu_dereference(p) rcu_dereference_check(p, 0)
      |                                                  ^
./include/linux/rcupdate.h:376:27: note: expanded from macro 'rcu_dereference_check'
  376 |         __rcu_dereference_check((p), __UNIQUE_ID(rcu), \
      |                                  ^
./include/linux/rcupdate.h:236:10: note: expanded from macro '__rcu_dereference_check'
  236 |         typeof(*p) *local = (typeof(*p) *__force)READ_ONCE(p); \
      |                 ^
In file included from kernel/extable.c:14:
In file included from ./include/linux/filter.h:20:
In file included from ./include/linux/if_vlan.h:10:
./include/linux/netdevice.h:2728:61: error: no member named 'dev_base_head' in 'struct net'
 2728 |         struct list_head *lh = rcu_dereference(list_next_rcu(&net->dev_base_head));
      |                                                               ~~~  ^
./include/linux/rculist.h:32:62: note: expanded from macro 'list_next_rcu'
   32 | #define list_next_rcu(list)     (*((struct list_head __rcu **)(&(list)->next)))
      |                                                                  ^~~~
./include/linux/rcupdate.h:448:50: note: expanded from macro 'rcu_dereference'
  448 | #define rcu_dereference(p) rcu_dereference_check(p, 0)
      |                                                  ^
./include/linux/rcupdate.h:376:27: note: expanded from macro 'rcu_dereference_check'
  376 |         __rcu_dereference_check((p), __UNIQUE_ID(rcu), \
      |                                  ^
./include/linux/rcupdate.h:236:31: note: expanded from macro '__rcu_dereference_check'
  236 |         typeof(*p) *local = (typeof(*p) *__force)READ_ONCE(p); \
      |                                      ^
fatal error: too many errors emitted, stopping now [-ferror-limit=]
kernel/nsproxy.c:97:20: error: call to undeclared function 'copy_net_ns'; ISO C99 and later do not support implicit function declarations [-Wimplicit-function-declaration]
   97 |         new_nsp->net_ns = copy_net_ns(flags, user_ns, tsk->nsproxy->net_ns);
      |                           ^
kernel/nsproxy.c:97:20: note: did you mean 'copy_mnt_ns'?
./include/linux/mnt_namespace.h:11:30: note: 'copy_mnt_ns' declared here
   11 | extern struct mnt_namespace *copy_mnt_ns(unsigned long, struct mnt_namespace *,
      |                              ^
kernel/nsproxy.c:97:18: error: incompatible integer to pointer conversion assigning to 'struct net *' from 'int' [-Wint-conversion]
   97 |         new_nsp->net_ns = copy_net_ns(flags, user_ns, tsk->nsproxy->net_ns);
      |                         ^ ~~~~~~~~~~~~~~~~~~~~~~~~~~~~~~~~~~~~~~~~~~~~~~~~~
5 warnings and 2 errors generated.
make[1]: *** [scripts/Makefile.build:249: kernel/nsproxy.o] Error 1
In file included from mm/memory.c:44:
In file included from ./include/linux/mm_inline.h:7:
In file included from ./include/linux/swap.h:9:
In file included from ./include/linux/memcontrol.h:13:
./include/linux/cgroup.h:41:44: warning: declaration of 'struct cgroupstats' will not be visible outside of this function [-Wvisibility]
   41 | static inline int cgroupstats_build(struct cgroupstats *stats,
      |                                            ^
  CC      mm/rmap.o
8 warnings and 20 errors generated.
In file included from mm/memory.c:44:
In file included from ./include/linux/mm_inline.h:7:
In file included from ./include/linux/swap.h:9:
In file included from ./include/linux/memcontrol.h:22:
In file included from ./include/linux/writeback.h:13:
In file included from ./include/linux/blk_types.h:11:
In file included from ./include/linux/device.h:30:
./include/linux/device/bus.h:190:63: warning: declaration of 'struct device_node' will not be visible outside of this function [-Wvisibility]
  190 | bus_find_device_by_of_node(struct bus_type *bus, const struct device_node *np)
      |                                                               ^
In file included from mm/memory.c:44:
In file included from ./include/linux/mm_inline.h:7:
In file included from ./include/linux/swap.h:9:
In file included from ./include/linux/memcontrol.h:22:
In file included from ./include/linux/writeback.h:13:
In file included from ./include/linux/blk_types.h:11:
In file included from ./include/linux/device.h:31:
./include/linux/device/class.h:140:64: warning: declaration of 'struct device_node' will not be visible outside of this function [-Wvisibility]
  140 | class_find_device_by_of_node(struct class *class, const struct device_node *np)
      |                                                                ^
make[1]: *** [scripts/Makefile.build:249: kernel/extable.o] Error 1
  CC      mm/page_alloc.o
In file included from mm/memory.c:44:
In file included from ./include/linux/mm_inline.h:7:
In file included from ./include/linux/swap.h:9:
In file included from ./include/linux/memcontrol.h:22:
In file included from ./include/linux/writeback.h:13:
In file included from ./include/linux/blk_types.h:11:
In file included from ./include/linux/device.h:32:
./include/linux/device/driver.h:185:23: warning: declaration of 'struct device_node' will not be visible outside of this function [-Wvisibility]
  185 |                               const struct device_node *np)
      |                                            ^
In file included from kernel/reboot.c:17:
In file included from ./include/linux/suspend.h:5:
In file included from ./include/linux/swap.h:9:
In file included from ./include/linux/memcontrol.h:13:
./include/linux/cgroup.h:41:44: warning: declaration of 'struct cgroupstats' will not be visible outside of this function [-Wvisibility]
   41 | static inline int cgroupstats_build(struct cgroupstats *stats,
      |                                            ^
lib/iov_iter.c:626:16: error: call to undeclared function 'csum_partial_copy_nocheck'; ISO C99 and later do not support implicit function declarations [-Wimplicit-function-declaration]
  626 |         __wsum next = csum_partial_copy_nocheck(from, to, len);
      |                       ^
In file included from kernel/reboot.c:17:
In file included from ./include/linux/suspend.h:5:
In file included from ./include/linux/swap.h:9:
In file included from ./include/linux/memcontrol.h:22:
In file included from ./include/linux/writeback.h:13:
In file included from ./include/linux/blk_types.h:11:
In file included from ./include/linux/device.h:30:
./include/linux/device/bus.h:190:63: warning: declaration of 'struct device_node' will not be visible outside of this function [-Wvisibility]
  190 | bus_find_device_by_of_node(struct bus_type *bus, const struct device_node *np)
      |                                                               ^
In file included from kernel/reboot.c:17:
In file included from ./include/linux/suspend.h:5:
In file included from ./include/linux/swap.h:9:
In file included from ./include/linux/memcontrol.h:22:
In file included from ./include/linux/writeback.h:13:
In file included from ./include/linux/blk_types.h:11:
In file included from ./include/linux/device.h:31:
./include/linux/device/class.h:140:64: warning: declaration of 'struct device_node' will not be visible outside of this function [-Wvisibility]
  140 | class_find_device_by_of_node(struct class *class, const struct device_node *np)
      |                                                                ^
lib/iov_iter.c:627:9: error: call to undeclared function 'csum_block_add'; ISO C99 and later do not support implicit function declarations [-Wimplicit-function-declaration]
  627 |         return csum_block_add(sum, next, off);
      |                ^
In file included from kernel/reboot.c:17:
In file included from ./include/linux/suspend.h:5:
In file included from ./include/linux/swap.h:9:
In file included from ./include/linux/memcontrol.h:22:
In file included from ./include/linux/writeback.h:13:
In file included from ./include/linux/blk_types.h:11:
In file included from ./include/linux/device.h:32:
./include/linux/device/driver.h:185:23: warning: declaration of 'struct device_node' will not be visible outside of this function [-Wvisibility]
  185 |                               const struct device_node *np)
      |                                            ^
In file included from mm/memory.c:58:
./include/linux/delayacct.h:27:44: warning: declaration of 'struct taskstats' will not be visible outside of this function [-Wvisibility]
   27 | static inline int delayacct_add_tsk(struct taskstats *d,
      |                                            ^
In file included from kernel/reboot.c:18:
./include/linux/syscalls.h:131:49: warning: declaration of 'struct trace_event_call' will not be visible outside of this function [-Wvisibility]
  131 | static inline int is_syscall_trace_event(struct trace_event_call *tp_event)
      |                                                 ^
kernel/reboot.c:229:2: error: call to undeclared function 'cpu_hotplug_disable'; ISO C99 and later do not support implicit function declarations [-Wimplicit-function-declaration]
  229 |         cpu_hotplug_disable();
      |         ^
2 errors generated.
make[1]: *** [scripts/Makefile.build:249: lib/iov_iter.o] Error 1
make[1]: Target '__build' not remade because of errors.
make: *** [Makefile:1839: lib] Error 2
5 warnings and 1 error generated.
  CC      mm/slub.o
make[1]: *** [scripts/Makefile.build:249: kernel/reboot.o] Error 1
make[1]: Target '__build' not remade because of errors.
make: *** [Makefile:1839: kernel] Error 2
mm/memory.c:169:2: error: call to undeclared function 'trace_rss_stat'; ISO C99 and later do not support implicit function declarations [-Wimplicit-function-declaration]
  169 |         trace_rss_stat(mm, member, count);
      |         ^
mm/memory.c:169:2: note: did you mean 'mm_trace_rss_stat'?
mm/memory.c:167:6: note: 'mm_trace_rss_stat' declared here
  167 | void mm_trace_rss_stat(struct mm_struct *mm, int member, long count)
      |      ^
  168 | {
  169 |         trace_rss_stat(mm, member, count);
      |         ~~~~~~~~~~~~~~
      |         mm_trace_rss_stat
5 warnings and 1 error generated.
make[1]: *** [scripts/Makefile.build:249: mm/memory.o] Error 1
In file included from mm/mmap.c:14:
In file included from ./include/linux/backing-dev.h:15:
In file included from ./include/linux/device.h:30:
./include/linux/device/bus.h:190:63: warning: declaration of 'struct device_node' will not be visible outside of this function [-Wvisibility]
  190 | bus_find_device_by_of_node(struct bus_type *bus, const struct device_node *np)
      |                                                               ^
In file included from mm/mmap.c:14:
In file included from ./include/linux/backing-dev.h:15:
In file included from ./include/linux/device.h:31:
./include/linux/device/class.h:140:64: warning: declaration of 'struct device_node' will not be visible outside of this function [-Wvisibility]
  140 | class_find_device_by_of_node(struct class *class, const struct device_node *np)
      |                                                                ^
In file included from mm/mmap.c:14:
In file included from ./include/linux/backing-dev.h:15:
In file included from ./include/linux/device.h:32:
./include/linux/device/driver.h:185:23: warning: declaration of 'struct device_node' will not be visible outside of this function [-Wvisibility]
  185 |                               const struct device_node *np)
      |                                            ^
In file included from mm/page_alloc.c:21:
In file included from ./include/linux/swap.h:9:
In file included from ./include/linux/memcontrol.h:13:
./include/linux/cgroup.h:41:44: warning: declaration of 'struct cgroupstats' will not be visible outside of this function [-Wvisibility]
   41 | static inline int cgroupstats_build(struct cgroupstats *stats,
      |                                            ^
In file included from mm/page_alloc.c:21:
In file included from ./include/linux/swap.h:9:
In file included from ./include/linux/memcontrol.h:22:
In file included from ./include/linux/writeback.h:13:
In file included from ./include/linux/blk_types.h:11:
In file included from ./include/linux/device.h:30:
./include/linux/device/bus.h:190:63: warning: declaration of 'struct device_node' will not be visible outside of this function [-Wvisibility]
  190 | bus_find_device_by_of_node(struct bus_type *bus, const struct device_node *np)
      |                                                               ^
In file included from mm/page_alloc.c:21:
In file included from ./include/linux/swap.h:9:
In file included from ./include/linux/memcontrol.h:22:
In file included from ./include/linux/writeback.h:13:
In file included from ./include/linux/blk_types.h:11:
In file included from ./include/linux/device.h:31:
./include/linux/device/class.h:140:64: warning: declaration of 'struct device_node' will not be visible outside of this function [-Wvisibility]
  140 | class_find_device_by_of_node(struct class *class, const struct device_node *np)
      |                                                                ^
In file included from mm/page_alloc.c:21:
In file included from ./include/linux/swap.h:9:
In file included from ./include/linux/memcontrol.h:22:
In file included from ./include/linux/writeback.h:13:
In file included from ./include/linux/blk_types.h:11:
In file included from ./include/linux/device.h:32:
./include/linux/device/driver.h:185:23: warning: declaration of 'struct device_node' will not be visible outside of this function [-Wvisibility]
  185 |                               const struct device_node *np)
      |                                            ^
In file included from mm/rmap.c:59:
In file included from ./include/linux/swap.h:9:
In file included from ./include/linux/memcontrol.h:13:
./include/linux/cgroup.h:41:44: warning: declaration of 'struct cgroupstats' will not be visible outside of this function [-Wvisibility]
   41 | static inline int cgroupstats_build(struct cgroupstats *stats,
      |                                            ^
In file included from mm/rmap.c:59:
In file included from ./include/linux/swap.h:9:
In file included from ./include/linux/memcontrol.h:22:
In file included from ./include/linux/writeback.h:13:
In file included from ./include/linux/blk_types.h:11:
In file included from ./include/linux/device.h:30:
./include/linux/device/bus.h:190:63: warning: declaration of 'struct device_node' will not be visible outside of this function [-Wvisibility]
  190 | bus_find_device_by_of_node(struct bus_type *bus, const struct device_node *np)
      |                                                               ^
In file included from mm/rmap.c:59:
In file included from ./include/linux/swap.h:9:
In file included from ./include/linux/memcontrol.h:22:
In file included from ./include/linux/writeback.h:13:
In file included from ./include/linux/blk_types.h:11:
In file included from ./include/linux/device.h:31:
./include/linux/device/class.h:140:64: warning: declaration of 'struct device_node' will not be visible outside of this function [-Wvisibility]
  140 | class_find_device_by_of_node(struct class *class, const struct device_node *np)
      |                                                                ^
In file included from mm/rmap.c:59:
In file included from ./include/linux/swap.h:9:
In file included from ./include/linux/memcontrol.h:22:
In file included from ./include/linux/writeback.h:13:
In file included from ./include/linux/blk_types.h:11:
In file included from ./include/linux/device.h:32:
./include/linux/device/driver.h:185:23: warning: declaration of 'struct device_node' will not be visible outside of this function [-Wvisibility]
  185 |                               const struct device_node *np)
      |                                            ^
In file included from mm/page_alloc.c:33:
./include/linux/blkdev.h:281:39: warning: declaration of 'struct blk_zone' will not be visible outside of this function [-Wvisibility]
  281 | typedef int (*report_zones_cb)(struct blk_zone *zone, unsigned int idx,
      |                                       ^
In file included from mm/mmap.c:16:
In file included from ./include/linux/mm_inline.h:7:
In file included from ./include/linux/swap.h:9:
In file included from ./include/linux/memcontrol.h:13:
./include/linux/cgroup.h:41:44: warning: declaration of 'struct cgroupstats' will not be visible outside of this function [-Wvisibility]
   41 | static inline int cgroupstats_build(struct cgroupstats *stats,
      |                                            ^
In file included from mm/mmap.c:22:
./include/linux/syscalls.h:131:49: warning: declaration of 'struct trace_event_call' will not be visible outside of this function [-Wvisibility]
  131 | static inline int is_syscall_trace_event(struct trace_event_call *tp_event)
      |                                                 ^
In file included from mm/page_alloc.c:71:
In file included from ./include/linux/psi.h:8:
./include/linux/poll.h:136:9: warning: '__POLL_MAP' macro redefined [-Wmacro-redefined]
  136 | #define __POLL_MAP(v, from, to) ((v & to) ? from : 0)
      |         ^
./include/linux/poll.h:123:9: note: previous definition is here
  123 | #define __POLL_MAP(v, from, to) \
      |         ^
In file included from mm/page_alloc.c:75:
./include/linux/delayacct.h:27:44: warning: declaration of 'struct taskstats' will not be visible outside of this function [-Wvisibility]
   27 | static inline int delayacct_add_tsk(struct taskstats *d,
      |                                            ^
mm/rmap.c:1961:4: error: call to undeclared function 'trace_set_migration_pte'; ISO C99 and later do not support implicit function declarations [-Wimplicit-function-declaration]
 1961 |                         trace_set_migration_pte(pvmw.address, pte_val(swp_pte),
      |                         ^
mm/rmap.c:2045:4: error: call to undeclared function 'trace_set_migration_pte'; ISO C99 and later do not support implicit function declarations [-Wimplicit-function-declaration]
 2045 |                         trace_set_migration_pte(address, pte_val(swp_pte),
      |                         ^
mm/page_alloc.c:962:2: error: call to undeclared function 'trace_mm_page_free'; ISO C99 and later do not support implicit function declarations [-Wimplicit-function-declaration]
  962 |         trace_mm_page_free(page, order);
      |         ^
In file included from mm/slub.c:14:
In file included from ./include/linux/swap.h:9:
In file included from ./include/linux/memcontrol.h:13:
./include/linux/cgroup.h:41:44: warning: declaration of 'struct cgroupstats' will not be visible outside of this function [-Wvisibility]
   41 | static inline int cgroupstats_build(struct cgroupstats *stats,
      |                                            ^
mm/page_alloc.c:1145:4: error: call to undeclared function 'trace_mm_page_pcpu_drain'; ISO C99 and later do not support implicit function declarations [-Wimplicit-function-declaration]
 1145 |                         trace_mm_page_pcpu_drain(page, order, mt);
      |                         ^
4 warnings and 2 errors generated.
make[1]: *** [scripts/Makefile.build:249: mm/rmap.o] Error 1
In file included from mm/slub.c:14:
In file included from ./include/linux/swap.h:9:
In file included from ./include/linux/memcontrol.h:22:
In file included from ./include/linux/writeback.h:13:
In file included from ./include/linux/blk_types.h:11:
In file included from ./include/linux/device.h:30:
./include/linux/device/bus.h:190:63: warning: declaration of 'struct device_node' will not be visible outside of this function [-Wvisibility]
  190 | bus_find_device_by_of_node(struct bus_type *bus, const struct device_node *np)
      |                                                               ^
mm/page_alloc.c:1595:3: error: call to undeclared function 'trace_mm_page_alloc_zone_locked'; ISO C99 and later do not support implicit function declarations [-Wimplicit-function-declaration]
 1595 |                 trace_mm_page_alloc_zone_locked(page, order, migratetype,
      |                 ^
In file included from mm/slub.c:14:
In file included from ./include/linux/swap.h:9:
In file included from ./include/linux/memcontrol.h:22:
In file included from ./include/linux/writeback.h:13:
In file included from ./include/linux/blk_types.h:11:
In file included from ./include/linux/device.h:31:
./include/linux/device/class.h:140:64: warning: declaration of 'struct device_node' will not be visible outside of this function [-Wvisibility]
  140 | class_find_device_by_of_node(struct class *class, const struct device_node *np)
      |                                                                ^
mm/page_alloc.c:2085:2: error: call to undeclared function 'trace_mm_page_alloc_extfrag'; ISO C99 and later do not support implicit function declarations [-Wimplicit-function-declaration]
 2085 |         trace_mm_page_alloc_extfrag(page, order, current_order,
      |         ^
In file included from mm/slub.c:14:
In file included from ./include/linux/swap.h:9:
In file included from ./include/linux/memcontrol.h:22:
In file included from ./include/linux/writeback.h:13:
In file included from ./include/linux/blk_types.h:11:
In file included from ./include/linux/device.h:32:
./include/linux/device/driver.h:185:23: warning: declaration of 'struct device_node' will not be visible outside of this function [-Wvisibility]
  185 |                               const struct device_node *np)
      |                                            ^
mm/mmap.c:1979:2: error: call to undeclared function 'trace_vm_unmapped_area'; ISO C99 and later do not support implicit function declarations [-Wimplicit-function-declaration]
 1979 |         trace_vm_unmapped_area(addr, info);
      |         ^
mm/page_alloc.c:2519:3: error: call to undeclared function 'trace_mm_page_free_batched'; ISO C99 and later do not support implicit function declarations [-Wimplicit-function-declaration]
 2519 |                 trace_mm_page_free_batched(page);
      |                 ^
5 warnings and 1 error generated.
mm/page_alloc.c:3524:3: error: call to undeclared function 'trace_reclaim_retry_zone'; ISO C99 and later do not support implicit function declarations [-Wimplicit-function-declaration]
 3524 |                 trace_reclaim_retry_zone(z, order, reclaimable,
      |                 ^
make[1]: *** [scripts/Makefile.build:249: mm/mmap.o] Error 1
mm/page_alloc.c:4111:2: error: call to undeclared function 'trace_mm_page_alloc'; ISO C99 and later do not support implicit function declarations [-Wimplicit-function-declaration]
 4111 |         trace_mm_page_alloc(page, order, alloc_gfp, ac.migratetype);
      |         ^
In file included from mm/slub.c:40:
./include/kunit/test.h:509:24: warning: declaration of 'struct kunit_loc' will not be visible outside of this function [-Wvisibility]
  509 |                                const struct kunit_loc *loc,
      |                                             ^
./include/kunit/test.h:510:16: warning: declaration of 'enum kunit_assert_type' will not be visible outside of this function [-Wvisibility]
  510 |                                enum kunit_assert_type type,
      |                                     ^
./include/kunit/test.h:511:24: warning: declaration of 'struct kunit_assert' will not be visible outside of this function [-Wvisibility]
  511 |                                const struct kunit_assert *assert,
      |                                             ^
mm/slub.c:1691:2: error: call to undeclared function 'trace_kmem_cache_alloc'; ISO C99 and later do not support implicit function declarations [-Wimplicit-function-declaration]
 1691 |         trace_kmem_cache_alloc(_RET_IP_, ret, s->object_size,
      |         ^
mm/slub.c:1691:2: note: did you mean 'kmem_cache_alloc'?
./include/linux/slab.h:373:7: note: 'kmem_cache_alloc' declared here
  373 | void *kmem_cache_alloc(struct kmem_cache *s, gfp_t flags) __assume_slab_alignment __malloc;
      |       ^
mm/slub.c:1913:2: error: call to undeclared function 'trace_kmem_cache_free'; ISO C99 and later do not support implicit function declarations [-Wimplicit-function-declaration]
 1913 |         trace_kmem_cache_free(_RET_IP_, x, s->name);
      |         ^
mm/slub.c:1913:2: note: did you mean 'kmem_cache_free'?
mm/slub.c:1908:6: note: 'kmem_cache_free' declared here
 1908 | void kmem_cache_free(struct kmem_cache *s, void *x)
      |      ^
 1909 | {
 1910 |         s = cache_from_obj(s, x);
 1911 |         if (!s)
 1912 |                 return;
 1913 |         trace_kmem_cache_free(_RET_IP_, x, s->name);
      7|  warning        ~~~~~~~~~~~~~~~~~~~~~s
 and       7|         kmem_cache_free
 errors generated.
make[1]: *** [scripts/Makefile.build:249: mm/page_alloc.o] Error 1
mm/slub.c:2638:2: error: call to undeclared function 'trace_kmalloc'; ISO C99 and later do not support implicit function declarations [-Wimplicit-function-declaration]
 2638 |         trace_kmalloc(_RET_IP_, ret, size, s->size, flags);
      |         ^
mm/slub.c:2670:2: error: call to undeclared function 'trace_kfree'; ISO C99 and later do not support implicit function declarations [-Wimplicit-function-declaration]
 2670 |         trace_kfree(_RET_IP_, x);
      |         ^
mm/slub.c:3044:2: error: call to undeclared function 'trace_kmalloc'; ISO C99 and later do not support implicit function declarations [-Wimplicit-function-declaration]
 3044 |         trace_kmalloc(caller, ret, size, s->size, gfpflags);
      |         ^
7 warnings and 5 errors generated.
make[1]: *** [scripts/Makefile.build:249: mm/slub.o] Error 1
make[1]: Target '__build' not remade because of errors.
make: *** [Makefile:1839: mm] Error 2
make: Target '__all' not remade because of errors.
